{"numTotalTestSuites":13,"numPassedTestSuites":13,"numFailedTestSuites":0,"numPendingTestSuites":0,"numTotalTests":27,"numPassedTests":27,"numFailedTests":0,"numPendingTests":0,"numTodoTests":0,"snapshot":{"added":0,"failure":false,"filesAdded":0,"filesRemoved":0,"filesRemovedList":[],"filesUnmatched":0,"filesUpdated":0,"matched":0,"total":0,"unchecked":0,"uncheckedKeysByFile":[],"unmatched":0,"updated":0,"didUpdate":false},"startTime":1760016951230,"success":true,"testResults":[{"assertionResults":[{"ancestorTitles":["Quest Progress Calculation","calculateLinkedQuestProgress"],"fullName":"Quest Progress Calculation calculateLinkedQuestProgress should calculate progress for a completed linked quest","status":"passed","title":"should calculate progress for a completed linked quest","duration":3.1865999999999985,"failureMessages":[],"meta":{}},{"ancestorTitles":["Quest Progress Calculation","calculateLinkedQuestProgress"],"fullName":"Quest Progress Calculation calculateLinkedQuestProgress should calculate progress for an active linked quest with simulated progress","status":"passed","title":"should calculate progress for an active linked quest with simulated progress","duration":0.76299999999992,"failureMessages":[],"meta":{}},{"ancestorTitles":["Quest Progress Calculation","calculateLinkedQuestProgress"],"fullName":"Quest Progress Calculation calculateLinkedQuestProgress should handle linked quest with no linked items","status":"passed","title":"should handle linked quest with no linked items","duration":0.5772999999999229,"failureMessages":[],"meta":{}},{"ancestorTitles":["Quest Progress Calculation","calculateLinkedQuestProgress"],"fullName":"Quest Progress Calculation calculateLinkedQuestProgress should throw error for non-linked quest","status":"passed","title":"should throw error for non-linked quest","duration":1.4891999999999825,"failureMessages":[],"meta":{}},{"ancestorTitles":["Quest Progress Calculation","calculateQuantitativeQuestProgress"],"fullName":"Quest Progress Calculation calculateQuantitativeQuestProgress should calculate progress for a completed quantitative quest","status":"passed","title":"should calculate progress for a completed quantitative quest","duration":0.8183000000003631,"failureMessages":[],"meta":{}},{"ancestorTitles":["Quest Progress Calculation","calculateQuantitativeQuestProgress"],"fullName":"Quest Progress Calculation calculateQuantitativeQuestProgress should calculate progress for an active quantitative quest with simulated progress","status":"passed","title":"should calculate progress for an active quantitative quest with simulated progress","duration":0.6905000000001564,"failureMessages":[],"meta":{}},{"ancestorTitles":["Quest Progress Calculation","calculateQuantitativeQuestProgress"],"fullName":"Quest Progress Calculation calculateQuantitativeQuestProgress should handle quantitative quest with no progress","status":"passed","title":"should handle quantitative quest with no progress","duration":0.5181999999999789,"failureMessages":[],"meta":{}},{"ancestorTitles":["Quest Progress Calculation","calculateQuantitativeQuestProgress"],"fullName":"Quest Progress Calculation calculateQuantitativeQuestProgress should throw error for non-quantitative quest","status":"passed","title":"should throw error for non-quantitative quest","duration":0.5828999999998814,"failureMessages":[],"meta":{}},{"ancestorTitles":["Quest Progress Calculation","calculateQuantitativeQuestProgress"],"fullName":"Quest Progress Calculation calculateQuantitativeQuestProgress should throw error for invalid target count","status":"passed","title":"should throw error for invalid target count","duration":0.6403000000000247,"failureMessages":[],"meta":{}},{"ancestorTitles":["Quest Progress Calculation","calculateQuantitativeQuestProgress"],"fullName":"Quest Progress Calculation calculateQuantitativeQuestProgress should throw error for missing count scope","status":"passed","title":"should throw error for missing count scope","duration":0.49040000000013606,"failureMessages":[],"meta":{}},{"ancestorTitles":["Quest Progress Calculation","calculateQuantitativeQuestProgress"],"fullName":"Quest Progress Calculation calculateQuantitativeQuestProgress should throw error for invalid period","status":"passed","title":"should throw error for invalid period","duration":0.4598000000000866,"failureMessages":[],"meta":{}},{"ancestorTitles":["Quest Progress Calculation","calculateQuestProgress"],"fullName":"Quest Progress Calculation calculateQuestProgress should calculate progress for linked quest","status":"passed","title":"should calculate progress for linked quest","duration":0.471599999999853,"failureMessages":[],"meta":{}},{"ancestorTitles":["Quest Progress Calculation","calculateQuestProgress"],"fullName":"Quest Progress Calculation calculateQuestProgress should calculate progress for quantitative quest","status":"passed","title":"should calculate progress for quantitative quest","duration":0.3811000000000604,"failureMessages":[],"meta":{}},{"ancestorTitles":["Quest Progress Calculation","calculateQuestProgress"],"fullName":"Quest Progress Calculation calculateQuestProgress should handle unsupported quest kind gracefully","status":"passed","title":"should handle unsupported quest kind gracefully","duration":0.4131000000002132,"failureMessages":[],"meta":{}},{"ancestorTitles":["Quest Progress Calculation","calculateQuestProgress"],"fullName":"Quest Progress Calculation calculateQuestProgress should handle calculation errors gracefully","status":"passed","title":"should handle calculation errors gracefully","duration":0.42000000000007276,"failureMessages":[],"meta":{}},{"ancestorTitles":["Quest Progress Calculation","calculateDetailedQuestProgress"],"fullName":"Quest Progress Calculation calculateDetailedQuestProgress should return detailed progress for linked quest","status":"passed","title":"should return detailed progress for linked quest","duration":0.42099999999982174,"failureMessages":[],"meta":{}},{"ancestorTitles":["Quest Progress Calculation","calculateDetailedQuestProgress"],"fullName":"Quest Progress Calculation calculateDetailedQuestProgress should return detailed progress for quantitative quest","status":"passed","title":"should return detailed progress for quantitative quest","duration":0.4832000000001244,"failureMessages":[],"meta":{}},{"ancestorTitles":["Quest Progress Calculation","Formatting Functions","formatProgressPercentage"],"fullName":"Quest Progress Calculation Formatting Functions formatProgressPercentage should format percentage correctly","status":"passed","title":"should format percentage correctly","duration":0.38040000000000873,"failureMessages":[],"meta":{}},{"ancestorTitles":["Quest Progress Calculation","Formatting Functions","formatRemainingCount"],"fullName":"Quest Progress Calculation Formatting Functions formatRemainingCount should format remaining count correctly","status":"passed","title":"should format remaining count correctly","duration":0.41879999999991924,"failureMessages":[],"meta":{}},{"ancestorTitles":["Quest Progress Calculation","Formatting Functions","formatEstimatedCompletion"],"fullName":"Quest Progress Calculation Formatting Functions formatEstimatedCompletion should format estimated completion correctly","status":"passed","title":"should format estimated completion correctly","duration":0.47329999999965366,"failureMessages":[],"meta":{}},{"ancestorTitles":["Quest Progress Calculation","Formatting Functions","getProgressStatusColorClass"],"fullName":"Quest Progress Calculation Formatting Functions getProgressStatusColorClass should return correct color classes","status":"passed","title":"should return correct color classes","duration":0.3843000000001666,"failureMessages":[],"meta":{}},{"ancestorTitles":["Quest Progress Calculation","Formatting Functions","getProgressStatusIcon"],"fullName":"Quest Progress Calculation Formatting Functions getProgressStatusIcon should return correct icons","status":"passed","title":"should return correct icons","duration":0.38000000000010914,"failureMessages":[],"meta":{}},{"ancestorTitles":["Quest Progress Calculation","validateQuestProgress"],"fullName":"Quest Progress Calculation validateQuestProgress should validate correct progress data","status":"passed","title":"should validate correct progress data","duration":0.36209999999982756,"failureMessages":[],"meta":{}},{"ancestorTitles":["Quest Progress Calculation","validateQuestProgress"],"fullName":"Quest Progress Calculation validateQuestProgress should reject invalid percentage","status":"passed","title":"should reject invalid percentage","duration":0.2957000000001244,"failureMessages":[],"meta":{}},{"ancestorTitles":["Quest Progress Calculation","validateQuestProgress"],"fullName":"Quest Progress Calculation validateQuestProgress should reject invalid status","status":"passed","title":"should reject invalid status","duration":0.23889999999983047,"failureMessages":[],"meta":{}},{"ancestorTitles":["Quest Progress Calculation","validateQuestProgress"],"fullName":"Quest Progress Calculation validateQuestProgress should reject negative counts","status":"passed","title":"should reject negative counts","duration":0.23430000000007567,"failureMessages":[],"meta":{}},{"ancestorTitles":["Quest Progress Calculation","validateQuestProgress"],"fullName":"Quest Progress Calculation validateQuestProgress should reject invalid lastUpdated","status":"passed","title":"should reject invalid lastUpdated","duration":0.27589999999963766,"failureMessages":[],"meta":{}}],"startTime":1760016954121,"endTime":1760016954140.276,"status":"passed","message":"","name":"C:/Projetos/GoalsGuild/questbound-forge/frontend/src/lib/__tests__/questProgress.test.ts"}]}