{"numTotalTestSuites":9,"numPassedTestSuites":9,"numFailedTestSuites":0,"numPendingTestSuites":0,"numTotalTests":23,"numPassedTests":23,"numFailedTests":0,"numPendingTests":0,"numTodoTests":0,"snapshot":{"added":0,"failure":false,"filesAdded":0,"filesRemoved":0,"filesRemovedList":[],"filesUnmatched":0,"filesUpdated":0,"matched":0,"total":0,"unchecked":0,"uncheckedKeysByFile":[],"unmatched":0,"updated":0,"didUpdate":false},"startTime":1760144922037,"success":true,"testResults":[{"assertionResults":[{"ancestorTitles":["QuestTemplateCreate","Rendering"],"fullName":"QuestTemplateCreate Rendering renders the template creation form","status":"passed","title":"renders the template creation form","duration":150.4348,"failureMessages":[],"meta":{}},{"ancestorTitles":["QuestTemplateCreate","Rendering"],"fullName":"QuestTemplateCreate Rendering renders the step progress indicator","status":"passed","title":"renders the step progress indicator","duration":77.02440000000024,"failureMessages":[],"meta":{}},{"ancestorTitles":["QuestTemplateCreate","Rendering"],"fullName":"QuestTemplateCreate Rendering renders the first step form fields","status":"passed","title":"renders the first step form fields","duration":76.3107,"failureMessages":[],"meta":{}},{"ancestorTitles":["QuestTemplateCreate","Form Validation"],"fullName":"QuestTemplateCreate Form Validation shows validation errors for required fields","status":"passed","title":"shows validation errors for required fields","duration":112.51580000000013,"failureMessages":[],"meta":{}},{"ancestorTitles":["QuestTemplateCreate","Form Validation"],"fullName":"QuestTemplateCreate Form Validation validates title length","status":"passed","title":"validates title length","duration":122.21820000000025,"failureMessages":[],"meta":{}},{"ancestorTitles":["QuestTemplateCreate","Form Validation"],"fullName":"QuestTemplateCreate Form Validation validates description length","status":"passed","title":"validates description length","duration":110.1185000000005,"failureMessages":[],"meta":{}},{"ancestorTitles":["QuestTemplateCreate","Form Validation"],"fullName":"QuestTemplateCreate Form Validation shows calculated XP reward based on difficulty","status":"passed","title":"shows calculated XP reward based on difficulty","duration":214.14449999999943,"failureMessages":[],"meta":{}},{"ancestorTitles":["QuestTemplateCreate","Form Validation"],"fullName":"QuestTemplateCreate Form Validation updates XP reward when difficulty changes","status":"passed","title":"updates XP reward when difficulty changes","duration":327.8275999999996,"failureMessages":[],"meta":{}},{"ancestorTitles":["QuestTemplateCreate","Step Navigation"],"fullName":"QuestTemplateCreate Step Navigation navigates to next step when validation passes","status":"passed","title":"navigates to next step when validation passes","duration":203.85440000000017,"failureMessages":[],"meta":{}},{"ancestorTitles":["QuestTemplateCreate","Step Navigation"],"fullName":"QuestTemplateCreate Step Navigation navigates to previous step","status":"passed","title":"navigates to previous step","duration":227.33799999999974,"failureMessages":[],"meta":{}},{"ancestorTitles":["QuestTemplateCreate","Step Navigation"],"fullName":"QuestTemplateCreate Step Navigation disables previous button on first step","status":"passed","title":"disables previous button on first step","duration":48.66820000000007,"failureMessages":[],"meta":{}},{"ancestorTitles":["QuestTemplateCreate","Tag Management"],"fullName":"QuestTemplateCreate Tag Management adds tags when clicking add button","status":"passed","title":"adds tags when clicking add button","duration":237.0065999999997,"failureMessages":[],"meta":{}},{"ancestorTitles":["QuestTemplateCreate","Tag Management"],"fullName":"QuestTemplateCreate Tag Management adds tags when pressing Enter","status":"passed","title":"adds tags when pressing Enter","duration":229.27910000000065,"failureMessages":[],"meta":{}},{"ancestorTitles":["QuestTemplateCreate","Tag Management"],"fullName":"QuestTemplateCreate Tag Management removes tags when clicking remove button","status":"passed","title":"removes tags when clicking remove button","duration":344.16879999999946,"failureMessages":[],"meta":{}},{"ancestorTitles":["QuestTemplateCreate","Tag Management"],"fullName":"QuestTemplateCreate Tag Management limits tags to maximum of 10","status":"passed","title":"limits tags to maximum of 10","duration":470.6364000000003,"failureMessages":[],"meta":{}},{"ancestorTitles":["QuestTemplateCreate","Template Creation"],"fullName":"QuestTemplateCreate Template Creation creates template when form is valid","status":"passed","title":"creates template when form is valid","duration":227.68860000000132,"failureMessages":[],"meta":{}},{"ancestorTitles":["QuestTemplateCreate","Template Creation"],"fullName":"QuestTemplateCreate Template Creation shows loading state during template creation","status":"passed","title":"shows loading state during template creation","duration":234.80359999999928,"failureMessages":[],"meta":{}},{"ancestorTitles":["QuestTemplateCreate","Template Creation"],"fullName":"QuestTemplateCreate Template Creation shows error message when template creation fails","status":"passed","title":"shows error message when template creation fails","duration":50.39379999999983,"failureMessages":[],"meta":{}},{"ancestorTitles":["QuestTemplateCreate","Accessibility"],"fullName":"QuestTemplateCreate Accessibility has proper ARIA labels for form fields","status":"passed","title":"has proper ARIA labels for form fields","duration":44.4994999999999,"failureMessages":[],"meta":{}},{"ancestorTitles":["QuestTemplateCreate","Accessibility"],"fullName":"QuestTemplateCreate Accessibility announces validation errors to screen readers","status":"passed","title":"announces validation errors to screen readers","duration":75.09560000000056,"failureMessages":[],"meta":{}},{"ancestorTitles":["QuestTemplateCreate","Accessibility"],"fullName":"QuestTemplateCreate Accessibility has proper live region for announcements","status":"passed","title":"has proper live region for announcements","duration":36.81290000000081,"failureMessages":[],"meta":{}},{"ancestorTitles":["QuestTemplateCreate","Progress Indicator"],"fullName":"QuestTemplateCreate Progress Indicator shows correct progress percentage","status":"passed","title":"shows correct progress percentage","duration":40.874799999999595,"failureMessages":[],"meta":{}},{"ancestorTitles":["QuestTemplateCreate","Progress Indicator"],"fullName":"QuestTemplateCreate Progress Indicator updates progress when navigating steps","status":"passed","title":"updates progress when navigating steps","duration":163.90350000000035,"failureMessages":[],"meta":{}}],"startTime":1760144928567,"endTime":1760144932400.9036,"status":"passed","message":"","name":"C:/Projetos/GoalsGuild/questbound-forge/frontend/src/pages/quests/__tests__/QuestTemplateCreate.test.tsx"}]}