{"numTotalTestSuites":506,"numPassedTestSuites":506,"numFailedTestSuites":0,"numPendingTestSuites":0,"numTotalTests":1399,"numPassedTests":1200,"numFailedTests":0,"numPendingTests":199,"numTodoTests":0,"snapshot":{"added":0,"failure":false,"filesAdded":0,"filesRemoved":0,"filesRemovedList":[],"filesUnmatched":0,"filesUpdated":0,"matched":0,"total":0,"unchecked":0,"uncheckedKeysByFile":[],"unmatched":0,"updated":0,"didUpdate":false},"startTime":1769962607730,"success":true,"testResults":[{"assertionResults":[{"ancestorTitles":["App"],"fullName":"App renders all providers and components","status":"passed","title":"renders all providers and components","duration":72.53112500000043,"failureMessages":[],"meta":{}},{"ancestorTitles":["App"],"fullName":"App renders Index page on root path","status":"passed","title":"renders Index page on root path","duration":14.061125000000175,"failureMessages":[],"meta":{}},{"ancestorTitles":["App"],"fullName":"App renders Dashboard page on /dashboard path with protection","status":"passed","title":"renders Dashboard page on /dashboard path with protection","duration":110.67191699999967,"failureMessages":[],"meta":{}},{"ancestorTitles":["App"],"fullName":"App renders ChangePassword page on /account/change-password path with protection","status":"passed","title":"renders ChangePassword page on /account/change-password path with protection","duration":32.91741699999966,"failureMessages":[],"meta":{}},{"ancestorTitles":["App"],"fullName":"App renders Login page on /login/Login path","status":"passed","title":"renders Login page on /login/Login path","duration":10.862291000000369,"failureMessages":[],"meta":{}},{"ancestorTitles":["App"],"fullName":"App renders LocalSignup page on /signup/LocalSignUp path","status":"passed","title":"renders LocalSignup page on /signup/LocalSignUp path","duration":5.539499999999862,"failureMessages":[],"meta":{}},{"ancestorTitles":["App"],"fullName":"App renders NotFound page for unknown paths","status":"passed","title":"renders NotFound page for unknown paths","duration":5.15783300000021,"failureMessages":[],"meta":{}}],"startTime":1769962629253,"endTime":1769962629504.1577,"status":"passed","message":"","name":"/Volumes/macdisk2/Projetos/GoalsGuild/questbound-forge/apps/frontend/src/App.test.tsx"},{"assertionResults":[{"ancestorTitles":["main.tsx"],"fullName":"main.tsx imports amplifyClient configuration","status":"passed","title":"imports amplifyClient configuration","duration":178.678625,"failureMessages":[],"meta":{}},{"ancestorTitles":["main.tsx"],"fullName":"main.tsx imports index.css","status":"passed","title":"imports index.css","duration":0.30299999999999727,"failureMessages":[],"meta":{}},{"ancestorTitles":["main.tsx"],"fullName":"main.tsx creates root and renders App component","status":"passed","title":"creates root and renders App component","duration":0.41508299999998144,"failureMessages":[],"meta":{}},{"ancestorTitles":["main.tsx"],"fullName":"main.tsx handles missing root element gracefully","status":"passed","title":"handles missing root element gracefully","duration":0.18229200000007495,"failureMessages":[],"meta":{}}],"startTime":1769962624473,"endTime":1769962624652.415,"status":"passed","message":"","name":"/Volumes/macdisk2/Projetos/GoalsGuild/questbound-forge/apps/frontend/src/main.test.tsx"},{"assertionResults":[{"ancestorTitles":["App router guard placement"],"fullName":"App router guard placement AuthWatcher mounts within a Router (no useNavigate context errors)","status":"passed","title":"AuthWatcher mounts within a Router (no useNavigate context errors)","duration":203.60166599999957,"failureMessages":[],"meta":{}}],"startTime":1769962629091,"endTime":1769962629294.6016,"status":"passed","message":"","name":"/Volumes/macdisk2/Projetos/GoalsGuild/questbound-forge/apps/frontend/src/__tests__/app.guard.test.tsx"},{"assertionResults":[{"ancestorTitles":["JSON files are UTF-8 without BOM"],"fullName":"JSON files are UTF-8 without BOM should not contain a UTF-8 BOM (﻿) prefix","status":"passed","title":"should not contain a UTF-8 BOM (﻿) prefix","duration":28.30783400000007,"failureMessages":[],"meta":{}}],"startTime":1769962626666,"endTime":1769962626694.3079,"status":"passed","message":"","name":"/Volumes/macdisk2/Projetos/GoalsGuild/questbound-forge/apps/frontend/src/__tests__/bom-json.test.ts"},{"assertionResults":[{"ancestorTitles":["frontend api lib"],"fullName":"frontend api lib createUser posts to /users/signup with payload","status":"passed","title":"createUser posts to /users/signup with payload","duration":4.743957999999907,"failureMessages":[],"meta":{}},{"ancestorTitles":["frontend api lib"],"fullName":"frontend api lib login posts to /users/login and returns token","status":"passed","title":"login posts to /users/login and returns token","duration":0.33024999999997817,"failureMessages":[],"meta":{}},{"ancestorTitles":["frontend api lib"],"fullName":"frontend api lib login surfaces API errors","status":"passed","title":"login surfaces API errors","duration":3.963792000000012,"failureMessages":[],"meta":{}},{"ancestorTitles":["frontend api lib"],"fullName":"frontend api lib login allows pending confirmation when flag is OFF","status":"passed","title":"login allows pending confirmation when flag is OFF","duration":2.7698749999999563,"failureMessages":[],"meta":{}},{"ancestorTitles":["frontend api lib"],"fullName":"frontend api lib authFetch attaches Authorization and x-api-key when available","status":"passed","title":"authFetch attaches Authorization and x-api-key when available","duration":7.9542920000000095,"failureMessages":[],"meta":{}},{"ancestorTitles":["frontend api lib"],"fullName":"frontend api lib authFetch throws when no token is available","status":"passed","title":"authFetch throws when no token is available","duration":5.89387499999998,"failureMessages":[],"meta":{}},{"ancestorTitles":["frontend api lib"],"fullName":"frontend api lib authFetch clears invalid tokens and throws before request","status":"passed","title":"authFetch clears invalid tokens and throws before request","duration":7.7574169999999185,"failureMessages":[],"meta":{}},{"ancestorTitles":["frontend api lib"],"fullName":"frontend api lib authFetch renews token when expiring soon","status":"passed","title":"authFetch renews token when expiring soon","duration":0.839917000000014,"failureMessages":[],"meta":{}},{"ancestorTitles":["frontend api lib"],"fullName":"frontend api lib authFetch clears auth if renew fails with 401","status":"passed","title":"authFetch clears auth if renew fails with 401","duration":0.5659580000000233,"failureMessages":[],"meta":{}},{"ancestorTitles":["frontend api lib"],"fullName":"frontend api lib createUser surfaces API errors","status":"passed","title":"createUser surfaces API errors","duration":0.42316599999992377,"failureMessages":[],"meta":{}},{"ancestorTitles":["frontend api lib"],"fullName":"frontend api lib normalizes pending status to active when flag is OFF","status":"passed","title":"normalizes pending status to active when flag is OFF","duration":4.417666999999938,"failureMessages":[],"meta":{}},{"ancestorTitles":["frontend api lib"],"fullName":"frontend api lib keeps pending status when flag is ON","status":"passed","title":"keeps pending status when flag is ON","duration":2.058332999999948,"failureMessages":[],"meta":{}},{"ancestorTitles":["frontend api lib"],"fullName":"frontend api lib isEmailAvailable returns true/false from GraphQL","status":"passed","title":"isEmailAvailable returns true/false from GraphQL","duration":0.7640410000000202,"failureMessages":[],"meta":{}},{"ancestorTitles":["frontend api lib"],"fullName":"frontend api lib isNicknameAvailable returns true/false from GraphQL","status":"passed","title":"isNicknameAvailable returns true/false from GraphQL","duration":0.515625,"failureMessages":[],"meta":{}},{"ancestorTitles":["frontend api lib"],"fullName":"frontend api lib getUserIdFromToken returns sub or email fallback","status":"passed","title":"getUserIdFromToken returns sub or email fallback","duration":0.34120800000005147,"failureMessages":[],"meta":{}},{"ancestorTitles":["frontend api lib"],"fullName":"frontend api lib getActiveGoalsCountForUser counts active goals","status":"passed","title":"getActiveGoalsCountForUser counts active goals","duration":0.2153329999999869,"failureMessages":[],"meta":{}},{"ancestorTitles":["frontend api lib"],"fullName":"frontend api lib getActiveGoalsCountForUser returns 0 on error","status":"passed","title":"getActiveGoalsCountForUser returns 0 on error","duration":0.2967080000000806,"failureMessages":[],"meta":{}},{"ancestorTitles":["frontend api lib","password reset API functions"],"fullName":"frontend api lib password reset API functions requestPasswordReset posts to /password/reset-request with email","status":"passed","title":"requestPasswordReset posts to /password/reset-request with email","duration":0.8787499999999682,"failureMessages":[],"meta":{}},{"ancestorTitles":["frontend api lib","password reset API functions"],"fullName":"frontend api lib password reset API functions requestPasswordReset includes x-api-key header when available","status":"passed","title":"requestPasswordReset includes x-api-key header when available","duration":0.48883299999999963,"failureMessages":[],"meta":{}},{"ancestorTitles":["frontend api lib","password reset API functions"],"fullName":"frontend api lib password reset API functions requestPasswordReset throws error when email not confirmed","status":"passed","title":"requestPasswordReset throws error when email not confirmed","duration":7.4090419999999995,"failureMessages":[],"meta":{}},{"ancestorTitles":["frontend api lib","password reset API functions"],"fullName":"frontend api lib password reset API functions requestPasswordReset throws error on network failure","status":"passed","title":"requestPasswordReset throws error on network failure","duration":1.6186669999999594,"failureMessages":[],"meta":{}},{"ancestorTitles":["frontend api lib","password reset API functions"],"fullName":"frontend api lib password reset API functions resetPassword posts to /password/change with reset_token","status":"passed","title":"resetPassword posts to /password/change with reset_token","duration":1.0602079999999887,"failureMessages":[],"meta":{}},{"ancestorTitles":["frontend api lib","password reset API functions"],"fullName":"frontend api lib password reset API functions resetPassword includes x-api-key header when available","status":"passed","title":"resetPassword includes x-api-key header when available","duration":0.620584000000008,"failureMessages":[],"meta":{}},{"ancestorTitles":["frontend api lib","password reset API functions"],"fullName":"frontend api lib password reset API functions resetPassword throws error for expired token","status":"passed","title":"resetPassword throws error for expired token","duration":0.7960419999999431,"failureMessages":[],"meta":{}},{"ancestorTitles":["frontend api lib","password reset API functions"],"fullName":"frontend api lib password reset API functions resetPassword throws error for invalid token","status":"passed","title":"resetPassword throws error for invalid token","duration":2.2817909999999983,"failureMessages":[],"meta":{}},{"ancestorTitles":["frontend api lib","password reset API functions"],"fullName":"frontend api lib password reset API functions resetPassword throws error for weak password","status":"passed","title":"resetPassword throws error for weak password","duration":0.7356250000000273,"failureMessages":[],"meta":{}}],"startTime":1769962626918,"endTime":1769962626977.7356,"status":"passed","message":"","name":"/Volumes/macdisk2/Projetos/GoalsGuild/questbound-forge/apps/frontend/src/lib/api.test.ts"},{"assertionResults":[{"ancestorTitles":["useQuestNotifications","Quest Event Notifications"],"fullName":"useQuestNotifications Quest Event Notifications should send quest started notification","status":"passed","title":"should send quest started notification","duration":14.604250000000093,"failureMessages":[],"meta":{}},{"ancestorTitles":["useQuestNotifications","Quest Event Notifications"],"fullName":"useQuestNotifications Quest Event Notifications should send quest completed notification","status":"passed","title":"should send quest completed notification","duration":8.909291999999937,"failureMessages":[],"meta":{}},{"ancestorTitles":["useQuestNotifications","Quest Event Notifications"],"fullName":"useQuestNotifications Quest Event Notifications should send quest failed notification","status":"passed","title":"should send quest failed notification","duration":2.0531250000000227,"failureMessages":[],"meta":{}},{"ancestorTitles":["useQuestNotifications","Quest Event Notifications"],"fullName":"useQuestNotifications Quest Event Notifications should send progress milestone notification","status":"passed","title":"should send progress milestone notification","duration":1.4192500000000337,"failureMessages":[],"meta":{}},{"ancestorTitles":["useQuestNotifications","Quest Event Notifications"],"fullName":"useQuestNotifications Quest Event Notifications should send deadline warning notification","status":"passed","title":"should send deadline warning notification","duration":3.1795410000000857,"failureMessages":[],"meta":{}},{"ancestorTitles":["useQuestNotifications","Quest Event Notifications"],"fullName":"useQuestNotifications Quest Event Notifications should send streak achieved notification","status":"passed","title":"should send streak achieved notification","duration":1.8235839999999826,"failureMessages":[],"meta":{}},{"ancestorTitles":["useQuestNotifications","Quest Event Notifications"],"fullName":"useQuestNotifications Quest Event Notifications should send challenge joined notification","status":"passed","title":"should send challenge joined notification","duration":4.836874999999964,"failureMessages":[],"meta":{}},{"ancestorTitles":["useQuestNotifications","Notification Preferences"],"fullName":"useQuestNotifications Notification Preferences should respect user notification preferences","status":"passed","title":"should respect user notification preferences","duration":2.3913330000000315,"failureMessages":[],"meta":{}},{"ancestorTitles":["useQuestNotifications","Error Handling"],"fullName":"useQuestNotifications Error Handling should handle notification errors gracefully","status":"passed","title":"should handle notification errors gracefully","duration":4.401292000000012,"failureMessages":[],"meta":{}}],"startTime":1769962626772,"endTime":1769962626815.4014,"status":"passed","message":"","name":"/Volumes/macdisk2/Projetos/GoalsGuild/questbound-forge/apps/frontend/src/__tests__/notifications/QuestNotifications.test.tsx"},{"assertionResults":[{"ancestorTitles":["questNotifications","getNotificationMessage"],"fullName":"questNotifications getNotificationMessage should return correct message for quest started","status":"passed","title":"should return correct message for quest started","duration":2.1759159999999156,"failureMessages":[],"meta":{}},{"ancestorTitles":["questNotifications","getNotificationMessage"],"fullName":"questNotifications getNotificationMessage should return correct message for quest completed","status":"passed","title":"should return correct message for quest completed","duration":1.4984580000000278,"failureMessages":[],"meta":{}},{"ancestorTitles":["questNotifications","getNotificationMessage"],"fullName":"questNotifications getNotificationMessage should return correct message for progress milestone","status":"passed","title":"should return correct message for progress milestone","duration":0.10662500000000819,"failureMessages":[],"meta":{}},{"ancestorTitles":["questNotifications","getNotificationMessage"],"fullName":"questNotifications getNotificationMessage should return correct message for streak achieved","status":"passed","title":"should return correct message for streak achieved","duration":0.0702080000000933,"failureMessages":[],"meta":{}},{"ancestorTitles":["questNotifications","shouldNotify"],"fullName":"questNotifications shouldNotify should return true when all preferences are enabled","status":"passed","title":"should return true when all preferences are enabled","duration":0.11566700000003038,"failureMessages":[],"meta":{}},{"ancestorTitles":["questNotifications","shouldNotify"],"fullName":"questNotifications shouldNotify should return false when specific event type is disabled","status":"passed","title":"should return false when specific event type is disabled","duration":0.07858300000009422,"failureMessages":[],"meta":{}},{"ancestorTitles":["questNotifications","shouldNotify"],"fullName":"questNotifications shouldNotify should return false when in-app notifications are disabled","status":"passed","title":"should return false when in-app notifications are disabled","duration":0.049999999999954525,"failureMessages":[],"meta":{}},{"ancestorTitles":["questNotifications","shouldNotify"],"fullName":"questNotifications shouldNotify should return false when user has no preferences","status":"passed","title":"should return false when user has no preferences","duration":0.048499999999989996,"failureMessages":[],"meta":{}},{"ancestorTitles":["questNotifications","shouldNotify"],"fullName":"questNotifications shouldNotify should return false when preferences object is incomplete","status":"passed","title":"should return false when preferences object is incomplete","duration":0.045999999999935426,"failureMessages":[],"meta":{}},{"ancestorTitles":["questNotifications","shouldNotify"],"fullName":"questNotifications shouldNotify should handle challengeJoined event type correctly","status":"passed","title":"should handle challengeJoined event type correctly","duration":0.06570899999996982,"failureMessages":[],"meta":{}}],"startTime":1769962628050,"endTime":1769962628055.0657,"status":"passed","message":"","name":"/Volumes/macdisk2/Projetos/GoalsGuild/questbound-forge/apps/frontend/src/__tests__/notifications/questNotifications.test.ts"},{"assertionResults":[{"ancestorTitles":["Goal Management Performance","GoalsList Performance"],"fullName":"Goal Management Performance GoalsList Performance renders large goal list efficiently","status":"passed","title":"renders large goal list efficiently","duration":43.378291999999874,"failureMessages":[],"meta":{}}],"startTime":1769962627057,"endTime":1769962627100.3782,"status":"passed","message":"","name":"/Volumes/macdisk2/Projetos/GoalsGuild/questbound-forge/apps/frontend/src/__tests__/performance/goalManagement.test.tsx"},{"assertionResults":[{"ancestorTitles":["Analytics Models","TrendDataPoint"],"fullName":"Analytics Models TrendDataPoint should create a valid TrendDataPoint","status":"passed","title":"should create a valid TrendDataPoint","duration":2.1711669999999685,"failureMessages":[],"meta":{}},{"ancestorTitles":["Analytics Models","TrendDataPoint"],"fullName":"Analytics Models TrendDataPoint should handle negative values","status":"passed","title":"should handle negative values","duration":0.3894999999999982,"failureMessages":[],"meta":{}},{"ancestorTitles":["Analytics Models","CategoryPerformance"],"fullName":"Analytics Models CategoryPerformance should create a valid CategoryPerformance","status":"passed","title":"should create a valid CategoryPerformance","duration":0.15729099999998652,"failureMessages":[],"meta":{}},{"ancestorTitles":["Analytics Models","CategoryPerformance"],"fullName":"Analytics Models CategoryPerformance should handle zero values","status":"passed","title":"should handle zero values","duration":0.0897499999999809,"failureMessages":[],"meta":{}},{"ancestorTitles":["Analytics Models","HourlyProductivity"],"fullName":"Analytics Models HourlyProductivity should create a valid HourlyProductivity","status":"passed","title":"should create a valid HourlyProductivity","duration":0.09729200000003857,"failureMessages":[],"meta":{}},{"ancestorTitles":["Analytics Models","HourlyProductivity"],"fullName":"Analytics Models HourlyProductivity should handle all hours of the day","status":"passed","title":"should handle all hours of the day","duration":0.24774999999999636,"failureMessages":[],"meta":{}},{"ancestorTitles":["Analytics Models","QuestAnalytics"],"fullName":"Analytics Models QuestAnalytics should create a valid QuestAnalytics","status":"passed","title":"should create a valid QuestAnalytics","duration":0.8874580000000378,"failureMessages":[],"meta":{}},{"ancestorTitles":["Analytics Models","QuestAnalytics"],"fullName":"Analytics Models QuestAnalytics should handle all period types","status":"passed","title":"should handle all period types","duration":0.09450000000003911,"failureMessages":[],"meta":{}},{"ancestorTitles":["Analytics Models","AnalyticsInsights"],"fullName":"Analytics Models AnalyticsInsights should create a valid AnalyticsInsights","status":"passed","title":"should create a valid AnalyticsInsights","duration":0.0957499999999527,"failureMessages":[],"meta":{}},{"ancestorTitles":["Analytics Models","AnalyticsInsights"],"fullName":"Analytics Models AnalyticsInsights should handle minimal insights","status":"passed","title":"should handle minimal insights","duration":0.10000000000002274,"failureMessages":[],"meta":{}},{"ancestorTitles":["Analytics Models","AnalyticsInsights"],"fullName":"Analytics Models AnalyticsInsights should handle all trend types","status":"passed","title":"should handle all trend types","duration":0.055375000000026375,"failureMessages":[],"meta":{}}],"startTime":1769962628965,"endTime":1769962628970.1,"status":"passed","message":"","name":"/Volumes/macdisk2/Projetos/GoalsGuild/questbound-forge/apps/frontend/src/models/__tests__/analytics.test.ts"},{"assertionResults":[{"ancestorTitles":["Quest Models","Type Definitions and Enums"],"fullName":"Quest Models Type Definitions and Enums should have correct QuestStatus values","status":"passed","title":"should have correct QuestStatus values","duration":2.4610420000000204,"failureMessages":[],"meta":{}},{"ancestorTitles":["Quest Models","Type Definitions and Enums"],"fullName":"Quest Models Type Definitions and Enums should have correct QuestDifficulty values","status":"passed","title":"should have correct QuestDifficulty values","duration":0.19700000000000273,"failureMessages":[],"meta":{}},{"ancestorTitles":["Quest Models","Type Definitions and Enums"],"fullName":"Quest Models Type Definitions and Enums should have correct QuestKind values","status":"passed","title":"should have correct QuestKind values","duration":0.13504100000000108,"failureMessages":[],"meta":{}},{"ancestorTitles":["Quest Models","Type Definitions and Enums"],"fullName":"Quest Models Type Definitions and Enums should have correct QuestCountScope values","status":"passed","title":"should have correct QuestCountScope values","duration":0.1042090000000826,"failureMessages":[],"meta":{}},{"ancestorTitles":["Quest Models","Type Definitions and Enums"],"fullName":"Quest Models Type Definitions and Enums should have correct QuestPrivacy values","status":"passed","title":"should have correct QuestPrivacy values","duration":0.14074999999991178,"failureMessages":[],"meta":{}},{"ancestorTitles":["Quest Models","Constants"],"fullName":"Quest Models Constants should have correct validation constants","status":"passed","title":"should have correct validation constants","duration":0.22562500000003638,"failureMessages":[],"meta":{}},{"ancestorTitles":["Quest Models","Constants"],"fullName":"Quest Models Constants should have exactly 12 quest categories","status":"passed","title":"should have exactly 12 quest categories","duration":0.7787909999999556,"failureMessages":[],"meta":{}},{"ancestorTitles":["Quest Models","Constants"],"fullName":"Quest Models Constants should have all expected category IDs","status":"passed","title":"should have all expected category IDs","duration":0.593166999999994,"failureMessages":[],"meta":{}},{"ancestorTitles":["Quest Models","Constants"],"fullName":"Quest Models Constants should have matching category names and IDs for simple categories","status":"passed","title":"should have matching category names and IDs for simple categories","duration":0.21604200000001583,"failureMessages":[],"meta":{}},{"ancestorTitles":["Quest Models","QuestStatusSchema"],"fullName":"Quest Models QuestStatusSchema should validate all valid status values","status":"passed","title":"should validate all valid status values","duration":1.377207999999996,"failureMessages":[],"meta":{}},{"ancestorTitles":["Quest Models","QuestStatusSchema"],"fullName":"Quest Models QuestStatusSchema should reject invalid status values","status":"passed","title":"should reject invalid status values","duration":0.9549579999999196,"failureMessages":[],"meta":{}},{"ancestorTitles":["Quest Models","QuestDifficultySchema"],"fullName":"Quest Models QuestDifficultySchema should validate all valid difficulty values","status":"passed","title":"should validate all valid difficulty values","duration":0.202083000000016,"failureMessages":[],"meta":{}},{"ancestorTitles":["Quest Models","QuestDifficultySchema"],"fullName":"Quest Models QuestDifficultySchema should reject invalid difficulty values","status":"passed","title":"should reject invalid difficulty values","duration":1.5542090000000144,"failureMessages":[],"meta":{}},{"ancestorTitles":["Quest Models","QuestKindSchema"],"fullName":"Quest Models QuestKindSchema should validate all valid kind values","status":"passed","title":"should validate all valid kind values","duration":0.12208299999997507,"failureMessages":[],"meta":{}},{"ancestorTitles":["Quest Models","QuestKindSchema"],"fullName":"Quest Models QuestKindSchema should reject invalid kind values","status":"passed","title":"should reject invalid kind values","duration":0.21987499999988813,"failureMessages":[],"meta":{}},{"ancestorTitles":["Quest Models","QuestTitleSchema"],"fullName":"Quest Models QuestTitleSchema should validate valid titles","status":"passed","title":"should validate valid titles","duration":0.3886250000000473,"failureMessages":[],"meta":{}},{"ancestorTitles":["Quest Models","QuestTitleSchema"],"fullName":"Quest Models QuestTitleSchema should reject titles that are too short","status":"passed","title":"should reject titles that are too short","duration":0.17074999999999818,"failureMessages":[],"meta":{}},{"ancestorTitles":["Quest Models","QuestTitleSchema"],"fullName":"Quest Models QuestTitleSchema should reject titles that are too long","status":"passed","title":"should reject titles that are too long","duration":0.0695419999999558,"failureMessages":[],"meta":{}},{"ancestorTitles":["Quest Models","QuestTitleSchema"],"fullName":"Quest Models QuestTitleSchema should trim whitespace from titles","status":"passed","title":"should trim whitespace from titles","duration":0.04045800000005784,"failureMessages":[],"meta":{}},{"ancestorTitles":["Quest Models","QuestDescriptionSchema"],"fullName":"Quest Models QuestDescriptionSchema should validate valid descriptions","status":"passed","title":"should validate valid descriptions","duration":0.09045800000001236,"failureMessages":[],"meta":{}},{"ancestorTitles":["Quest Models","QuestDescriptionSchema"],"fullName":"Quest Models QuestDescriptionSchema should allow undefined descriptions","status":"passed","title":"should allow undefined descriptions","duration":0.04600000000004911,"failureMessages":[],"meta":{}},{"ancestorTitles":["Quest Models","QuestDescriptionSchema"],"fullName":"Quest Models QuestDescriptionSchema should reject descriptions that are too long","status":"passed","title":"should reject descriptions that are too long","duration":0.057999999999992724,"failureMessages":[],"meta":{}},{"ancestorTitles":["Quest Models","QuestDescriptionSchema"],"fullName":"Quest Models QuestDescriptionSchema should trim whitespace and convert empty strings to undefined","status":"passed","title":"should trim whitespace and convert empty strings to undefined","duration":0.040875000000028194,"failureMessages":[],"meta":{}},{"ancestorTitles":["Quest Models","QuestCategorySchema"],"fullName":"Quest Models QuestCategorySchema should validate all valid category IDs","status":"passed","title":"should validate all valid category IDs","duration":0.24787499999990814,"failureMessages":[],"meta":{}},{"ancestorTitles":["Quest Models","QuestCategorySchema"],"fullName":"Quest Models QuestCategorySchema should reject invalid category IDs","status":"passed","title":"should reject invalid category IDs","duration":0.35195899999996527,"failureMessages":[],"meta":{}},{"ancestorTitles":["Quest Models","QuestTagsSchema"],"fullName":"Quest Models QuestTagsSchema should validate valid tag arrays","status":"passed","title":"should validate valid tag arrays","duration":0.5378749999999854,"failureMessages":[],"meta":{}},{"ancestorTitles":["Quest Models","QuestTagsSchema"],"fullName":"Quest Models QuestTagsSchema should reject tag arrays that are too large","status":"passed","title":"should reject tag arrays that are too large","duration":0.29695799999990413,"failureMessages":[],"meta":{}},{"ancestorTitles":["Quest Models","QuestTagsSchema"],"fullName":"Quest Models QuestTagsSchema should reject tags that are too long","status":"passed","title":"should reject tags that are too long","duration":0.2172089999999116,"failureMessages":[],"meta":{}},{"ancestorTitles":["Quest Models","QuestTagsSchema"],"fullName":"Quest Models QuestTagsSchema should default to empty array when no tags provided","status":"passed","title":"should default to empty array when no tags provided","duration":0.5717499999999518,"failureMessages":[],"meta":{}},{"ancestorTitles":["Quest Models","QuestTagsSchema"],"fullName":"Quest Models QuestTagsSchema should trim whitespace from tags","status":"passed","title":"should trim whitespace from tags","duration":0.1957919999999831,"failureMessages":[],"meta":{}},{"ancestorTitles":["Quest Models","QuestTagsSchema"],"fullName":"Quest Models QuestTagsSchema should reject arrays containing empty tags after trimming","status":"passed","title":"should reject arrays containing empty tags after trimming","duration":0.4836249999999609,"failureMessages":[],"meta":{}},{"ancestorTitles":["Quest Models","QuestRewardXpSchema"],"fullName":"Quest Models QuestRewardXpSchema should validate valid XP values","status":"passed","title":"should validate valid XP values","duration":0.3720829999999751,"failureMessages":[],"meta":{}},{"ancestorTitles":["Quest Models","QuestRewardXpSchema"],"fullName":"Quest Models QuestRewardXpSchema should reject negative XP values","status":"passed","title":"should reject negative XP values","duration":0.10379199999999855,"failureMessages":[],"meta":{}},{"ancestorTitles":["Quest Models","QuestRewardXpSchema"],"fullName":"Quest Models QuestRewardXpSchema should reject XP values that are too high","status":"passed","title":"should reject XP values that are too high","duration":0.06995800000004238,"failureMessages":[],"meta":{}},{"ancestorTitles":["Quest Models","QuestRewardXpSchema"],"fullName":"Quest Models QuestRewardXpSchema should reject non-integer XP values","status":"passed","title":"should reject non-integer XP values","duration":0.06741699999997763,"failureMessages":[],"meta":{}},{"ancestorTitles":["Quest Models","QuestRewardXpSchema"],"fullName":"Quest Models QuestRewardXpSchema should allow undefined reward XP","status":"passed","title":"should allow undefined reward XP","duration":0.03604100000006838,"failureMessages":[],"meta":{}},{"ancestorTitles":["Quest Models","QuestDeadlineSchema"],"fullName":"Quest Models QuestDeadlineSchema should validate future deadlines","status":"passed","title":"should validate future deadlines","duration":0.09100000000000819,"failureMessages":[],"meta":{}},{"ancestorTitles":["Quest Models","QuestDeadlineSchema"],"fullName":"Quest Models QuestDeadlineSchema should allow undefined deadlines","status":"passed","title":"should allow undefined deadlines","duration":0.2575409999999465,"failureMessages":[],"meta":{}},{"ancestorTitles":["Quest Models","QuestDeadlineSchema"],"fullName":"Quest Models QuestDeadlineSchema should reject past deadlines","status":"passed","title":"should reject past deadlines","duration":0.21262500000000273,"failureMessages":[],"meta":{}},{"ancestorTitles":["Quest Models","QuestDeadlineSchema"],"fullName":"Quest Models QuestDeadlineSchema should reject deadlines within 1 hour","status":"passed","title":"should reject deadlines within 1 hour","duration":0.18508299999996325,"failureMessages":[],"meta":{}},{"ancestorTitles":["Quest Models","QuestDeadlineSchema"],"fullName":"Quest Models QuestDeadlineSchema should reject non-integer timestamps","status":"passed","title":"should reject non-integer timestamps","duration":0.21416599999997743,"failureMessages":[],"meta":{}},{"ancestorTitles":["Quest Models","QuestCreateInputSchema"],"fullName":"Quest Models QuestCreateInputSchema should validate complete valid input","status":"passed","title":"should validate complete valid input","duration":0.7654589999999644,"failureMessages":[],"meta":{}},{"ancestorTitles":["Quest Models","QuestCreateInputSchema"],"fullName":"Quest Models QuestCreateInputSchema should validate with default values","status":"passed","title":"should validate with default values","duration":0.7493329999999787,"failureMessages":[],"meta":{}},{"ancestorTitles":["Quest Models","QuestCreateInputSchema"],"fullName":"Quest Models QuestCreateInputSchema should require all quantitative fields for quantitative quests","status":"passed","title":"should require all quantitative fields for quantitative quests","duration":0.33587499999998727,"failureMessages":[],"meta":{}},{"ancestorTitles":["Quest Models","QuestCreateInputSchema"],"fullName":"Quest Models QuestCreateInputSchema should allow linked quests without linked items initially","status":"passed","title":"should allow linked quests without linked items initially","duration":0.24258400000007896,"failureMessages":[],"meta":{}},{"ancestorTitles":["Quest Models","QuestCreateInputSchema"],"fullName":"Quest Models QuestCreateInputSchema should validate UUID format for linked IDs","status":"passed","title":"should validate UUID format for linked IDs","duration":0.5178339999999935,"failureMessages":[],"meta":{}},{"ancestorTitles":["Quest Models","QuestCreateInputSchema"],"fullName":"Quest Models QuestCreateInputSchema should apply defaults for optional fields","status":"passed","title":"should apply defaults for optional fields","duration":0.2775840000000471,"failureMessages":[],"meta":{}},{"ancestorTitles":["Quest Models","QuestUpdateInputSchema"],"fullName":"Quest Models QuestUpdateInputSchema should allow partial updates","status":"passed","title":"should allow partial updates","duration":0.21162500000002638,"failureMessages":[],"meta":{}},{"ancestorTitles":["Quest Models","QuestUpdateInputSchema"],"fullName":"Quest Models QuestUpdateInputSchema should validate title when provided","status":"passed","title":"should validate title when provided","duration":0.21787499999993543,"failureMessages":[],"meta":{}},{"ancestorTitles":["Quest Models","QuestCancelInputSchema"],"fullName":"Quest Models QuestCancelInputSchema should allow empty reason","status":"passed","title":"should allow empty reason","duration":0.12137499999994361,"failureMessages":[],"meta":{}},{"ancestorTitles":["Quest Models","QuestCancelInputSchema"],"fullName":"Quest Models QuestCancelInputSchema should allow valid reason","status":"passed","title":"should allow valid reason","duration":0.06512500000008004,"failureMessages":[],"meta":{}},{"ancestorTitles":["Quest Models","QuestCancelInputSchema"],"fullName":"Quest Models QuestCancelInputSchema should reject reason that is too long","status":"passed","title":"should reject reason that is too long","duration":0.08349999999995816,"failureMessages":[],"meta":{}},{"ancestorTitles":["Quest Models","QuestCancelInputSchema"],"fullName":"Quest Models QuestCancelInputSchema should trim reason whitespace","status":"passed","title":"should trim reason whitespace","duration":0.037249999999971806,"failureMessages":[],"meta":{}},{"ancestorTitles":["Quest Models","Category Helper Functions"],"fullName":"Quest Models Category Helper Functions should find category by valid ID","status":"passed","title":"should find category by valid ID","duration":0.06550000000004275,"failureMessages":[],"meta":{}},{"ancestorTitles":["Quest Models","Category Helper Functions"],"fullName":"Quest Models Category Helper Functions should return undefined for invalid category ID","status":"passed","title":"should return undefined for invalid category ID","duration":0.14983299999994415,"failureMessages":[],"meta":{}},{"ancestorTitles":["Quest Models","Category Helper Functions"],"fullName":"Quest Models Category Helper Functions should return correct category names","status":"passed","title":"should return correct category names","duration":2.095625000000041,"failureMessages":[],"meta":{}},{"ancestorTitles":["Quest Models","Status Helper Functions"],"fullName":"Quest Models Status Helper Functions should return correct i18n keys for all quest statuses","status":"passed","title":"should return correct i18n keys for all quest statuses","duration":0.3253750000000082,"failureMessages":[],"meta":{}},{"ancestorTitles":["Quest Models","Status Helper Functions"],"fullName":"Quest Models Status Helper Functions should return CSS classes for all statuses","status":"passed","title":"should return CSS classes for all statuses","duration":0.18012499999997544,"failureMessages":[],"meta":{}},{"ancestorTitles":["Quest Models","Status Helper Functions"],"fullName":"Quest Models Status Helper Functions should return fallback for unknown status","status":"passed","title":"should return fallback for unknown status","duration":0.07633299999997689,"failureMessages":[],"meta":{}},{"ancestorTitles":["Quest Models","Difficulty Helper Functions"],"fullName":"Quest Models Difficulty Helper Functions should return correct i18n keys for all quest difficulties","status":"passed","title":"should return correct i18n keys for all quest difficulties","duration":0.48779100000001563,"failureMessages":[],"meta":{}},{"ancestorTitles":["Quest Models","Difficulty Helper Functions"],"fullName":"Quest Models Difficulty Helper Functions should return CSS classes for all difficulties","status":"passed","title":"should return CSS classes for all difficulties","duration":0.14724999999998545,"failureMessages":[],"meta":{}},{"ancestorTitles":["Quest Models","Validation Helper Functions"],"fullName":"Quest Models Validation Helper Functions should validate correct titles","status":"passed","title":"should validate correct titles","duration":0.1982909999999265,"failureMessages":[],"meta":{}},{"ancestorTitles":["Quest Models","Validation Helper Functions"],"fullName":"Quest Models Validation Helper Functions should reject invalid titles","status":"passed","title":"should reject invalid titles","duration":0.22916699999996126,"failureMessages":[],"meta":{}},{"ancestorTitles":["Quest Models","Validation Helper Functions"],"fullName":"Quest Models Validation Helper Functions should validate correct categories","status":"passed","title":"should validate correct categories","duration":0.31504100000006474,"failureMessages":[],"meta":{}},{"ancestorTitles":["Quest Models","Validation Helper Functions"],"fullName":"Quest Models Validation Helper Functions should reject invalid categories","status":"passed","title":"should reject invalid categories","duration":0.22795799999994415,"failureMessages":[],"meta":{}},{"ancestorTitles":["Quest Models","Formatting Helper Functions"],"fullName":"Quest Models Formatting Helper Functions should format deadlines correctly","status":"passed","title":"should format deadlines correctly","duration":17.358334000000013,"failureMessages":[],"meta":{}},{"ancestorTitles":["Quest Models","Formatting Helper Functions"],"fullName":"Quest Models Formatting Helper Functions should handle missing deadlines","status":"passed","title":"should handle missing deadlines","duration":0.06408299999998235,"failureMessages":[],"meta":{}},{"ancestorTitles":["Quest Models","Formatting Helper Functions"],"fullName":"Quest Models Formatting Helper Functions should handle invalid deadline timestamps","status":"passed","title":"should handle invalid deadline timestamps","duration":0.040083999999978914,"failureMessages":[],"meta":{}},{"ancestorTitles":["Quest Models","Formatting Helper Functions"],"fullName":"Quest Models Formatting Helper Functions should format reward XP correctly","status":"passed","title":"should format reward XP correctly","duration":0.05791700000008859,"failureMessages":[],"meta":{}},{"ancestorTitles":["Quest Models","Formatting Helper Functions"],"fullName":"Quest Models Formatting Helper Functions should format progress correctly","status":"passed","title":"should format progress correctly","duration":0.4105409999999665,"failureMessages":[],"meta":{}},{"ancestorTitles":["Quest Models","Progress Calculation Functions"],"fullName":"Quest Models Progress Calculation Functions should return 0 for non-linked quest in linked calculation","status":"passed","title":"should return 0 for non-linked quest in linked calculation","duration":0.21362499999997908,"failureMessages":[],"meta":{}},{"ancestorTitles":["Quest Models","Progress Calculation Functions"],"fullName":"Quest Models Progress Calculation Functions should return 0 for quest with no linked items","status":"passed","title":"should return 0 for quest with no linked items","duration":0.17633299999999963,"failureMessages":[],"meta":{}},{"ancestorTitles":["Quest Models","Progress Calculation Functions"],"fullName":"Quest Models Progress Calculation Functions should return 0 for non-quantitative quest in quantitative calculation","status":"passed","title":"should return 0 for non-quantitative quest in quantitative calculation","duration":0.1801669999999831,"failureMessages":[],"meta":{}},{"ancestorTitles":["Quest Models","Progress Calculation Functions"],"fullName":"Quest Models Progress Calculation Functions should return 0 for quantitative quest without target count","status":"passed","title":"should return 0 for quantitative quest without target count","duration":0.19487499999991087,"failureMessages":[],"meta":{}},{"ancestorTitles":["Quest Models","Progress Calculation Functions"],"fullName":"Quest Models Progress Calculation Functions should route to correct calculation function","status":"passed","title":"should route to correct calculation function","duration":0.2392090000000735,"failureMessages":[],"meta":{}},{"ancestorTitles":["Quest Models","Progress Calculation Functions"],"fullName":"Quest Models Progress Calculation Functions should return 0 for unknown quest kind","status":"passed","title":"should return 0 for unknown quest kind","duration":0.1355829999999969,"failureMessages":[],"meta":{}},{"ancestorTitles":["Quest Models","validateQuestForm"],"fullName":"Quest Models validateQuestForm should validate correct form data","status":"passed","title":"should validate correct form data","duration":0.3211669999999458,"failureMessages":[],"meta":{}},{"ancestorTitles":["Quest Models","validateQuestForm"],"fullName":"Quest Models validateQuestForm should detect title validation errors","status":"passed","title":"should detect title validation errors","duration":0.2008339999999862,"failureMessages":[],"meta":{}},{"ancestorTitles":["Quest Models","validateQuestForm"],"fullName":"Quest Models validateQuestForm should detect category validation errors","status":"passed","title":"should detect category validation errors","duration":0.15879099999995105,"failureMessages":[],"meta":{}},{"ancestorTitles":["Quest Models","validateQuestForm"],"fullName":"Quest Models validateQuestForm should initialize touched as empty object","status":"passed","title":"should initialize touched as empty object","duration":0.12820799999997234,"failureMessages":[],"meta":{}},{"ancestorTitles":["Quest Models","Schema Integration"],"fullName":"Quest Models Schema Integration should allow valid quest creation with all fields","status":"passed","title":"should allow valid quest creation with all fields","duration":0.56899999999996,"failureMessages":[],"meta":{}},{"ancestorTitles":["Quest Models","Schema Integration"],"fullName":"Quest Models Schema Integration should handle complex validation scenarios","status":"passed","title":"should handle complex validation scenarios","duration":0.5155419999999822,"failureMessages":[],"meta":{}},{"ancestorTitles":["Quest Models","Type Inference"],"fullName":"Quest Models Type Inference should correctly infer types from schemas","status":"passed","title":"should correctly infer types from schemas","duration":0.1815839999999298,"failureMessages":[],"meta":{}},{"ancestorTitles":["Quest Models","Error Handling Edge Cases"],"fullName":"Quest Models Error Handling Edge Cases should handle malformed input gracefully","status":"passed","title":"should handle malformed input gracefully","duration":0.6320000000000618,"failureMessages":[],"meta":{}},{"ancestorTitles":["Quest Models","Error Handling Edge Cases"],"fullName":"Quest Models Error Handling Edge Cases should handle extreme values","status":"passed","title":"should handle extreme values","duration":0.15712500000006457,"failureMessages":[],"meta":{}},{"ancestorTitles":["Quest Models","Performance"],"fullName":"Quest Models Performance should handle large tag arrays efficiently","status":"passed","title":"should handle large tag arrays efficiently","duration":0.5904170000000022,"failureMessages":[],"meta":{}},{"ancestorTitles":["Quest Models","Performance"],"fullName":"Quest Models Performance should handle schema validation repeatedly without memory leaks","status":"passed","title":"should handle schema validation repeatedly without memory leaks","duration":13.460624999999936,"failureMessages":[],"meta":{}}],"startTime":1769962625988,"endTime":1769962626048.4607,"status":"passed","message":"","name":"/Volumes/macdisk2/Projetos/GoalsGuild/questbound-forge/apps/frontend/src/models/__tests__/quest.test.ts"},{"assertionResults":[{"ancestorTitles":["ConfirmEmail"],"fullName":"ConfirmEmail confirms email when token is present","status":"passed","title":"confirms email when token is present","duration":124.6066669999999,"failureMessages":[],"meta":{}},{"ancestorTitles":["ConfirmEmail"],"fullName":"ConfirmEmail shows resend form when token is missing","status":"passed","title":"shows resend form when token is missing","duration":75.83275000000003,"failureMessages":[],"meta":{}}],"startTime":1769962620617,"endTime":1769962620816.8328,"status":"passed","message":"","name":"/Volumes/macdisk2/Projetos/GoalsGuild/questbound-forge/apps/frontend/src/pages/__tests__/ConfirmEmail.test.tsx"},{"assertionResults":[{"ancestorTitles":["Dashboard query param preselect"],"fullName":"Dashboard query param preselect selects partner dashboard when ?type=partner","status":"passed","title":"selects partner dashboard when ?type=partner","duration":162.2192500000001,"failureMessages":[],"meta":{}},{"ancestorTitles":["Dashboard role-based button visibility"],"fullName":"Dashboard role-based button visibility shows only partner button when token role is partner","status":"passed","title":"shows only partner button when token role is partner","duration":19.180374999999913,"failureMessages":[],"meta":{}}],"startTime":1769962624362,"endTime":1769962624543.1804,"status":"passed","message":"","name":"/Volumes/macdisk2/Projetos/GoalsGuild/questbound-forge/apps/frontend/src/pages/__tests__/Dashboard.test.tsx"},{"assertionResults":[{"ancestorTitles":["mapSignupErrorToField"],"fullName":"mapSignupErrorToField maps EMAIL_TAKEN to email field with i18n text","status":"passed","title":"maps EMAIL_TAKEN to email field with i18n text","duration":2.4508749999999964,"failureMessages":[],"meta":{}},{"ancestorTitles":["mapSignupErrorToField"],"fullName":"mapSignupErrorToField maps NICKNAME_TAKEN to nickname field with i18n text","status":"passed","title":"maps NICKNAME_TAKEN to nickname field with i18n text","duration":0.5293329999999514,"failureMessages":[],"meta":{}},{"ancestorTitles":["mapSignupErrorToField"],"fullName":"mapSignupErrorToField returns null for unknown error codes","status":"passed","title":"returns null for unknown error codes","duration":0.11541699999997945,"failureMessages":[],"meta":{}}],"startTime":1769962627741,"endTime":1769962627744.1155,"status":"passed","message":"","name":"/Volumes/macdisk2/Projetos/GoalsGuild/questbound-forge/apps/frontend/src/pages/signup/errorMapping.test.ts"},{"assertionResults":[{"ancestorTitles":["useIsMobile"],"fullName":"useIsMobile returns false for desktop screen width (1024px)","status":"passed","title":"returns false for desktop screen width (1024px)","duration":15.738333000000011,"failureMessages":[],"meta":{}},{"ancestorTitles":["useIsMobile"],"fullName":"useIsMobile returns true for mobile screen width (767px)","status":"passed","title":"returns true for mobile screen width (767px)","duration":1.4558329999999842,"failureMessages":[],"meta":{}},{"ancestorTitles":["useIsMobile"],"fullName":"useIsMobile returns true for tablet screen width (768px)","status":"passed","title":"returns true for tablet screen width (768px)","duration":0.7071660000000293,"failureMessages":[],"meta":{}},{"ancestorTitles":["useIsMobile"],"fullName":"useIsMobile updates when window is resized","status":"passed","title":"updates when window is resized","duration":0.6694169999999531,"failureMessages":[],"meta":{}},{"ancestorTitles":["useIsMobile"],"fullName":"useIsMobile sets up matchMedia event listener on mount","status":"passed","title":"sets up matchMedia event listener on mount","duration":1.4575419999999895,"failureMessages":[],"meta":{}},{"ancestorTitles":["useIsMobile"],"fullName":"useIsMobile cleans up matchMedia event listener on unmount","status":"passed","title":"cleans up matchMedia event listener on unmount","duration":0.5609589999999116,"failureMessages":[],"meta":{}},{"ancestorTitles":["useIsMobile"],"fullName":"useIsMobile handles undefined initial state correctly","status":"passed","title":"handles undefined initial state correctly","duration":1.7817079999999805,"failureMessages":[],"meta":{}},{"ancestorTitles":["useIsMobile"],"fullName":"useIsMobile correctly determines mobile breakpoint at 767px","status":"passed","title":"correctly determines mobile breakpoint at 767px","duration":2.207249999999931,"failureMessages":[],"meta":{}},{"ancestorTitles":["useIsMobile"],"fullName":"useIsMobile correctly determines desktop at 768px","status":"passed","title":"correctly determines desktop at 768px","duration":2.0024170000000368,"failureMessages":[],"meta":{}}],"startTime":1769962627351,"endTime":1769962627378.0024,"status":"passed","message":"","name":"/Volumes/macdisk2/Projetos/GoalsGuild/questbound-forge/apps/frontend/src/hooks/__tests__/use-mobile.test.tsx"},{"assertionResults":[{"ancestorTitles":["toast reducer"],"fullName":"toast reducer ADD_TOAST adds a new toast to the state","status":"passed","title":"ADD_TOAST adds a new toast to the state","duration":2.7444580000000087,"failureMessages":[],"meta":{}},{"ancestorTitles":["toast reducer"],"fullName":"toast reducer ADD_TOAST respects TOAST_LIMIT","status":"passed","title":"ADD_TOAST respects TOAST_LIMIT","duration":0.5050420000000031,"failureMessages":[],"meta":{}},{"ancestorTitles":["toast reducer"],"fullName":"toast reducer UPDATE_TOAST updates an existing toast","status":"passed","title":"UPDATE_TOAST updates an existing toast","duration":1.0720000000000027,"failureMessages":[],"meta":{}},{"ancestorTitles":["toast reducer"],"fullName":"toast reducer DISMISS_TOAST sets open to false for specific toast","status":"passed","title":"DISMISS_TOAST sets open to false for specific toast","duration":0.1393750000000864,"failureMessages":[],"meta":{}},{"ancestorTitles":["toast reducer"],"fullName":"toast reducer DISMISS_TOAST dismisses all toasts when no toastId provided","status":"passed","title":"DISMISS_TOAST dismisses all toasts when no toastId provided","duration":0.155208000000016,"failureMessages":[],"meta":{}},{"ancestorTitles":["toast reducer"],"fullName":"toast reducer REMOVE_TOAST removes specific toast","status":"passed","title":"REMOVE_TOAST removes specific toast","duration":0.11266699999998764,"failureMessages":[],"meta":{}},{"ancestorTitles":["toast reducer"],"fullName":"toast reducer REMOVE_TOAST removes all toasts when no toastId provided","status":"passed","title":"REMOVE_TOAST removes all toasts when no toastId provided","duration":0.10616700000002766,"failureMessages":[],"meta":{}},{"ancestorTitles":["toast function"],"fullName":"toast function toast function returns an object with id, dismiss, and update methods","status":"passed","title":"toast function returns an object with id, dismiss, and update methods","duration":1.0608330000000024,"failureMessages":[],"meta":{}},{"ancestorTitles":["toast function"],"fullName":"toast function toast generates unique IDs","status":"passed","title":"toast generates unique IDs","duration":1.0095420000000104,"failureMessages":[],"meta":{}},{"ancestorTitles":["useToast hook"],"fullName":"useToast hook useToast returns state and methods","status":"passed","title":"useToast returns state and methods","duration":11.003624999999943,"failureMessages":[],"meta":{}},{"ancestorTitles":["useToast hook"],"fullName":"useToast hook useToast subscribes to state changes","status":"passed","title":"useToast subscribes to state changes","duration":3.282124999999951,"failureMessages":[],"meta":{}},{"ancestorTitles":["useToast hook"],"fullName":"useToast hook dismiss method dismisses specific toast","status":"passed","title":"dismiss method dismisses specific toast","duration":1.9859579999999823,"failureMessages":[],"meta":{}},{"ancestorTitles":["useToast hook"],"fullName":"useToast hook dismiss method dismisses all toasts when no id provided","status":"passed","title":"dismiss method dismisses all toasts when no id provided","duration":0.9820829999999887,"failureMessages":[],"meta":{}},{"ancestorTitles":["useToast hook"],"fullName":"useToast hook toast dismiss method works","status":"passed","title":"toast dismiss method works","duration":0.6644589999999653,"failureMessages":[],"meta":{}},{"ancestorTitles":["useToast hook"],"fullName":"useToast hook toast update method works","status":"passed","title":"toast update method works","duration":0.5774169999999685,"failureMessages":[],"meta":{}},{"ancestorTitles":["useToast hook"],"fullName":"useToast hook cleanup removes listener on unmount","status":"passed","title":"cleanup removes listener on unmount","duration":0.8417909999999438,"failureMessages":[],"meta":{}},{"ancestorTitles":["useToast hook"],"fullName":"useToast hook toast includes onOpenChange handler","status":"passed","title":"toast includes onOpenChange handler","duration":0.38458300000002055,"failureMessages":[],"meta":{}},{"ancestorTitles":["useToast hook"],"fullName":"useToast hook onOpenChange calls dismiss when open is false","status":"passed","title":"onOpenChange calls dismiss when open is false","duration":0.3743339999999762,"failureMessages":[],"meta":{}}],"startTime":1769962627462,"endTime":1769962627489.3743,"status":"passed","message":"","name":"/Volumes/macdisk2/Projetos/GoalsGuild/questbound-forge/apps/frontend/src/hooks/__tests__/use-toast.test.tsx"},{"assertionResults":[{"ancestorTitles":["useCarousel"],"fullName":"useCarousel initializes with first slide","status":"passed","title":"initializes with first slide","duration":17.09733300000005,"failureMessages":[],"meta":{}},{"ancestorTitles":["useCarousel"],"fullName":"useCarousel goes to next slide","status":"passed","title":"goes to next slide","duration":3.8182500000000346,"failureMessages":[],"meta":{}},{"ancestorTitles":["useCarousel"],"fullName":"useCarousel wraps around to first slide after last","status":"passed","title":"wraps around to first slide after last","duration":3.364041000000043,"failureMessages":[],"meta":{}},{"ancestorTitles":["useCarousel"],"fullName":"useCarousel goes to previous slide","status":"passed","title":"goes to previous slide","duration":0.9079160000000002,"failureMessages":[],"meta":{}},{"ancestorTitles":["useCarousel"],"fullName":"useCarousel wraps around to last slide before first","status":"passed","title":"wraps around to last slide before first","duration":0.6947499999999991,"failureMessages":[],"meta":{}},{"ancestorTitles":["useCarousel"],"fullName":"useCarousel goes to specific slide","status":"passed","title":"goes to specific slide","duration":0.6336669999999458,"failureMessages":[],"meta":{}},{"ancestorTitles":["useCarousel"],"fullName":"useCarousel does not go to invalid slide index","status":"passed","title":"does not go to invalid slide index","duration":0.4582500000000209,"failureMessages":[],"meta":{}},{"ancestorTitles":["useCarousel"],"fullName":"useCarousel toggles auto-play","status":"passed","title":"toggles auto-play","duration":0.65037499999994,"failureMessages":[],"meta":{}},{"ancestorTitles":["useCarousel"],"fullName":"useCarousel pauses auto-play","status":"passed","title":"pauses auto-play","duration":0.547916999999984,"failureMessages":[],"meta":{}},{"ancestorTitles":["useCarousel"],"fullName":"useCarousel starts auto-play","status":"passed","title":"starts auto-play","duration":0.622333000000026,"failureMessages":[],"meta":{}},{"ancestorTitles":["useCarousel"],"fullName":"useCarousel auto-advances slides when playing","status":"passed","title":"auto-advances slides when playing","duration":0.7345000000000255,"failureMessages":[],"meta":{}},{"ancestorTitles":["useCarousel"],"fullName":"useCarousel does not auto-advance when paused","status":"passed","title":"does not auto-advance when paused","duration":0.5713339999999789,"failureMessages":[],"meta":{}},{"ancestorTitles":["useCarousel"],"fullName":"useCarousel pauses when page becomes hidden","status":"passed","title":"pauses when page becomes hidden","duration":0.5841250000000855,"failureMessages":[],"meta":{}},{"ancestorTitles":["useCarousel"],"fullName":"useCarousel resumes when page becomes visible","status":"passed","title":"resumes when page becomes visible","duration":1.4434579999999642,"failureMessages":[],"meta":{}}],"startTime":1769962625904,"endTime":1769962625936.4434,"status":"passed","message":"","name":"/Volumes/macdisk2/Projetos/GoalsGuild/questbound-forge/apps/frontend/src/hooks/__tests__/useCarousel.test.ts"},{"assertionResults":[{"ancestorTitles":["useCommunityData"],"fullName":"useCommunityData fetches data on mount","status":"passed","title":"fetches data on mount","duration":316.5057499999999,"failureMessages":[],"meta":{}},{"ancestorTitles":["useCommunityData"],"fullName":"useCommunityData passes limit parameter to data fetching functions","status":"passed","title":"passes limit parameter to data fetching functions","duration":308.58329100000014,"failureMessages":[],"meta":{}},{"ancestorTitles":["useCommunityData"],"fullName":"useCommunityData handles fetch error","status":"passed","title":"handles fetch error","duration":306.8074589999999,"failureMessages":[],"meta":{}},{"ancestorTitles":["useCommunityData"],"fullName":"useCommunityData refetch function reloads data","status":"passed","title":"refetch function reloads data","duration":620.2220420000001,"failureMessages":[],"meta":{}},{"ancestorTitles":["useCommunityData"],"fullName":"useCommunityData addActivity adds new activity optimistically","status":"passed","title":"addActivity adds new activity optimistically","duration":307.4867909999998,"failureMessages":[],"meta":{}},{"ancestorTitles":["useCommunityData"],"fullName":"useCommunityData addActivity reverts on error","status":"passed","title":"addActivity reverts on error","duration":615.3300840000002,"failureMessages":[],"meta":{}},{"ancestorTitles":["useCommunityActivities"],"fullName":"useCommunityActivities fetches all activities by default","status":"passed","title":"fetches all activities by default","duration":205.0098750000002,"failureMessages":[],"meta":{}},{"ancestorTitles":["useCommunityActivities"],"fullName":"useCommunityActivities filters activities by type when specified","status":"passed","title":"filters activities by type when specified","duration":204.891709,"failureMessages":[],"meta":{}},{"ancestorTitles":["useCommunityActivities"],"fullName":"useCommunityActivities respects limit parameter","status":"passed","title":"respects limit parameter","duration":204.51004200000034,"failureMessages":[],"meta":{}},{"ancestorTitles":["useForumData"],"fullName":"useForumData fetches forum topics and trending topics","status":"passed","title":"fetches forum topics and trending topics","duration":204.05687500000022,"failureMessages":[],"meta":{}},{"ancestorTitles":["useForumData"],"fullName":"useForumData passes limit to getForumTopics","status":"passed","title":"passes limit to getForumTopics","duration":204.21474999999919,"failureMessages":[],"meta":{}},{"ancestorTitles":["useLeaderboard"],"fullName":"useLeaderboard fetches leaderboard data","status":"passed","title":"fetches leaderboard data","duration":205.8847909999995,"failureMessages":[],"meta":{}},{"ancestorTitles":["useLeaderboard"],"fullName":"useLeaderboard passes limit to getGuildLeaderboard","status":"passed","title":"passes limit to getGuildLeaderboard","duration":203.52912500000002,"failureMessages":[],"meta":{}}],"startTime":1769962608711,"endTime":1769962612618.529,"status":"passed","message":"","name":"/Volumes/macdisk2/Projetos/GoalsGuild/questbound-forge/apps/frontend/src/hooks/__tests__/useCommunityData.test.tsx"},{"assertionResults":[{"ancestorTitles":["useDebouncedValidation"],"fullName":"useDebouncedValidation should initialize with default state","status":"skipped","title":"should initialize with default state","failureMessages":[],"meta":{}},{"ancestorTitles":["useDebouncedValidation"],"fullName":"useDebouncedValidation should register field schemas correctly","status":"skipped","title":"should register field schemas correctly","failureMessages":[],"meta":{}},{"ancestorTitles":["useDebouncedValidation"],"fullName":"useDebouncedValidation should validate field synchronously when called directly","status":"skipped","title":"should validate field synchronously when called directly","failureMessages":[],"meta":{}},{"ancestorTitles":["useDebouncedValidation"],"fullName":"useDebouncedValidation should return error for invalid field value","status":"skipped","title":"should return error for invalid field value","failureMessages":[],"meta":{}},{"ancestorTitles":["useDebouncedValidation"],"fullName":"useDebouncedValidation should debounce validation calls","status":"skipped","title":"should debounce validation calls","failureMessages":[],"meta":{}},{"ancestorTitles":["useDebouncedValidation"],"fullName":"useDebouncedValidation should clear field validation","status":"skipped","title":"should clear field validation","failureMessages":[],"meta":{}},{"ancestorTitles":["useDebouncedValidation"],"fullName":"useDebouncedValidation should clear all validations","status":"skipped","title":"should clear all validations","failureMessages":[],"meta":{}},{"ancestorTitles":["useDebouncedValidation"],"fullName":"useDebouncedValidation should handle empty values correctly","status":"skipped","title":"should handle empty values correctly","failureMessages":[],"meta":{}},{"ancestorTitles":["useDebouncedValidation"],"fullName":"useDebouncedValidation should provide validation summary","status":"skipped","title":"should provide validation summary","failureMessages":[],"meta":{}},{"ancestorTitles":["useDebouncedValidation"],"fullName":"useDebouncedValidation should handle custom configuration","status":"skipped","title":"should handle custom configuration","failureMessages":[],"meta":{}}],"startTime":1769962607730,"endTime":1769962607730,"status":"passed","message":"","name":"/Volumes/macdisk2/Projetos/GoalsGuild/questbound-forge/apps/frontend/src/hooks/__tests__/useDebouncedValidation.test.ts"},{"assertionResults":[{"ancestorTitles":["useOnlineStatus"],"fullName":"useOnlineStatus returns true when navigator.onLine is true","status":"passed","title":"returns true when navigator.onLine is true","duration":8.525250000000028,"failureMessages":[],"meta":{}},{"ancestorTitles":["useOnlineStatus"],"fullName":"useOnlineStatus returns false when navigator.onLine is false","status":"passed","title":"returns false when navigator.onLine is false","duration":2.314875000000029,"failureMessages":[],"meta":{}},{"ancestorTitles":["useOnlineStatus"],"fullName":"useOnlineStatus updates when online event fires","status":"passed","title":"updates when online event fires","duration":3.7299580000000105,"failureMessages":[],"meta":{}},{"ancestorTitles":["useOnlineStatus"],"fullName":"useOnlineStatus updates when offline event fires","status":"passed","title":"updates when offline event fires","duration":5.910750000000007,"failureMessages":[],"meta":{}},{"ancestorTitles":["useOnlineStatus"],"fullName":"useOnlineStatus cleans up event listeners on unmount","status":"passed","title":"cleans up event listeners on unmount","duration":15.054500000000075,"failureMessages":[],"meta":{}}],"startTime":1769962627069,"endTime":1769962627104.0544,"status":"passed","message":"","name":"/Volumes/macdisk2/Projetos/GoalsGuild/questbound-forge/apps/frontend/src/hooks/__tests__/useOnlineStatus.test.ts"},{"assertionResults":[{"ancestorTitles":["usePartnerData"],"fullName":"usePartnerData fetches data on mount","status":"passed","title":"fetches data on mount","duration":529.895666,"failureMessages":[],"meta":{}},{"ancestorTitles":["usePartnerData"],"fullName":"usePartnerData handles fetch error","status":"passed","title":"handles fetch error","duration":513.2779580000001,"failureMessages":[],"meta":{}},{"ancestorTitles":["usePartnerData"],"fullName":"usePartnerData refetch function reloads data","status":"passed","title":"refetch function reloads data","duration":1021.9047909999997,"failureMessages":[],"meta":{}},{"ancestorTitles":["usePartnerData"],"fullName":"usePartnerData addService adds new service to data","status":"passed","title":"addService adds new service to data","duration":817.230125,"failureMessages":[],"meta":{}},{"ancestorTitles":["usePartnerData"],"fullName":"usePartnerData addService handles error","status":"passed","title":"addService handles error","duration":512.3785419999999,"failureMessages":[],"meta":{}},{"ancestorTitles":["usePartnerData"],"fullName":"usePartnerData updateService updates existing service","status":"passed","title":"updateService updates existing service","duration":510.16962499999954,"failureMessages":[],"meta":{}},{"ancestorTitles":["usePartnerData"],"fullName":"usePartnerData updateService handles error","status":"passed","title":"updateService handles error","duration":510.2619170000007,"failureMessages":[],"meta":{}},{"ancestorTitles":["usePartnerData"],"fullName":"usePartnerData toggleService toggles service active status","status":"passed","title":"toggleService toggles service active status","duration":509.36020800000006,"failureMessages":[],"meta":{}},{"ancestorTitles":["usePartnerData"],"fullName":"usePartnerData deleteService removes service from data","status":"passed","title":"deleteService removes service from data","duration":825.8035829999999,"failureMessages":[],"meta":{}},{"ancestorTitles":["usePartnerData"],"fullName":"usePartnerData deleteService handles error","status":"passed","title":"deleteService handles error","duration":818.6840000000002,"failureMessages":[],"meta":{}},{"ancestorTitles":["usePartnerData"],"fullName":"usePartnerData serviceReport is generated correctly","status":"passed","title":"serviceReport is generated correctly","duration":513.5535,"failureMessages":[],"meta":{}},{"ancestorTitles":["usePartnerMetrics"],"fullName":"usePartnerMetrics returns metrics and loading state","status":"passed","title":"returns metrics and loading state","duration":514.6875000000009,"failureMessages":[],"meta":{}},{"ancestorTitles":["usePartnerServices"],"fullName":"usePartnerServices returns services data and computed values","status":"passed","title":"returns services data and computed values","duration":512.4349579999998,"failureMessages":[],"meta":{}},{"ancestorTitles":["usePartnerServices"],"fullName":"usePartnerServices includes service management functions","status":"passed","title":"includes service management functions","duration":509.3612919999996,"failureMessages":[],"meta":{}},{"ancestorTitles":["usePartnerAnalytics"],"fullName":"usePartnerAnalytics returns analytics data","status":"passed","title":"returns analytics data","duration":515.5860839999987,"failureMessages":[],"meta":{}}],"startTime":1769962608707,"endTime":1769962617841.5862,"status":"passed","message":"","name":"/Volumes/macdisk2/Projetos/GoalsGuild/questbound-forge/apps/frontend/src/hooks/__tests__/usePartnerData.test.tsx"},{"assertionResults":[{"ancestorTitles":["usePatronData"],"fullName":"usePatronData fetches data on mount","status":"passed","title":"fetches data on mount","duration":531.9761250000001,"failureMessages":[],"meta":{}},{"ancestorTitles":["usePatronData"],"fullName":"usePatronData handles fetch error","status":"passed","title":"handles fetch error","duration":510.6737499999999,"failureMessages":[],"meta":{}},{"ancestorTitles":["usePatronData"],"fullName":"usePatronData refetch function reloads data","status":"passed","title":"refetch function reloads data","duration":1025.0118340000001,"failureMessages":[],"meta":{}},{"ancestorTitles":["usePatronData"],"fullName":"usePatronData addContribution adds new contribution and updates impact","status":"passed","title":"addContribution adds new contribution and updates impact","duration":816.7342920000001,"failureMessages":[],"meta":{}},{"ancestorTitles":["usePatronData"],"fullName":"usePatronData addContribution handles error","status":"passed","title":"addContribution handles error","duration":511.5325409999996,"failureMessages":[],"meta":{}},{"ancestorTitles":["usePatronData"],"fullName":"usePatronData processContributionById updates contribution status","status":"passed","title":"processContributionById updates contribution status","duration":511.3896249999998,"failureMessages":[],"meta":{}},{"ancestorTitles":["usePatronData"],"fullName":"usePatronData processContributionById handles error","status":"passed","title":"processContributionById handles error","duration":511.9370829999998,"failureMessages":[],"meta":{}},{"ancestorTitles":["usePatronData"],"fullName":"usePatronData calculates patron tier correctly","status":"passed","title":"calculates patron tier correctly","duration":509.8839170000001,"failureMessages":[],"meta":{}},{"ancestorTitles":["usePatronData"],"fullName":"usePatronData gets next tier requirement","status":"passed","title":"gets next tier requirement","duration":512.3104169999997,"failureMessages":[],"meta":{}},{"ancestorTitles":["usePatronData"],"fullName":"usePatronData generates impact report","status":"passed","title":"generates impact report","duration":511.0580839999993,"failureMessages":[],"meta":{}},{"ancestorTitles":["usePatronImpact"],"fullName":"usePatronImpact returns impact data and loading state","status":"passed","title":"returns impact data and loading state","duration":514.943542,"failureMessages":[],"meta":{}},{"ancestorTitles":["usePatronContributions"],"fullName":"usePatronContributions returns contributions data and computed values","status":"passed","title":"returns contributions data and computed values","duration":513.2095829999998,"failureMessages":[],"meta":{}},{"ancestorTitles":["usePatronContributions"],"fullName":"usePatronContributions includes contribution management functions","status":"passed","title":"includes contribution management functions","duration":511.9491249999992,"failureMessages":[],"meta":{}},{"ancestorTitles":["usePatronBenefits"],"fullName":"usePatronBenefits returns benefits data with categorized benefits","status":"passed","title":"returns benefits data with categorized benefits","duration":511.4497909999991,"failureMessages":[],"meta":{}},{"ancestorTitles":["usePatronImpactStories"],"fullName":"usePatronImpactStories returns impact stories and community stats","status":"passed","title":"returns impact stories and community stats","duration":509.98804199999904,"failureMessages":[],"meta":{}}],"startTime":1769962608710,"endTime":1769962617224.988,"status":"passed","message":"","name":"/Volumes/macdisk2/Projetos/GoalsGuild/questbound-forge/apps/frontend/src/hooks/__tests__/usePatronData.test.tsx"},{"assertionResults":[{"ancestorTitles":["useQuests Memory-Optimized Tests"],"fullName":"useQuests Memory-Optimized Tests should load quests successfully","status":"passed","title":"should load quests successfully","duration":66.93654100000003,"failureMessages":[],"meta":{}},{"ancestorTitles":["useQuests Memory-Optimized Tests"],"fullName":"useQuests Memory-Optimized Tests should handle load error","status":"passed","title":"should handle load error","duration":54.40845799999988,"failureMessages":[],"meta":{}},{"ancestorTitles":["useQuests Memory-Optimized Tests"],"fullName":"useQuests Memory-Optimized Tests should create a quest successfully","status":"passed","title":"should create a quest successfully","duration":4.307583000000022,"failureMessages":[],"meta":{}},{"ancestorTitles":["useQuests Memory-Optimized Tests"],"fullName":"useQuests Memory-Optimized Tests should handle create error and rollback optimistic update","status":"passed","title":"should handle create error and rollback optimistic update","duration":4.241457999999966,"failureMessages":[],"meta":{}},{"ancestorTitles":["useQuests Memory-Optimized Tests"],"fullName":"useQuests Memory-Optimized Tests should start a quest","status":"passed","title":"should start a quest","duration":55.37533300000018,"failureMessages":[],"meta":{}},{"ancestorTitles":["useQuests Memory-Optimized Tests"],"fullName":"useQuests Memory-Optimized Tests should edit a quest","status":"passed","title":"should edit a quest","duration":56.927584000000024,"failureMessages":[],"meta":{}},{"ancestorTitles":["useQuests Memory-Optimized Tests"],"fullName":"useQuests Memory-Optimized Tests should delete a quest","status":"passed","title":"should delete a quest","duration":55.53641599999992,"failureMessages":[],"meta":{}},{"ancestorTitles":["useQuests Memory-Optimized Tests"],"fullName":"useQuests Memory-Optimized Tests should clear the main error state","status":"passed","title":"should clear the main error state","duration":54.35583399999996,"failureMessages":[],"meta":{}}],"startTime":1769962620395,"endTime":1769962620747.3557,"status":"passed","message":"","name":"/Volumes/macdisk2/Projetos/GoalsGuild/questbound-forge/apps/frontend/src/hooks/__tests__/useQuest.memory.test.tsx"},{"assertionResults":[{"ancestorTitles":["useQuestAnalytics"],"fullName":"useQuestAnalytics should initialize with loading state","status":"passed","title":"should initialize with loading state","duration":11.462292000000048,"failureMessages":[],"meta":{}},{"ancestorTitles":["useQuestAnalytics"],"fullName":"useQuestAnalytics should load analytics successfully","status":"passed","title":"should load analytics successfully","duration":17.27870800000005,"failureMessages":[],"meta":{}},{"ancestorTitles":["useQuestAnalytics"],"fullName":"useQuestAnalytics should load from cache when available","status":"passed","title":"should load from cache when available","duration":9.806792000000087,"failureMessages":[],"meta":{}},{"ancestorTitles":["useQuestAnalytics"],"fullName":"useQuestAnalytics should handle cache expiration","status":"passed","title":"should handle cache expiration","duration":61.62141699999995,"failureMessages":[],"meta":{}},{"ancestorTitles":["useQuestAnalytics"],"fullName":"useQuestAnalytics should handle API errors","status":"passed","title":"should handle API errors","duration":56.72600000000011,"failureMessages":[],"meta":{}},{"ancestorTitles":["useQuestAnalytics"],"fullName":"useQuestAnalytics should refresh analytics","status":"passed","title":"should refresh analytics","duration":55.521999999999935,"failureMessages":[],"meta":{}},{"ancestorTitles":["useQuestAnalytics"],"fullName":"useQuestAnalytics should clear errors","status":"passed","title":"should clear errors","duration":54.08333400000015,"failureMessages":[],"meta":{}},{"ancestorTitles":["useQuestAnalytics"],"fullName":"useQuestAnalytics should generate insights correctly","status":"passed","title":"should generate insights correctly","duration":2.9650000000001455,"failureMessages":[],"meta":{}},{"ancestorTitles":["useQuestAnalytics"],"fullName":"useQuestAnalytics should handle different periods","status":"passed","title":"should handle different periods","duration":54.74112500000001,"failureMessages":[],"meta":{}},{"ancestorTitles":["useQuestAnalytics"],"fullName":"useQuestAnalytics should handle auto-refresh","status":"skipped","title":"should handle auto-refresh","failureMessages":[],"meta":{}},{"ancestorTitles":["useQuestAnalytics"],"fullName":"useQuestAnalytics should handle cache storage errors gracefully","status":"skipped","title":"should handle cache storage errors gracefully","failureMessages":[],"meta":{}},{"ancestorTitles":["useQuestAnalytics"],"fullName":"useQuestAnalytics should handle malformed cache data","status":"skipped","title":"should handle malformed cache data","failureMessages":[],"meta":{}}],"startTime":1769962620420,"endTime":1769962620744.7412,"status":"passed","message":"","name":"/Volumes/macdisk2/Projetos/GoalsGuild/questbound-forge/apps/frontend/src/hooks/__tests__/useQuestAnalytics.test.tsx"},{"assertionResults":[{"ancestorTitles":["useQuestTemplateCreate","Initial State"],"fullName":"useQuestTemplateCreate Initial State returns initial state correctly","status":"passed","title":"returns initial state correctly","duration":16.60470799999996,"failureMessages":[],"meta":{}},{"ancestorTitles":["useQuestTemplateCreate","Template Creation"],"fullName":"useQuestTemplateCreate Template Creation creates template successfully","status":"passed","title":"creates template successfully","duration":9.485832999999957,"failureMessages":[],"meta":{}},{"ancestorTitles":["useQuestTemplateCreate","Template Creation"],"fullName":"useQuestTemplateCreate Template Creation handles creation errors","status":"passed","title":"handles creation errors","duration":8.904125000000022,"failureMessages":[],"meta":{}},{"ancestorTitles":["useQuestTemplateCreate","Template Creation"],"fullName":"useQuestTemplateCreate Template Creation shows loading state during creation","status":"passed","title":"shows loading state during creation","duration":107.77995799999997,"failureMessages":[],"meta":{}},{"ancestorTitles":["useQuestTemplateCreate","Cache Management"],"fullName":"useQuestTemplateCreate Cache Management invalidates quest templates cache on success","status":"passed","title":"invalidates quest templates cache on success","duration":3.1248330000000806,"failureMessages":[],"meta":{}},{"ancestorTitles":["useQuestTemplateCreate","Cache Management"],"fullName":"useQuestTemplateCreate Cache Management updates templates list cache on success","status":"passed","title":"updates templates list cache on success","duration":4.090082999999936,"failureMessages":[],"meta":{}},{"ancestorTitles":["useQuestTemplateCreate","Reset Function"],"fullName":"useQuestTemplateCreate Reset Function resets error state","status":"passed","title":"resets error state","duration":3.3344170000000304,"failureMessages":[],"meta":{}},{"ancestorTitles":["useQuestTemplateCreate","Error Handling"],"fullName":"useQuestTemplateCreate Error Handling handles network errors","status":"passed","title":"handles network errors","duration":3.5091249999999263,"failureMessag
[...]
d","title":"should handle mixed valid and invalid fields","duration":0.1727499999999509,"failureMessages":[],"meta":{}},{"ancestorTitles":["validationUtils","validateFieldsBatch"],"fullName":"validationUtils validateFieldsBatch should sort fields by priority","status":"passed","title":"should sort fields by priority","duration":0.19224999999994452,"failureMessages":[],"meta":{}},{"ancestorTitles":["validationUtils","validateFormData"],"fullName":"validationUtils validateFormData should validate complete form data","status":"passed","title":"should validate complete form data","duration":0.2755419999999731,"failureMessages":[],"meta":{}},{"ancestorTitles":["validationUtils","validateFormData"],"fullName":"validationUtils validateFormData should return errors for invalid form data","status":"passed","title":"should return errors for invalid form data","duration":0.17783300000007785,"failureMessages":[],"meta":{}},{"ancestorTitles":["validationUtils","predefined validation functions"],"fullName":"validationUtils predefined validation functions should validate title correctly","status":"passed","title":"should validate title correctly","duration":0.11320799999998599,"failureMessages":[],"meta":{}},{"ancestorTitles":["validationUtils","predefined validation functions"],"fullName":"validationUtils predefined validation functions should validate deadline correctly","status":"passed","title":"should validate deadline correctly","duration":0.09387500000002547,"failureMessages":[],"meta":{}},{"ancestorTitles":["validationUtils","predefined validation functions"],"fullName":"validationUtils predefined validation functions should validate description correctly","status":"passed","title":"should validate description correctly","duration":0.21033299999999144,"failureMessages":[],"meta":{}},{"ancestorTitles":["validationUtils","predefined validation functions"],"fullName":"validationUtils predefined validation functions should validate category correctly","status":"passed","title":"should validate category correctly","duration":0.07587499999999636,"failureMessages":[],"meta":{}},{"ancestorTitles":["validationUtils","predefined validation functions"],"fullName":"validationUtils predefined validation functions should validate NLP answer correctly","status":"passed","title":"should validate NLP answer correctly","duration":0.07725000000004911,"failureMessages":[],"meta":{}},{"ancestorTitles":["validationUtils","cache functionality"],"fullName":"validationUtils cache functionality should cache validation results","status":"passed","title":"should cache validation results","duration":0.05504200000007131,"failureMessages":[],"meta":{}},{"ancestorTitles":["validationUtils","cache functionality"],"fullName":"validationUtils cache functionality should clear field validation cache","status":"passed","title":"should clear field validation cache","duration":0.06437500000004093,"failureMessages":[],"meta":{}},{"ancestorTitles":["validationUtils","cache functionality"],"fullName":"validationUtils cache functionality should clear all validation cache","status":"passed","title":"should clear all validation cache","duration":0.07737499999996089,"failureMessages":[],"meta":{}},{"ancestorTitles":["validationUtils","utility functions"],"fullName":"validationUtils utility functions should get field priority correctly","status":"passed","title":"should get field priority correctly","duration":0.07500000000004547,"failureMessages":[],"meta":{}},{"ancestorTitles":["validationUtils","utility functions"],"fullName":"validationUtils utility functions should check if field is required","status":"passed","title":"should check if field is required","duration":0.05837500000006912,"failureMessages":[],"meta":{}},{"ancestorTitles":["validationUtils","utility functions"],"fullName":"validationUtils utility functions should format validation error with context","status":"passed","title":"should format validation error with context","duration":0.05875000000003183,"failureMessages":[],"meta":{}},{"ancestorTitles":["validationUtils","utility functions"],"fullName":"validationUtils utility functions should get validation stats","status":"passed","title":"should get validation stats","duration":0.10391699999991033,"failureMessages":[],"meta":{}},{"ancestorTitles":["validationUtils","getFieldValidationError"],"fullName":"validationUtils getFieldValidationError should return cached error for invalid field","status":"passed","title":"should return cached error for invalid field","duration":0.061833999999976186,"failureMessages":[],"meta":{}},{"ancestorTitles":["validationUtils","getFieldValidationError"],"fullName":"validationUtils getFieldValidationError should return undefined for valid field","status":"passed","title":"should return undefined for valid field","duration":0.038291999999955806,"failureMessages":[],"meta":{}},{"ancestorTitles":["validationUtils","getFieldValidationError"],"fullName":"validationUtils getFieldValidationError should return undefined for uncached field","status":"passed","title":"should return undefined for uncached field","duration":0.03099999999994907,"failureMessages":[],"meta":{}}],"startTime":1769962627610,"endTime":1769962627615.104,"status":"passed","message":"","name":"/Volumes/macdisk2/Projetos/GoalsGuild/questbound-forge/apps/frontend/src/lib/validation/__tests__/validationUtils.test.ts"},{"assertionResults":[{"ancestorTitles":["Guild API Client","createGuild"],"fullName":"Guild API Client createGuild should create a guild successfully","status":"passed","title":"should create a guild successfully","duration":1004.3679999999999,"failureMessages":[],"meta":{}},{"ancestorTitles":["Guild API Client","createGuild"],"fullName":"Guild API Client createGuild should handle creation errors","status":"passed","title":"should handle creation errors","duration":1001.2963339999999,"failureMessages":[],"meta":{}},{"ancestorTitles":["Guild API Client","getMyGuilds"],"fullName":"Guild API Client getMyGuilds should return user guilds","status":"passed","title":"should return user guilds","duration":502.39679199999955,"failureMessages":[],"meta":{}},{"ancestorTitles":["Guild API Client","getMyGuilds"],"fullName":"Guild API Client getMyGuilds should return guilds with correct structure","status":"passed","title":"should return guilds with correct structure","duration":502.0373749999999,"failureMessages":[],"meta":{}},{"ancestorTitles":["Guild API Client","getGuild"],"fullName":"Guild API Client getGuild should return guild details","status":"passed","title":"should return guild details","duration":301.13204099999984,"failureMessages":[],"meta":{}},{"ancestorTitles":["Guild API Client","joinGuild"],"fullName":"Guild API Client joinGuild should join a guild successfully","status":"passed","title":"should join a guild successfully","duration":801.2566660000002,"failureMessages":[],"meta":{}},{"ancestorTitles":["Guild API Client","leaveGuild"],"fullName":"Guild API Client leaveGuild should leave a guild successfully","status":"passed","title":"should leave a guild successfully","duration":601.8465419999993,"failureMessages":[],"meta":{}},{"ancestorTitles":["Guild API Client","updateGuild"],"fullName":"Guild API Client updateGuild should update guild successfully","status":"passed","title":"should update guild successfully","duration":801.478083,"failureMessages":[],"meta":{}},{"ancestorTitles":["Guild API Client","deleteGuild"],"fullName":"Guild API Client deleteGuild should delete guild successfully","status":"passed","title":"should delete guild successfully","duration":501.07366699999966,"failureMessages":[],"meta":{}},{"ancestorTitles":["Guild API Client","getGuildMembers"],"fullName":"Guild API Client getGuildMembers should return guild members","status":"passed","title":"should return guild members","duration":401.58991700000024,"failureMessages":[],"meta":{}},{"ancestorTitles":["Guild API Client","removeGuildMember"],"fullName":"Guild API Client removeGuildMember should remove guild member successfully","status":"passed","title":"should remove guild member successfully","duration":501.9560419999998,"failureMessages":[],"meta":{}},{"ancestorTitles":["Guild API Client","addGoalToGuild"],"fullName":"Guild API Client addGoalToGuild should add goal to guild successfully","status":"passed","title":"should add goal to guild successfully","duration":602.1212080000005,"failureMessages":[],"meta":{}},{"ancestorTitles":["Guild API Client","removeGoalFromGuild"],"fullName":"Guild API Client removeGoalFromGuild should remove goal from guild successfully","status":"passed","title":"should remove goal from guild successfully","duration":501.5889160000006,"failureMessages":[],"meta":{}},{"ancestorTitles":["Guild API Client","addQuestToGuild"],"fullName":"Guild API Client addQuestToGuild should add quest to guild successfully","status":"passed","title":"should add quest to guild successfully","duration":602.3155420000003,"failureMessages":[],"meta":{}},{"ancestorTitles":["Guild API Client","removeQuestFromGuild"],"fullName":"Guild API Client removeQuestFromGuild should remove quest from guild successfully","status":"passed","title":"should remove quest from guild successfully","duration":514.3667499999992,"failureMessages":[],"meta":{}},{"ancestorTitles":["Guild API Client","discoverGuilds"],"fullName":"Guild API Client discoverGuilds should discover guilds successfully","status":"passed","title":"should discover guilds successfully","duration":402.36245899999994,"failureMessages":[],"meta":{}},{"ancestorTitles":["Guild API Client","discoverGuilds"],"fullName":"Guild API Client discoverGuilds should filter guilds by search query","status":"passed","title":"should filter guilds by search query","duration":401.5616659999996,"failureMessages":[],"meta":{}},{"ancestorTitles":["Guild API Client","discoverGuilds"],"fullName":"Guild API Client discoverGuilds should filter guilds by tags","status":"passed","title":"should filter guilds by tags","duration":401.2818750000006,"failureMessages":[],"meta":{}},{"ancestorTitles":["Guild API Client","GuildAPIError"],"fullName":"Guild API Client GuildAPIError should create error with message and status","status":"passed","title":"should create error with message and status","duration":0.24695799999972223,"failureMessages":[],"meta":{}},{"ancestorTitles":["Guild API Client","API Integration"],"fullName":"Guild API Client API Integration should use mock API in development","status":"passed","title":"should use mock API in development","duration":0.3797919999997248,"failureMessages":[],"meta":{}},{"ancestorTitles":["Guild API Client","API Integration"],"fullName":"Guild API Client API Integration should handle async operations with proper timing","status":"passed","title":"should handle async operations with proper timing","duration":501.2763329999998,"failureMessages":[],"meta":{}}],"startTime":1769962608731,"endTime":1769962619579.2764,"status":"passed","message":"","name":"/Volumes/macdisk2/Projetos/GoalsGuild/questbound-forge/apps/frontend/src/lib/api/__tests__/guild.test.ts"},{"assertionResults":[{"ancestorTitles":["Subscription API Client","getCurrentSubscription"],"fullName":"Subscription API Client getCurrentSubscription should fetch current subscription successfully","status":"passed","title":"should fetch current subscription successfully","duration":3.6800420000000713,"failureMessages":[],"meta":{}},{"ancestorTitles":["Subscription API Client","getCurrentSubscription"],"fullName":"Subscription API Client getCurrentSubscription should return empty subscription on forbidden response","status":"passed","title":"should return empty subscription on forbidden response","duration":0.33895800000004783,"failureMessages":[],"meta":{}},{"ancestorTitles":["Subscription API Client","getCurrentSubscription"],"fullName":"Subscription API Client getCurrentSubscription should handle API errors","status":"passed","title":"should handle API errors","duration":1.3638329999999996,"failureMessages":[],"meta":{}},{"ancestorTitles":["Subscription API Client","getCurrentSubscription"],"fullName":"Subscription API Client getCurrentSubscription should handle network errors","status":"passed","title":"should handle network errors","duration":0.5836669999999913,"failureMessages":[],"meta":{}},{"ancestorTitles":["Subscription API Client","createCheckoutSession"],"fullName":"Subscription API Client createCheckoutSession should create checkout session successfully","status":"passed","title":"should create checkout session successfully","duration":0.6828330000000733,"failureMessages":[],"meta":{}},{"ancestorTitles":["Subscription API Client","createCheckoutSession"],"fullName":"Subscription API Client createCheckoutSession should handle checkout creation errors","status":"passed","title":"should handle checkout creation errors","duration":0.627666999999974,"failureMessages":[],"meta":{}},{"ancestorTitles":["Subscription API Client","cancelSubscription"],"fullName":"Subscription API Client cancelSubscription should cancel subscription successfully","status":"passed","title":"should cancel subscription successfully","duration":0.6651669999999967,"failureMessages":[],"meta":{}},{"ancestorTitles":["Subscription API Client","cancelSubscription"],"fullName":"Subscription API Client cancelSubscription should handle cancellation errors","status":"passed","title":"should handle cancellation errors","duration":0.15787500000010368,"failureMessages":[],"meta":{}},{"ancestorTitles":["Subscription API Client","updateSubscriptionPlan"],"fullName":"Subscription API Client updateSubscriptionPlan should update subscription plan successfully","status":"passed","title":"should update subscription plan successfully","duration":0.202541999999994,"failureMessages":[],"meta":{}},{"ancestorTitles":["Subscription API Client","updateSubscriptionPlan"],"fullName":"Subscription API Client updateSubscriptionPlan should handle update plan errors","status":"passed","title":"should handle update plan errors","duration":0.17275000000006457,"failureMessages":[],"meta":{}},{"ancestorTitles":["Subscription API Client","getBillingPortalUrl"],"fullName":"Subscription API Client getBillingPortalUrl should get billing portal URL successfully","status":"passed","title":"should get billing portal URL successfully","duration":0.21879200000000765,"failureMessages":[],"meta":{}},{"ancestorTitles":["Subscription API Client","getBillingPortalUrl"],"fullName":"Subscription API Client getBillingPortalUrl should handle portal URL errors","status":"passed","title":"should handle portal URL errors","duration":0.19508299999995415,"failureMessages":[],"meta":{}},{"ancestorTitles":["Subscription API Client","getBillingPortalUrl"],"fullName":"Subscription API Client getBillingPortalUrl should return null when portal access is forbidden","status":"passed","title":"should return null when portal access is forbidden","duration":0.14200000000005275,"failureMessages":[],"meta":{}},{"ancestorTitles":["Subscription API Client","getCreditBalance"],"fullName":"Subscription API Client getCreditBalance should get credit balance successfully","status":"passed","title":"should get credit balance successfully","duration":0.23029200000007677,"failureMessages":[],"meta":{}},{"ancestorTitles":["Subscription API Client","getCreditBalance"],"fullName":"Subscription API Client getCreditBalance should handle balance fetch errors","status":"passed","title":"should handle balance fetch errors","duration":0.14120900000000347,"failureMessages":[],"meta":{}},{"ancestorTitles":["Subscription API Client","getCreditBalance"],"fullName":"Subscription API Client getCreditBalance should return empty balance when forbidden","status":"passed","title":"should return empty balance when forbidden","duration":0.11458400000003621,"failureMessages":[],"meta":{}},{"ancestorTitles":["Subscription API Client","topUpCredits"],"fullName":"Subscription API Client topUpCredits should top up credits successfully","status":"passed","title":"should top up credits successfully","duration":0.23845800000003692,"failureMessages":[],"meta":{}},{"ancestorTitles":["Subscription API Client","topUpCredits"],"fullName":"Subscription API Client topUpCredits should handle top-up errors","status":"passed","title":"should handle top-up errors","duration":0.11820799999998144,"failureMessages":[],"meta":{}},{"ancestorTitles":["Subscription API Client","topUpCredits"],"fullName":"Subscription API Client topUpCredits should handle minimum amount validation","status":"passed","title":"should handle minimum amount validation","duration":0.1033750000000282,"failureMessages":[],"meta":{}},{"ancestorTitles":["Subscription API Client","Error Handling"],"fullName":"Subscription API Client Error Handling should handle missing token gracefully","status":"passed","title":"should handle missing token gracefully","duration":0.19441700000004403,"failureMessages":[],"meta":{}},{"ancestorTitles":["Subscription API Client","Error Handling"],"fullName":"Subscription API Client Error Handling should handle JSON parse errors","status":"passed","title":"should handle JSON parse errors","duration":0.09741700000006404,"failureMessages":[],"meta":{}}],"startTime":1769962628367,"endTime":1769962628378.1943,"status":"passed","message":"","name":"/Volumes/macdisk2/Projetos/GoalsGuild/questbound-forge/apps/frontend/src/lib/api/__tests__/subscription.test.ts"},{"assertionResults":[{"ancestorTitles":["QuestAnalyticsDashboard"],"fullName":"QuestAnalyticsDashboard should render loading state","status":"passed","title":"should render loading state","duration":296.959333,"failureMessages":[],"meta":{}},{"ancestorTitles":["QuestAnalyticsDashboard"],"fullName":"QuestAnalyticsDashboard should render error state","status":"passed","title":"should render error state","duration":10.284124999999904,"failureMessages":[],"meta":{}},{"ancestorTitles":["QuestAnalyticsDashboard"],"fullName":"QuestAnalyticsDashboard should render analytics data","status":"passed","title":"should render analytics data","duration":27.091625000000022,"failureMessages":[],"meta":{}},{"ancestorTitles":["QuestAnalyticsDashboard"],"fullName":"QuestAnalyticsDashboard should render no data state","status":"passed","title":"should render no data state","duration":7.922166000000061,"failureMessages":[],"meta":{}},{"ancestorTitles":["QuestAnalyticsDashboard"],"fullName":"QuestAnalyticsDashboard should handle period change","status":"passed","title":"should handle period change","duration":36.181291999999985,"failureMessages":[],"meta":{}},{"ancestorTitles":["QuestAnalyticsDashboard"],"fullName":"QuestAnalyticsDashboard should handle refresh button click","status":"passed","title":"should handle refresh button click","duration":12.909124999999904,"failureMessages":[],"meta":{}},{"ancestorTitles":["QuestAnalyticsDashboard"],"fullName":"QuestAnalyticsDashboard should render chart components","status":"passed","title":"should render chart components","duration":37.063666999999896,"failureMessages":[],"meta":{}},{"ancestorTitles":["QuestAnalyticsDashboard"],"fullName":"QuestAnalyticsDashboard should show last updated time","status":"passed","title":"should show last updated time","duration":18.283083000000033,"failureMessages":[],"meta":{}},{"ancestorTitles":["QuestAnalyticsDashboard"],"fullName":"QuestAnalyticsDashboard should handle retry button in error state","status":"passed","title":"should handle retry button in error state","duration":8.91320799999994,"failureMessages":[],"meta":{}},{"ancestorTitles":["QuestAnalyticsDashboard"],"fullName":"QuestAnalyticsDashboard should apply custom className","status":"passed","title":"should apply custom className","duration":23.16541700000016,"failureMessages":[],"meta":{}}],"startTime":1769962623363,"endTime":1769962623842.1655,"status":"passed","message":"","name":"/Volumes/macdisk2/Projetos/GoalsGuild/questbound-forge/apps/frontend/src/components/quests/analytics/__tests__/QuestAnalyticsDashboard.test.tsx"}]}