{"numTotalTestSuites":501,"numPassedTestSuites":501,"numFailedTestSuites":0,"numPendingTestSuites":0,"numTotalTests":1389,"numPassedTests":1190,"numFailedTests":0,"numPendingTests":199,"numTodoTests":0,"snapshot":{"added":0,"failure":false,"filesAdded":0,"filesRemoved":0,"filesRemovedList":[],"filesUnmatched":0,"filesUpdated":0,"matched":0,"total":0,"unchecked":0,"uncheckedKeysByFile":[],"unmatched":0,"updated":0,"didUpdate":false},"startTime":1768694765257,"success":true,"testResults":[{"assertionResults":[{"ancestorTitles":["App"],"fullName":"App renders all providers and components","status":"passed","title":"renders all providers and components","duration":25.70679199999995,"failureMessages":[],"meta":{}},{"ancestorTitles":["App"],"fullName":"App renders Index page on root path","status":"passed","title":"renders Index page on root path","duration":2.1682499999997162,"failureMessages":[],"meta":{}},{"ancestorTitles":["App"],"fullName":"App renders Dashboard page on /dashboard path with protection","status":"passed","title":"renders Dashboard page on /dashboard path with protection","duration":15.598999999999705,"failureMessages":[],"meta":{}},{"ancestorTitles":["App"],"fullName":"App renders ChangePassword page on /account/change-password path with protection","status":"passed","title":"renders ChangePassword page on /account/change-password path with protection","duration":4.317291999999725,"failureMessages":[],"meta":{}},{"ancestorTitles":["App"],"fullName":"App renders Login page on /login/Login path","status":"passed","title":"renders Login page on /login/Login path","duration":1.0746249999997417,"failureMessages":[],"meta":{}},{"ancestorTitles":["App"],"fullName":"App renders LocalSignup page on /signup/LocalSignUp path","status":"passed","title":"renders LocalSignup page on /signup/LocalSignUp path","duration":0.8825839999999516,"failureMessages":[],"meta":{}},{"ancestorTitles":["App"],"fullName":"App renders NotFound page for unknown paths","status":"passed","title":"renders NotFound page for unknown paths","duration":2.3890419999997903,"failureMessages":[],"meta":{}}],"startTime":1768694781833,"endTime":1768694781884.3892,"status":"passed","message":"","name":"/Volumes/macdisk2/Projetos/GoalsGuild/questbound-forge/apps/frontend/src/App.test.tsx"},{"assertionResults":[{"ancestorTitles":["main.tsx"],"fullName":"main.tsx imports amplifyClient configuration","status":"passed","title":"imports amplifyClient configuration","duration":164.02191700000003,"failureMessages":[],"meta":{}},{"ancestorTitles":["main.tsx"],"fullName":"main.tsx imports index.css","status":"passed","title":"imports index.css","duration":0.7418749999999363,"failureMessages":[],"meta":{}},{"ancestorTitles":["main.tsx"],"fullName":"main.tsx creates root and renders App component","status":"passed","title":"creates root and renders App component","duration":0.8940830000000233,"failureMessages":[],"meta":{}},{"ancestorTitles":["main.tsx"],"fullName":"main.tsx handles missing root element gracefully","status":"passed","title":"handles missing root element gracefully","duration":0.6257080000000315,"failureMessages":[],"meta":{}}],"startTime":1768694782013,"endTime":1768694782179.6257,"status":"passed","message":"","name":"/Volumes/macdisk2/Projetos/GoalsGuild/questbound-forge/apps/frontend/src/main.test.tsx"},{"assertionResults":[{"ancestorTitles":["App router guard placement"],"fullName":"App router guard placement AuthWatcher mounts within a Router (no useNavigate context errors)","status":"passed","title":"AuthWatcher mounts within a Router (no useNavigate context errors)","duration":146.3483329999999,"failureMessages":[],"meta":{}}],"startTime":1768694784672,"endTime":1768694784818.3484,"status":"passed","message":"","name":"/Volumes/macdisk2/Projetos/GoalsGuild/questbound-forge/apps/frontend/src/__tests__/app.guard.test.tsx"},{"assertionResults":[{"ancestorTitles":["JSON files are UTF-8 without BOM"],"fullName":"JSON files are UTF-8 without BOM should not contain a UTF-8 BOM (﻿) prefix","status":"passed","title":"should not contain a UTF-8 BOM (﻿) prefix","duration":31.15366700000004,"failureMessages":[],"meta":{}}],"startTime":1768694783437,"endTime":1768694783468.1536,"status":"passed","message":"","name":"/Volumes/macdisk2/Projetos/GoalsGuild/questbound-forge/apps/frontend/src/__tests__/bom-json.test.ts"},{"assertionResults":[{"ancestorTitles":["frontend api lib"],"fullName":"frontend api lib createUser posts to /users/signup with payload","status":"passed","title":"createUser posts to /users/signup with payload","duration":1.051458000000025,"failureMessages":[],"meta":{}},{"ancestorTitles":["frontend api lib"],"fullName":"frontend api lib login posts to /users/login and returns token","status":"passed","title":"login posts to /users/login and returns token","duration":0.25649999999996,"failureMessages":[],"meta":{}},{"ancestorTitles":["frontend api lib"],"fullName":"frontend api lib login surfaces API errors","status":"passed","title":"login surfaces API errors","duration":0.5662080000000742,"failureMessages":[],"meta":{}},{"ancestorTitles":["frontend api lib"],"fullName":"frontend api lib login allows pending confirmation when flag is OFF","status":"passed","title":"login allows pending confirmation when flag is OFF","duration":2.247292000000016,"failureMessages":[],"meta":{}},{"ancestorTitles":["frontend api lib"],"fullName":"frontend api lib authFetch attaches Authorization and x-api-key when available","status":"passed","title":"authFetch attaches Authorization and x-api-key when available","duration":1.3157919999999876,"failureMessages":[],"meta":{}},{"ancestorTitles":["frontend api lib"],"fullName":"frontend api lib authFetch renews token when expiring soon","status":"passed","title":"authFetch renews token when expiring soon","duration":1.0532910000000584,"failureMessages":[],"meta":{}},{"ancestorTitles":["frontend api lib"],"fullName":"frontend api lib authFetch clears auth if renew fails with 401","status":"passed","title":"authFetch clears auth if renew fails with 401","duration":0.5577920000000631,"failureMessages":[],"meta":{}},{"ancestorTitles":["frontend api lib"],"fullName":"frontend api lib createUser surfaces API errors","status":"passed","title":"createUser surfaces API errors","duration":0.3835000000000264,"failureMessages":[],"meta":{}},{"ancestorTitles":["frontend api lib"],"fullName":"frontend api lib normalizes pending status to active when flag is OFF","status":"passed","title":"normalizes pending status to active when flag is OFF","duration":1.7705419999999776,"failureMessages":[],"meta":{}},{"ancestorTitles":["frontend api lib"],"fullName":"frontend api lib keeps pending status when flag is ON","status":"passed","title":"keeps pending status when flag is ON","duration":1.4201659999999947,"failureMessages":[],"meta":{}},{"ancestorTitles":["frontend api lib"],"fullName":"frontend api lib isEmailAvailable returns true/false from GraphQL","status":"passed","title":"isEmailAvailable returns true/false from GraphQL","duration":0.6025829999999814,"failureMessages":[],"meta":{}},{"ancestorTitles":["frontend api lib"],"fullName":"frontend api lib isNicknameAvailable returns true/false from GraphQL","status":"passed","title":"isNicknameAvailable returns true/false from GraphQL","duration":0.35295799999994415,"failureMessages":[],"meta":{}},{"ancestorTitles":["frontend api lib"],"fullName":"frontend api lib getUserIdFromToken returns sub or email fallback","status":"passed","title":"getUserIdFromToken returns sub or email fallback","duration":0.38783300000000054,"failureMessages":[],"meta":{}},{"ancestorTitles":["frontend api lib"],"fullName":"frontend api lib getActiveGoalsCountForUser counts active goals","status":"passed","title":"getActiveGoalsCountForUser counts active goals","duration":0.2551250000000209,"failureMessages":[],"meta":{}},{"ancestorTitles":["frontend api lib"],"fullName":"frontend api lib getActiveGoalsCountForUser returns 0 on error","status":"passed","title":"getActiveGoalsCountForUser returns 0 on error","duration":0.3716670000000022,"failureMessages":[],"meta":{}},{"ancestorTitles":["frontend api lib","password reset API functions"],"fullName":"frontend api lib password reset API functions requestPasswordReset posts to /password/reset-request with email","status":"passed","title":"requestPasswordReset posts to /password/reset-request with email","duration":2.032124999999951,"failureMessages":[],"meta":{}},{"ancestorTitles":["frontend api lib","password reset API functions"],"fullName":"frontend api lib password reset API functions requestPasswordReset includes x-api-key header when available","status":"passed","title":"requestPasswordReset includes x-api-key header when available","duration":0.55824999999993,"failureMessages":[],"meta":{}},{"ancestorTitles":["frontend api lib","password reset API functions"],"fullName":"frontend api lib password reset API functions requestPasswordReset throws error when email not confirmed","status":"passed","title":"requestPasswordReset throws error when email not confirmed","duration":7.668667000000028,"failureMessages":[],"meta":{}},{"ancestorTitles":["frontend api lib","password reset API functions"],"fullName":"frontend api lib password reset API functions requestPasswordReset throws error on network failure","status":"passed","title":"requestPasswordReset throws error on network failure","duration":2.346292000000062,"failureMessages":[],"meta":{}},{"ancestorTitles":["frontend api lib","password reset API functions"],"fullName":"frontend api lib password reset API functions resetPassword posts to /password/change with reset_token","status":"passed","title":"resetPassword posts to /password/change with reset_token","duration":0.8389170000000377,"failureMessages":[],"meta":{}},{"ancestorTitles":["frontend api lib","password reset API functions"],"fullName":"frontend api lib password reset API functions resetPassword includes x-api-key header when available","status":"passed","title":"resetPassword includes x-api-key header when available","duration":0.7665409999999611,"failureMessages":[],"meta":{}},{"ancestorTitles":["frontend api lib","password reset API functions"],"fullName":"frontend api lib password reset API functions resetPassword throws error for expired token","status":"passed","title":"resetPassword throws error for expired token","duration":0.9212499999999864,"failureMessages":[],"meta":{}},{"ancestorTitles":["frontend api lib","password reset API functions"],"fullName":"frontend api lib password reset API functions resetPassword throws error for invalid token","status":"passed","title":"resetPassword throws error for invalid token","duration":0.7114579999999933,"failureMessages":[],"meta":{}},{"ancestorTitles":["frontend api lib","password reset API functions"],"fullName":"frontend api lib password reset API functions resetPassword throws error for weak password","status":"passed","title":"resetPassword throws error for weak password","duration":0.8643749999999955,"failureMessages":[],"meta":{}}],"startTime":1768694784193,"endTime":1768694784222.8643,"status":"passed","message":"","name":"/Volumes/macdisk2/Projetos/GoalsGuild/questbound-forge/apps/frontend/src/lib/api.test.ts"},{"assertionResults":[{"ancestorTitles":["useQuestNotifications","Quest Event Notifications"],"fullName":"useQuestNotifications Quest Event Notifications should send quest started notification","status":"passed","title":"should send quest started notification","duration":17.872124999999983,"failureMessages":[],"meta":{}},{"ancestorTitles":["useQuestNotifications","Quest Event Notifications"],"fullName":"useQuestNotifications Quest Event Notifications should send quest completed notification","status":"passed","title":"should send quest completed notification","duration":1.5562499999999773,"failureMessages":[],"meta":{}},{"ancestorTitles":["useQuestNotifications","Quest Event Notifications"],"fullName":"useQuestNotifications Quest Event Notifications should send quest failed notification","status":"passed","title":"should send quest failed notification","duration":2.258291999999983,"failureMessages":[],"meta":{}},{"ancestorTitles":["useQuestNotifications","Quest Event Notifications"],"fullName":"useQuestNotifications Quest Event Notifications should send progress milestone notification","status":"passed","title":"should send progress milestone notification","duration":1.4607919999999694,"failureMessages":[],"meta":{}},{"ancestorTitles":["useQuestNotifications","Quest Event Notifications"],"fullName":"useQuestNotifications Quest Event Notifications should send deadline warning notification","status":"passed","title":"should send deadline warning notification","duration":2.3096669999999904,"failureMessages":[],"meta":{}},{"ancestorTitles":["useQuestNotifications","Quest Event Notifications"],"fullName":"useQuestNotifications Quest Event Notifications should send streak achieved notification","status":"passed","title":"should send streak achieved notification","duration":1.79950000000008,"failureMessages":[],"meta":{}},{"ancestorTitles":["useQuestNotifications","Quest Event Notifications"],"fullName":"useQuestNotifications Quest Event Notifications should send challenge joined notification","status":"passed","title":"should send challenge joined notification","duration":7.298958999999968,"failureMessages":[],"meta":{}},{"ancestorTitles":["useQuestNotifications","Notification Preferences"],"fullName":"useQuestNotifications Notification Preferences should respect user notification preferences","status":"passed","title":"should respect user notification preferences","duration":0.597582999999986,"failureMessages":[],"meta":{}},{"ancestorTitles":["useQuestNotifications","Error Handling"],"fullName":"useQuestNotifications Error Handling should handle notification errors gracefully","status":"passed","title":"should handle notification errors gracefully","duration":1.1906249999999545,"failureMessages":[],"meta":{}}],"startTime":1768694782992,"endTime":1768694783029.1907,"status":"passed","message":"","name":"/Volumes/macdisk2/Projetos/GoalsGuild/questbound-forge/apps/frontend/src/__tests__/notifications/QuestNotifications.test.tsx"},{"assertionResults":[{"ancestorTitles":["questNotifications","getNotificationMessage"],"fullName":"questNotifications getNotificationMessage should return correct message for quest started","status":"passed","title":"should return correct message for quest started","duration":1.9543330000000196,"failureMessages":[],"meta":{}},{"ancestorTitles":["questNotifications","getNotificationMessage"],"fullName":"questNotifications getNotificationMessage should return correct message for quest completed","status":"passed","title":"should return correct message for quest completed","duration":0.16766599999994014,"failureMessages":[],"meta":{}},{"ancestorTitles":["questNotifications","getNotificationMessage"],"fullName":"questNotifications getNotificationMessage should return correct message for progress milestone","status":"passed","title":"should return correct message for progress milestone","duration":0.11358399999994617,"failureMessages":[],"meta":{}},{"ancestorTitles":["questNotifications","getNotificationMessage"],"fullName":"questNotifications getNotificationMessage should return correct message for streak achieved","status":"passed","title":"should return correct message for streak achieved","duration":0.08975000000009459,"failureMessages":[],"meta":{}},{"ancestorTitles":["questNotifications","shouldNotify"],"fullName":"questNotifications shouldNotify should return true when all preferences are enabled","status":"passed","title":"should return true when all preferences are enabled","duration":0.36458300000003874,"failureMessages":[],"meta":{}},{"ancestorTitles":["questNotifications","shouldNotify"],"fullName":"questNotifications shouldNotify should return false when specific event type is disabled","status":"passed","title":"should return false when specific event type is disabled","duration":0.180541000000062,"failureMessages":[],"meta":{}},{"ancestorTitles":["questNotifications","shouldNotify"],"fullName":"questNotifications shouldNotify should return false when in-app notifications are disabled","status":"passed","title":"should return false when in-app notifications are disabled","duration":0.11362500000007003,"failureMessages":[],"meta":{}},{"ancestorTitles":["questNotifications","shouldNotify"],"fullName":"questNotifications shouldNotify should return false when user has no preferences","status":"passed","title":"should return false when user has no preferences","duration":0.13341600000001108,"failureMessages":[],"meta":{}},{"ancestorTitles":["questNotifications","shouldNotify"],"fullName":"questNotifications shouldNotify should return false when preferences object is incomplete","status":"passed","title":"should return false when preferences object is incomplete","duration":0.17666700000006585,"failureMessages":[],"meta":{}},{"ancestorTitles":["questNotifications","shouldNotify"],"fullName":"questNotifications shouldNotify should handle challengeJoined event type correctly","status":"passed","title":"should handle challengeJoined event type correctly","duration":0.1883749999999509,"failureMessages":[],"meta":{}}],"startTime":1768694784930,"endTime":1768694784933.1885,"status":"passed","message":"","name":"/Volumes/macdisk2/Projetos/GoalsGuild/questbound-forge/apps/frontend/src/__tests__/notifications/questNotifications.test.ts"},{"assertionResults":[{"ancestorTitles":["Goal Management Performance","GoalsList Performance"],"fullName":"Goal Management Performance GoalsList Performance renders large goal list efficiently","status":"passed","title":"renders large goal list efficiently","duration":48.13225000000011,"failureMessages":[],"meta":{}}],"startTime":1768694783660,"endTime":1768694783708.1323,"status":"passed","message":"","name":"/Volumes/macdisk2/Projetos/GoalsGuild/questbound-forge/apps/frontend/src/__tests__/performance/goalManagement.test.tsx"},{"assertionResults":[{"ancestorTitles":["useIsMobile"],"fullName":"useIsMobile returns false for desktop screen width (1024px)","status":"passed","title":"returns false for desktop screen width (1024px)","duration":7.73599999999999,"failureMessages":[],"meta":{}},{"ancestorTitles":["useIsMobile"],"fullName":"useIsMobile returns true for mobile screen width (767px)","status":"passed","title":"returns true for mobile screen width (767px)","duration":1.7203339999999798,"failureMessages":[],"meta":{}},{"ancestorTitles":["useIsMobile"],"fullName":"useIsMobile returns true for tablet screen width (768px)","status":"passed","title":"returns true for tablet screen width (768px)","duration":0.6640409999999974,"failureMessages":[],"meta":{}},{"ancestorTitles":["useIsMobile"],"fullName":"useIsMobile updates when window is resized","status":"passed","title":"updates when window is resized","duration":2.3116670000000568,"failureMessages":[],"meta":{}},{"ancestorTitles":["useIsMobile"],"fullName":"useIsMobile sets up matchMedia event listener on mount","status":"passed","title":"sets up matchMedia event listener on mount","duration":1.4941670000000613,"failureMessages":[],"meta":{}},{"ancestorTitles":["useIsMobile"],"fullName":"useIsMobile cleans up matchMedia event listener on unmount","status":"passed","title":"cleans up matchMedia event listener on unmount","duration":1.663583000000017,"failureMessages":[],"meta":{}},{"ancestorTitles":["useIsMobile"],"fullName":"useIsMobile handles undefined initial state correctly","status":"passed","title":"handles undefined initial state correctly","duration":1.6736249999999018,"failureMessages":[],"meta":{}},{"ancestorTitles":["useIsMobile"],"fullName":"useIsMobile correctly determines mobile breakpoint at 767px","status":"passed","title":"correctly determines mobile breakpoint at 767px","duration":1.3821250000000873,"failureMessages":[],"meta":{}},{"ancestorTitles":["useIsMobile"],"fullName":"useIsMobile correctly determines desktop at 768px","status":"passed","title":"correctly determines desktop at 768px","duration":1.0632080000000315,"failureMessages":[],"meta":{}}],"startTime":1768694782488,"endTime":1768694782509.0632,"status":"passed","message":"","name":"/Volumes/macdisk2/Projetos/GoalsGuild/questbound-forge/apps/frontend/src/hooks/__tests__/use-mobile.test.tsx"},{"assertionResults":[{"ancestorTitles":["toast reducer"],"fullName":"toast reducer ADD_TOAST adds a new toast to the state","status":"passed","title":"ADD_TOAST adds a new toast to the state","duration":4.061041999999929,"failureMessages":[],"meta":{}},{"ancestorTitles":["toast reducer"],"fullName":"toast reducer ADD_TOAST respects TOAST_LIMIT","status":"passed","title":"ADD_TOAST respects TOAST_LIMIT","duration":0.24741599999993014,"failureMessages":[],"meta":{}},{"ancestorTitles":["toast reducer"],"fullName":"toast reducer UPDATE_TOAST updates an existing toast","status":"passed","title":"UPDATE_TOAST updates an existing toast","duration":0.19991699999991397,"failureMessages":[],"meta":{}},{"ancestorTitles":["toast reducer"],"fullName":"toast reducer DISMISS_TOAST sets open to false for specific toast","status":"passed","title":"DISMISS_TOAST sets open to false for specific toast","duration":0.10404200000004948,"failureMessages":[],"meta":{}},{"ancestorTitles":["toast reducer"],"fullName":"toast reducer DISMISS_TOAST dismisses all toasts when no toastId provided","status":"passed","title":"DISMISS_TOAST dismisses all toasts when no toastId provided","duration":0.09083299999997507,"failureMessages":[],"meta":{}},{"ancestorTitles":["toast reducer"],"fullName":"toast reducer REMOVE_TOAST removes specific toast","status":"passed","title":"REMOVE_TOAST removes specific toast","duration":0.0983330000000251,"failureMessages":[],"meta":{}},{"ancestorTitles":["toast reducer"],"fullName":"toast reducer REMOVE_TOAST removes all toasts when no toastId provided","status":"passed","title":"REMOVE_TOAST removes all toasts when no toastId provided","duration":0.1495830000000069,"failureMessages":[],"meta":{}},{"ancestorTitles":["toast function"],"fullName":"toast function toast function returns an object with id, dismiss, and update methods","status":"passed","title":"toast function returns an object with id, dismiss, and update methods","duration":0.3028749999999718,"failureMessages":[],"meta":{}},{"ancestorTitles":["toast function"],"fullName":"toast function toast generates unique IDs","status":"passed","title":"toast generates unique IDs","duration":0.15233299999999872,"failureMessages":[],"meta":{}},{"ancestorTitles":["useToast hook"],"fullName":"useToast hook useToast returns state and methods","status":"passed","title":"useToast returns state and methods","duration":4.693916999999942,"failureMessages":[],"meta":{}},{"ancestorTitles":["useToast hook"],"fullName":"useToast hook useToast subscribes to state changes","status":"passed","title":"useToast subscribes to state changes","duration":1.0156670000000076,"failureMessages":[],"meta":{}},{"ancestorTitles":["useToast hook"],"fullName":"useToast hook dismiss method dismisses specific toast","status":"passed","title":"dismiss method dismisses specific toast","duration":0.6610000000000582,"failureMessages":[],"meta":{}},{"ancestorTitles":["useToast hook"],"fullName":"useToast hook dismiss method dismisses all toasts when no id provided","status":"passed","title":"dismiss method dismisses all toasts when no id provided","duration":0.6192079999999578,"failureMessages":[],"meta":{}},{"ancestorTitles":["useToast hook"],"fullName":"useToast hook toast dismiss method works","status":"passed","title":"toast dismiss method works","duration":0.5607909999999947,"failureMessages":[],"meta":{}},{"ancestorTitles":["useToast hook"],"fullName":"useToast hook toast update method works","status":"passed","title":"toast update method works","duration":0.4732500000000073,"failureMessages":[],"meta":{}},{"ancestorTitles":["useToast hook"],"fullName":"useToast hook cleanup removes listener on unmount","status":"passed","title":"cleanup removes listener on unmount","duration":0.7217500000000427,"failureMessages":[],"meta":{}},{"ancestorTitles":["useToast hook"],"fullName":"useToast hook toast includes onOpenChange handler","status":"passed","title":"toast includes onOpenChange handler","duration":3.196957999999995,"failureMessages":[],"meta":{}},{"ancestorTitles":["useToast hook"],"fullName":"useToast hook onOpenChange calls dismiss when open is false","status":"passed","title":"onOpenChange calls dismiss when open is false","duration":0.6348749999999654,"failureMessages":[],"meta":{}}],"startTime":1768694783223,"endTime":1768694783240.6348,"status":"passed","message":"","name":"/Volumes/macdisk2/Projetos/GoalsGuild/questbound-forge/apps/frontend/src/hooks/__tests__/use-toast.test.tsx"},{"assertionResults":[{"ancestorTitles":["useCarousel"],"fullName":"useCarousel initializes with first slide","status":"passed","title":"initializes with first slide","duration":12.835833999999977,"failureMessages":[],"meta":{}},{"ancestorTitles":["useCarousel"],"fullName":"useCarousel goes to next slide","status":"passed","title":"goes to next slide","duration":1.3263749999999845,"failureMessages":[],"meta":{}},{"ancestorTitles":["useCarousel"],"fullName":"useCarousel wraps around to first slide after last","status":"passed","title":"wraps around to first slide after last","duration":0.7331669999999804,"failureMessages":[],"meta":{}},{"ancestorTitles":["useCarousel"],"fullName":"useCarousel goes to previous slide","status":"passed","title":"goes to previous slide","duration":0.720957999999996,"failureMessages":[],"meta":{}},{"ancestorTitles":["useCarousel"],"fullName":"useCarousel wraps around to last slide before first","status":"passed","title":"wraps around to last slide before first","duration":0.5966249999999036,"failureMessages":[],"meta":{}},{"ancestorTitles":["useCarousel"],"fullName":"useCarousel goes to specific slide","status":"passed","title":"goes to specific slide","duration":0.4868749999999409,"failureMessages":[],"meta":{}},{"ancestorTitles":["useCarousel"],"fullName":"useCarousel does not go to invalid slide index","status":"passed","title":"does not go to invalid slide index","duration":0.6440830000000233,"failureMessages":[],"meta":{}},{"ancestorTitles":["useCarousel"],"fullName":"useCarousel toggles auto-play","status":"passed","title":"toggles auto-play","duration":1.262792000000104,"failureMessages":[],"meta":{}},{"ancestorTitles":["useCarousel"],"fullName":"useCarousel pauses auto-play","status":"passed","title":"pauses auto-play","duration":1.46387500000003,"failureMessages":[],"meta":{}},{"ancestorTitles":["useCarousel"],"fullName":"useCarousel starts auto-play","status":"passed","title":"starts auto-play","duration":6.239333999999985,"failureMessages":[],"meta":{}},{"ancestorTitles":["useCarousel"],"fullName":"useCarousel auto-advances slides when playing","status":"passed","title":"auto-advances slides when playing","duration":1.6647080000000187,"failureMessages":[],"meta":{}},{"ancestorTitles":["useCarousel"],"fullName":"useCarousel does not auto-advance when paused","status":"passed","title":"does not auto-advance when paused","duration":3.9327500000000555,"failureMessages":[],"meta":{}},{"ancestorTitles":["useCarousel"],"fullName":"useCarousel pauses when page becomes hidden","status":"passed","title":"pauses when page becomes hidden","duration":0.7415409999999838,"failureMessages":[],"meta":{}},{"ancestorTitles":["useCarousel"],"fullName":"useCarousel resumes when page becomes visible","status":"passed","title":"resumes when page becomes visible","duration":0.45220899999992525,"failureMessages":[],"meta":{}}],"startTime":1768694783324,"endTime":1768694783357.4521,"status":"passed","message":"","name":"/Volumes/macdisk2/Projetos/GoalsGuild/questbound-forge/apps/frontend/src/hooks/__tests__/useCarousel.test.ts"},{"assertionResults":[{"ancestorTitles":["useCommunityData"],"fullName":"useCommunityData fetches data on mount","status":"passed","title":"fetches data on mount","duration":318.84579199999985,"failureMessages":[],"meta":{}},{"ancestorTitles":["useCommunityData"],"fullName":"useCommunityData passes limit parameter to data fetching functions","status":"passed","title":"passes limit parameter to data fetching functions","duration":306.32008399999995,"failureMessages":[],"meta":{}},{"ancestorTitles":["useCommunityData"],"fullName":"useCommunityData handles fetch error","status":"passed","title":"handles fetch error","duration":305.7607919999998,"failureMessages":[],"meta":{}},{"ancestorTitles":["useCommunityData"],"fullName":"useCommunityData refetch function reloads data","status":"passed","title":"refetch function reloads data","duration":617.246083,"failureMessages":[],"meta":{}},{"ancestorTitles":["useCommunityData"],"fullName":"useCommunityData addActivity adds new activity optimistically","status":"passed","title":"addActivity adds new activity optimistically","duration":306.8180000000002,"failureMessages":[],"meta":{}},{"ancestorTitles":["useCommunityData"],"fullName":"useCommunityData addActivity reverts on error","status":"passed","title":"addActivity reverts on error","duration":610.8992920000001,"failureMessages":[],"meta":{}},{"ancestorTitles":["useCommunityActivities"],"fullName":"useCommunityActivities fetches all activities by default","status":"passed","title":"fetches all activities by default","duration":204.21587500000032,"failureMessages":[],"meta":{}},{"ancestorTitles":["useCommunityActivities"],"fullName":"useCommunityActivities filters activities by type when specified","status":"passed","title":"filters activities by type when specified","duration":205.45666600000004,"failureMessages":[],"meta":{}},{"ancestorTitles":["useCommunityActivities"],"fullName":"useCommunityActivities respects limit parameter","status":"passed","title":"respects limit parameter","duration":206.22666600000002,"failureMessages":[],"meta":{}},{"ancestorTitles":["useForumData"],"fullName":"useForumData fetches forum topics and trending topics","status":"passed","title":"fetches forum topics and trending topics","duration":205.32737499999985,"failureMessages":[],"meta":{}},{"ancestorTitles":["useForumData"],"fullName":"useForumData passes limit to getForumTopics","status":"passed","title":"passes limit to getForumTopics","duration":205.86200000000008,"failureMessages":[],"meta":{}},{"ancestorTitles":["useLeaderboard"],"fullName":"useLeaderboard fetches leaderboard data","status":"passed","title":"fetches leaderboard data","duration":203.97220800000014,"failureMessages":[],"meta":{}},{"ancestorTitles":["useLeaderboard"],"fullName":"useLeaderboard passes limit to getGuildLeaderboard","status":"passed","title":"passes limit to getGuildLeaderboard","duration":211.34962500000074,"failureMessages":[],"meta":{}}],"startTime":1768694766127,"endTime":1768694770035.3496,"status":"passed","message":"","name":"/Volumes/macdisk2/Projetos/GoalsGuild/questbound-forge/apps/frontend/src/hooks/__tests__/useCommunityData.test.tsx"},{"assertionResults":[{"ancestorTitles":["useDebouncedValidation"],"fullName":"useDebouncedValidation should initialize with default state","status":"skipped","title":"should initialize with default state","failureMessages":[],"meta":{}},{"ancestorTitles":["useDebouncedValidation"],"fullName":"useDebouncedValidation should register field schemas correctly","status":"skipped","title":"should register field schemas correctly","failureMessages":[],"meta":{}},{"ancestorTitles":["useDebouncedValidation"],"fullName":"useDebouncedValidation should validate field synchronously when called directly","status":"skipped","title":"should validate field synchronously when called directly","failureMessages":[],"meta":{}},{"ancestorTitles":["useDebouncedValidation"],"fullName":"useDebouncedValidation should return error for invalid field value","status":"skipped","title":"should return error for invalid field value","failureMessages":[],"meta":{}},{"ancestorTitles":["useDebouncedValidation"],"fullName":"useDebouncedValidation should debounce validation calls","status":"skipped","title":"should debounce validation calls","failureMessages":[],"meta":{}},{"ancestorTitles":["useDebouncedValidation"],"fullName":"useDebouncedValidation should clear field validation","status":"skipped","title":"should clear field validation","failureMessages":[],"meta":{}},{"ancestorTitles":["useDebouncedValidation"],"fullName":"useDebouncedValidation should clear all validations","status":"skipped","title":"should clear all validations","failureMessages":[],"meta":{}},{"ancestorTitles":["useDebouncedValidation"],"fullName":"useDebouncedValidation should handle empty values correctly","status":"skipped","title":"should handle empty values correctly","failureMessages":[],"meta":{}},{"ancestorTitles":["useDebouncedValidation"],"fullName":"useDebouncedValidation should provide validation summary","status":"skipped","title":"should provide validation summary","failureMessages":[],"meta":{}},{"ancestorTitles":["useDebouncedValidation"],"fullName":"useDebouncedValidation should handle custom configuration","status":"skipped","title":"should handle custom configuration","failureMessages":[],"meta":{}}],"startTime":1768694765257,"endTime":1768694765257,"status":"passed","message":"","name":"/Volumes/macdisk2/Projetos/GoalsGuild/questbound-forge/apps/frontend/src/hooks/__tests__/useDebouncedValidation.test.ts"},{"assertionResults":[{"ancestorTitles":["useOnlineStatus"],"fullName":"useOnlineStatus returns true when navigator.onLine is true","status":"passed","title":"returns true when navigator.onLine is true","duration":10.607082999999989,"failureMessages":[],"meta":{}},{"ancestorTitles":["useOnlineStatus"],"fullName":"useOnlineStatus returns false when navigator.onLine is false","status":"passed","title":"returns false when navigator.onLine is false","duration":1.5581250000000182,"failureMessages":[],"meta":{}},{"ancestorTitles":["useOnlineStatus"],"fullName":"useOnlineStatus updates when online event fires","status":"passed","title":"updates when online event fires","duration":11.594458000000031,"failureMessages":[],"meta":{}},{"ancestorTitles":["useOnlineStatus"],"fullName":"useOnlineStatus updates when offline event fires","status":"passed","title":"updates when offline event fires","duration":2.518957999999998,"failureMessages":[],"meta":{}},{"ancestorTitles":["useOnlineStatus"],"fullName":"useOnlineStatus cleans up event listeners on unmount","status":"passed","title":"cleans up event listeners on unmount","duration":2.709082999999964,"failureMessages":[],"meta":{}}],"startTime":1768694784176,"endTime":1768694784204.709,"status":"passed","message":"","name":"/Volumes/macdisk2/Projetos/GoalsGuild/questbound-forge/apps/frontend/src/hooks/__tests__/useOnlineStatus.test.ts"},{"assertionResults":[{"ancestorTitles":["usePartnerData"],"fullName":"usePartnerData fetches data on mount","status":"passed","title":"fetches data on mount","duration":526.383583,"failureMessages":[],"meta":{}},{"ancestorTitles":["usePartnerData"],"fullName":"usePartnerData handles fetch error","status":"passed","title":"handles fetch error","duration":508.50325,"failureMessages":[],"meta":{}},{"ancestorTitles":["usePartnerData"],"fullName":"usePartnerData refetch function reloads data","status":"passed","title":"refetch function reloads data","duration":1033.1299170000002,"failureMessages":[],"meta":{}},{"ancestorTitles":["usePartnerData"],"fullName":"usePartnerData addService adds new service to data","status":"passed","title":"addService adds new service to data","duration":817.1197079999997,"failureMessages":[],"meta":{}},{"ancestorTitles":["usePartnerData"],"fullName":"usePartnerData addService handles error","status":"passed","title":"addService handles error","duration":513.206792,"failureMessages":[],"meta":{}},{"ancestorTitles":["usePartnerData"],"fullName":"usePartnerData updateService updates existing service","status":"passed","title":"updateService updates existing service","duration":518.5317079999995,"failureMessages":[],"meta":{}},{"ancestorTitles":["usePartnerData"],"fullName":"usePartnerData updateService handles error","status":"passed","title":"updateService handles error","duration":510.8181249999998,"failureMessages":[],"meta":{}},{"ancestorTitles":["usePartnerData"],"fullName":"usePartnerData toggleService toggles service active status","status":"passed","title":"toggleService toggles service active status","duration":512.2082500000006,"failureMessages":[],"meta":{}},{"ancestorTitles":["usePartnerData"],"fullName":"usePartnerData deleteService removes service from data","status":"passed","title":"deleteService removes service from data","duration":822.0474999999997,"failureMessages":[],"meta":{}},{"ancestorTitles":["usePartnerData"],"fullName":"usePartnerData deleteService handles error","status":"passed","title":"deleteService handles error","duration":819.2649160000001,"failureMessages":[],"meta":{}},{"ancestorTitles":["usePartnerData"],"fullName":"usePartnerData serviceReport is generated correctly","status":"passed","title":"serviceReport is generated correctly","duration":526.2259999999997,"failureMessages":[],"meta":{}},{"ancestorTitles":["usePartnerMetrics"],"fullName":"usePartnerMetrics returns metrics and loading state","status":"passed","title":"returns metrics and loading state","duration":512.443041999999,"failureMessages":[],"meta":{}},{"ancestorTitles":["usePartnerServices"],"fullName":"usePartnerServices returns services data and computed values","status":"passed","title":"returns services data and computed values","duration":517.3522920000014,"failureMessages":[],"meta":{}},{"ancestorTitles":["usePartnerServices"],"fullName":"usePartnerServices includes service management functions","status":"passed","title":"includes service management functions","duration":510.25758399999904,"failureMessages":[],"meta":{}},{"ancestorTitles":["usePartnerAnalytics"],"fullName":"usePartnerAnalytics returns analytics data","status":"passed","title":"returns analytics data","duration":519.3365419999991,"failureMessages":[],"meta":{}}],"startTime":1768694766129,"endTime":1768694775296.3364,"status":"passed","message":"","name":"/Volumes/macdisk2/Projetos/GoalsGuild/questbound-forge/apps/frontend/src/hooks/__tests__/usePartnerData.test.tsx"},{"assertionResults":[{"ancestorTitles":["usePatronData"],"fullName":"usePatronData fetches data on mount","status":"passed","title":"fetches data on mount","duration":523.6213339999999,"failureMessages":[],"meta":{}},{"ancestorTitles":["usePatronData"],"fullName":"usePatronData handles fetch error","status":"passed","title":"handles fetch error","duration":510.0138340000001,"failureMessages":[],"meta":{}},{"ancestorTitles":["usePatronData"],"fullName":"usePatronData refetch function reloads data","status":"passed","title":"refetch function reloads data","duration":1050.883625,"failureMessages":[],"meta":{}},{"ancestorTitles":["usePatronData"],"fullName":"usePatronData addContribution adds new contribution and updates impact","status":"passed","title":"addContribution adds new contribution and updates impact","duration":817.325167,"failureMessages":[],"meta":{}},{"ancestorTitles":["usePatronData"],"fullName":"usePatronData addContribution handles error","status":"passed","title":"addContribution handles error","duration":510.6235839999995,"failureMessages":[],"meta":{}},{"ancestorTitles":["usePatronData"],"fullName":"usePatronData processContributionById updates contribution status","status":"passed","title":"processContributionById updates contribution status","duration":516.659541,"failureMessages":[],"meta":{}},{"ancestorTitles":["usePatronData"],"fullName":"usePatronData processContributionById handles error","status":"passed","title":"processContributionById handles error","duration":510.5979580000003,"failureMessages":[],"meta":{}},{"ancestorTitles":["usePatronData"],"fullName":"usePatronData calculates patron tier correctly","status":"passed","title":"calculates patron tier correctly","duration":506.9617500000004,"failureMessages":[],"meta":{}},{"ancestorTitles":["usePatronData"],"fullName":"usePatronData gets next tier requirement","status":"passed","title":"gets next tier requirement","duration":512.7178749999994,"failureMessages":[],"meta":{}},{"ancestorTitles":["usePatronData"],"fullName":"usePatronData generates impact report","status":"passed","title":"generates impact report","duration":511.90529199999946,"failureMessages":[],"meta":{}},{"ancestorTitles":["usePatronImpact"],"fullName":"usePatronImpact returns impact data and loading state","status":"passed","title":"returns impact data and loading state","duration":571.1925839999994,"failureMessages":[],"meta":{}},{"ancestorTitles":["usePatronContributions"],"fullName":"usePatronContributions returns contributions data and computed values","status":"passed","title":"returns contributions data and computed values","duration":516.1971249999997,"failureMessages":[],"meta":{}},{"ancestorTitles":["usePatronContributions"],"fullName":"usePatronContributions includes contribution management functions","status":"passed","title":"includes contribution management functions","duration":514.0970410000009,"failureMessages":[],"meta":{}},{"ancestorTitles":["usePatronBenefits"],"fullName":"usePatronBenefits returns benefits data with categorized benefits","status":"passed","title":"returns benefits data with categorized benefits","duration":515.5792090000014,"failureMessages":[],"meta":{}},{"ancestorTitles":["usePatronImpactStories"],"fullName":"usePatronImpactStories returns impact stories and community stats","status":"passed","title":"returns impact stories and community stats","duration":508.96308300000055,"failureMessages":[],"meta":{}}],"startTime":1768694766138,"endTime":1768694774735.9631,"status":"passed","message":"","name":"/Volumes/macdisk2/Projetos/GoalsGuild/questbound-forge/apps/frontend/src/hooks/__tests__/usePatronData.test.tsx"},{"assertionResults":[{"ancestorTitles":["useQuests Memory-Optimized Tests"],"fullName":"useQuests Memory-Optimized Tests should load quests successfully","status":"passed","title":"should load quests successfully","duration":64.53316700000005,"failureMessages":[],"meta":{}},{"ancestorTitles":["useQuests Memory-Optimized Tests"],"fullName":"useQuests Memory-Optimized Tests should handle load error","status":"passed","title":"should handle load error","duration":52.9135,"failureMessages":[],"meta":{}},{"ancestorTitles":["useQuests Memory-Optimized Tests"],"fullName":"useQuests Memory-Optimized Tests should create a quest successfully","status":"passed","title":"should create a quest successfully","duration":4.3953749999999445,"failureMessages":[],"meta":{}},{"ancestorTitles":["useQuests Memory-Optimized Tests"],"fullName":"useQuests Memory-Optimized Tests should handle create error and rollback optimistic update","status":"passed","title":"should handle create error and rollback optimistic update","duration":3.3714579999999614,"failureMessages":[],"meta":{}},{"ancestorTitles":["useQuests Memory-Optimized Tests"],"fullName":"useQuests Memory-Optimized Tests should start a quest","status":"passed","title":"should start a quest","duration":55.954124999999976,"failureMessages":[],"meta":{}},{"ancestorTitles":["useQuests Memory-Optimized Tests"],"fullName":"useQuests Memory-Optimized Tests should edit a quest","status":"passed","title":"should edit a quest","duration":54.53237499999989,"failureMessages":[],"meta":{}},{"ancestorTitles":["useQuests Memory-Optimized Tests"],"fullName":"useQuests Memory-Optimized Tests should delete a quest","status":"passed","title":"should delete a quest","duration":55.90091700000016,"failureMessages":[],"meta":{}},{"ancestorTitles":["useQuests Memory-Optimized Tests"],"fullName":"useQuests Memory-Optimized Tests should clear the main error state","status":"passed","title":"should clear the main error state","duration":55.150750000000016,"failureMessages":[],"meta":{}}],"startTime":1768694774580,"endTime":1768694774926.1506,"status":"passed","message":"","name":"/Volumes/macdisk2/Projetos/GoalsGuild/questbound-forge/apps/frontend/src/hooks/__tests__/useQuest.memory.test.tsx"},{"assertionResults":[{"ancestorTitles":["useQuestAnalytics"],"fullName":"useQuestAnalytics should initialize with loading state","status":"passed","title":"should initialize with loading state","duration":11.912042000000042,"failureMessages":[],"meta":{}},{"ancestorTitles":["useQuestAnalytics"],"fullName":"useQuestAnalytics should load analytics successfully","status":"passed","title":"should load analytics successfully","duration":4.198875000000044,"failureMessages":[],"meta":{}},{"ancestorTitles":["useQuestAnalytics"],"fullName":"useQuestAnalytics should load from cache when available","status":"passed","title":"should load from cache when available","duration":3.6209579999999733,"failureMessages":[],"meta":{}},{"ancestorTitles":["useQuestAnalytics"],"fullName":"useQuestAnalytics should handle cache expiration","status":"passed","title":"should handle cache expiration","duration":54.29029200000002,"failureMessages":[],"meta":{}},{"ancestorTitles":["useQuestAnalytics"],"fullName":"useQuestAnalytics should handle API errors","status":"passed","title":"should handle API errors","duration":65.89358300000004,"failureMessages":[],"meta":{}},{"ancestorTitles":["useQuestAnalytics"],"fullName":"useQuestAnalytics should refresh analytics","status":"passed","title":"should refresh analytics","duration":63.58220799999992,"failureMessages":[],"meta":{}},{"ancestorTitles":["useQuestAnalytics"],"fullName":"useQuestAnalytics should clear errors","status":"passed","title":"should clear errors","duration":54.25095799999997,"failureMessages":[],"meta":{}},{"ancestorTitles":["useQuestAnalytics"],"fullName":"useQuestAnalytics should generate insights correctly","status":"passed","title":"should generate insights correctly","duration":3.0304170000000568,"failureMessages":[],"meta":{}},{"ancestorTitles":["useQuestAnalytics"],"fullName":"useQuestAnalytics should handle different periods","status":"passed","title":"should handle different periods","duration":56.407332999999994,"failureMessages":[],"meta":{}},{"ancestorTitles":["useQuestAnalytics"],"fullName":"useQuestAnalytics should handle auto-refresh","status":"skipped","title":"should handle auto-refresh","failureMessages":[],"meta":{}},{"ancestorTitles":["useQuestAnalytics"],"fullName":"useQuestAnalytics should handle cache storage errors gracefully","status":"skipped","title":"should handle cache storage errors gracefully","failureMessages":[],"meta":{}},{"ancestorTitles":["useQuestAnalytics"],"fullName":"useQuestAnalytics should handle malformed cache data","status":"skipped","title":"should handle malformed cache data","failureMessages":[],"meta":{}}],"startTime":1768694775510,"endTime":1768694775827.4072,"status":"passed","message":"","name":"/Volumes/macdisk2/Projetos/GoalsGuild/questbound-forge/apps/frontend/src/hooks/__tests__/useQuestAnalytics.test.tsx"},{"assertionResults":[{"ancestorTitles":["useQuestTemplateCreate","Initial State"],"fullName":"useQuestTemplateCreate Initial State returns initial state correctly","status":"passed","title":"returns initial state correctly","duration":19.326542000000018,"failureMessages":[],"meta":{}},{"ancestorTitles":["useQuestTemplateCreate","Template Creation"],"fullName":"useQuestTemplateCreate Template Creation creates template successfully","status":"passed","title":"creates template successfully","duration":6.062249999999949,"failureMessages":[],"meta":{}},{"ancestorTitles":["useQuestTemplateCreate","Template Creation"],"fullName":"useQuestTemplateCreate Template Creation handles creation errors","status":"passed","title":"handles creation errors","duration":15.938167000000021,"failureMessages":[],"meta":{}},{"ancestorTitles":["useQuestTemplateCreate","Template Creation"],"fullName":"useQuestTemplateCreate Template Creation shows loading state during creation","status":"passed","title":"shows loading state during creation","duration":108.98854199999994,"failureMessages":[],"meta":{}},{"ancestorTitles":["useQuestTemplateCreate","Cache Management"],"fullName":"useQuestTemplateCreate Cache Management invalidates quest templates cache on success","status":"passed","title":"invalidates quest templates cache on success","duration":1.2328750000000355,"failureMessages":[],"meta":{}},{"ancestorTitles":["useQuestTemplateCreate","Cache Management"],"fullName":"useQuestTemplateCreate Cache Management updates templates list cache on success","status":"passed","title":"updates templates list cache on success","duration":2.2362090000000308,"failureMessages":[],"meta":{}},{"ancestorTitles":["useQuestTemplateCreate","Reset Function"],"fullName":"useQuestTemplateCreate Reset Function resets error state","status":"passed","title":"resets error state","duration":6.842874999999935,"failureMessages":[],"meta":{}},{"ancestorTitles":["useQuestTemplateCreate","Error Handling"],"fullName":"useQuestTemplateCreate Error Handling handles network errors","status":"passed","title":"handles network errors","duration":5.2673750000000155,"failureMessages":[],"meta":{}},{"ancestorTitles":["useQuestTemplateCreate","Error Handling"],"fullName":"useQuestTemplateCreate Error Handling handles validation errors","status":"passed","title":"handles validation errors","duration":2.9135420000000067,"failureMessages":[],"meta":{}},{"ancestorTitles":["useQuestTemplateCreate","Concurrent Operations"],"fullName":"useQuestTemplateCreate Concurrent Operations handles multiple concurrent creation attempts","status":"passed","title":"handles multiple concurrent creation attempts","duration":3.6317080000000033,"failureMessages":[],"meta":{}}],"startTime":1768694780656,"endTime":1768694780828.6316,"status":"passed","message":"","name":"/Volumes/macdisk2/Projetos/GoalsGuild/questbound-forge/apps/frontend/src/hooks/__tests__/useQuestTemplateCreate.test.ts"},{"assertionResults":[{"ancestorTitles":["useUserData"],"fullName":"useUserData fetches data on mount","status":"passed","title":"fetches data on mount","duration":520.082458,"failureMessages":[],"meta":{}},{"ancestorTitles":["useUserData"],"fullName":"useUserData handles fetch error","status":"passed","title":"handles fetch error","duration":508.7030830000001,"failureMessages":[],"meta":{}},{"ancestorTitles":["useUserData"],"fullName":"useUserData refetch function reloads data","status":"passed","title":"refetch function reloads data","duration":1031.8735419999998,"failureMessages":[],"meta":{}},{"ancestorTitles":["useUserData"],"fullName":"useUserData addGoal adds new goal to data","status":"passed","title":"addGoal adds new goal to data","duration":821.357,"failureMessages":[],"meta":{}},{"ancestorTitles":["useUserData"],"fullName":"useUserData addGoal handles error","status":"passed","title":"addGoal handles error","duration":513.7739160000001,"failureMessages":[],"meta":{}},{"ancestorTitles":["useUserData"],"fullName":"useUserData updateGoal updates goal progress","status":"passed","title":"updateGoal updates goal progress","duration":514.3878749999994,"failureMessages":[],"meta":{}},{"ancestorTitles":["useUserData"],"fullName":"useUserData updateGoal handles error","status":"passed","title":"updateGoal handles error","duration":512.7540410000001,"failureMessages":[],"meta":{}},{"ancestorTitles":["useUserData"],"fullName":"useUserData deleteGoal removes goal from data","status":"passed","title":"deleteGoal removes goal from data","duration":817.1218330000002,"failureMessages":[],"meta":{}},{"ancestorTitles":["useUserData"],"fullName":"useUserData deleteGoal handles error","status":"passed","title":"deleteGoal handles error","duration":822.8734169999998,"failureMessages":[],"meta":{}},{"ancestorTitles":["useUserData"],"fullName":"useUserData calculates overall progress correctly","status":"passed","title":"calculates overall progress correctly","duration":521.392417,"failureMessages":[],"meta":{}},{"ancestorTitles":["useUserData"],"fullName":"useUserData groups goals by category","status":"passed","title":"groups goals by category","duration":515.4321250000003,"failureMessages":[],"meta":{}},{"ancestorTitles":["useUserData"],"fullName":"useUserData gets upcoming deadlines","status":"passed","title":"gets upcoming deadlines","duration":510.1118749999996,"failureMessages":[],"meta":{}},{"ancestorTitles":["useUserStats"],"fullName":"useUserStats returns stats and loading state","status":"passed","title":"returns stats and loading state","duration":511.40854200000103,"failureMessages":[],"meta":{}},{"ancestorTitles":["useUserGoals"],"fullName":"useUserGoals returns goals data and computed values","status":"passed","title":"returns goals data and computed values","duration":510.5309589999997,"failureMessages":[],"meta":{}},{"ancestorTitles":["useUserGoals"],"fullName":"useUserGoals includes goal management functions","status":"passed","title":"includes goal management functions","duration":512.0030419999985,"failureMessages":[],"meta":{}},{"ancestorTitles":["useUserAchievements"],"fullName":"useUserAchievements returns achievements data","status":"passed","title":"returns achievements data","duration":515.9712090000012,"failureMessages":[],"meta":{}}],"startTime":1768694766138,"endTime":1768694775797.9712,"status":"passed","message":"","name":"/Volumes/macdisk2/Projetos/GoalsGuild/questbound-forge/apps/frontend/src/hooks/__tests__/useUserData.test.tsx"},{"assertionResults":[{"ancestorTitles":["Analytics Models","TrendDataPoint"],"fullName":"Analytics Models TrendDataPoint should create a valid TrendDataPoint","status":"passed","title":"should create a valid TrendDataPoint","duration":0.6818329999999833,"failureMessages":[],"meta":{}},{"ancestorTitles":["Analytics Models","TrendDataPoint"],"fullName":"Analytics Models TrendDataPoint should handle negative values","status":"passed","title":"should handle negative values","duration":0.11120800000003328,"failureMessages":[],"meta":{}},{"ancestorTitles":["Analytics Models","CategoryPerformance"],"fullName":"Analytics Models CategoryPerformance should create a valid CategoryPerformance","status":"passed","title":"should create a valid CategoryPerformance","duration":0.13304200000004585,"failureMessages":[],"meta":{}},{"ancestorTitles":["Analytics Models","CategoryPerformance"],"fullName":"Analytics Models CategoryPerformance should handle zero values","status":"passed","title":"should handle zero values","duration":0.07520900000008623,"failureMessages":[],"meta":{}},{"ancestorTitles":["Analytics Models","HourlyProductivity"],"fullName":"Analytics Models HourlyProductivity should create a valid HourlyProductivity","status":"passed","title":"should create a valid HourlyProductivity","duration":0.08612499999992451,"failureMessages":[],"meta":{}},{"ancestorTitles":["Analytics Models","HourlyProductivity"],"fullName":"Analytics Models HourlyProductivity should handle all hours of the day","status":"passed","title":"should handle all hours of the day","duration":0.23099999999999454,"failureMessages":[],"meta":{}},{"ancestorTitles":["Analytics Models","QuestAnalytics"],"fullName":"Analytics Models QuestAnalytics should create a valid QuestAnalytics","status":"passed","title":"should create a valid QuestAnalytics","duration":0.7876669999999422,"failureMessages":[],"meta":{}},{"ancestorTitles":["Analytics Models","QuestAnalytics"],"fullName":"Analytics Models QuestAnalytics should handle all period types","status":"passed","title":"should handle all period types","duration":0.23449999999991178,"failureMessages":[],"meta":{}},{"ancestorTitles":["Analytics Models","AnalyticsInsights"],"fullName":"Analytics Models AnalyticsInsights should create a valid AnalyticsInsights","status":"passed","title":"should create a valid AnalyticsInsights","duration":0.14562499999999545,"failureMessages":[],"meta":{}},{"ancestorTitles":["Analytics Models","AnalyticsInsights"],"fullName":"Analytics Models AnalyticsInsights should handle minimal insights","status":"passed","title":"should handle minimal insights","duration":0.1020410000000993,"failureMessages":[],"meta":{}},{"ancestorTitles":["Analytics Models","AnalyticsInsights"],"fullName":"Analytics Models AnalyticsInsights should handle all trend types","status":"passed","title":"should handle all trend types","duration":0.05891699999995126,"failureMessages":[],"meta":{}}],"startTime":1768694784868,"endTime":1768694784871.102,"status":"passed","message":"","name":"/Volumes/macdisk2/Projetos/GoalsGuild/questbound-forge/apps/frontend/src/models/__tests__/analytics.test.ts"},{"assertionResults":[{"ancestorTitles":["Quest Models","Type Definitions and Enums"],"fullName":"Quest Models Type Definitions and Enums should have correct QuestStatus values","status":"passed","title":"should have correct QuestStatus values","duration":2.174833000000035,"failureMessages":[],"meta":{}},{"ancestorTitles":["Quest Models","Type Definitions and Enums"],"fullName":"Quest Models Type Definitions and Enums should have correct QuestDifficulty values","status":"passed","title":"should have correct QuestDifficulty values","duration":0.4017499999999927,"failureMessages":[],"meta":{}},{"ancestorTitles":["Quest Models","Type Definitions and Enums"],"fullName":"Quest Models Type Definitions and Enums should have correct QuestKind values","status":"passed","title":"should have correct QuestKind values","duration":0.5462079999999787,"failureMessages":[],"meta":{}},{"ancestorTitles":["Quest Models","Type Definitions and Enums"],"fullName":"Quest Models Type Definitions and Enums should have correct QuestCountScope values","status":"passed","title":"should have correct QuestCountScope values","duration":0.3293750000000273,"failureMessages":[],"meta":{}},{"ancestorTitles":["Quest Models","Type Definitions and Enums"],"fullName":"Quest Models Type Definitions and Enums should have correct QuestPrivacy values","status":"passed","title":"should have correct QuestPrivacy values","duration":0.30133299999999963,"failureMessages":[],"meta":{}},{"ancestorTitles":["Quest Models","Constants"],"fullName":"Quest Models Constants should have correct validation constants","status":"passed","title":"should have correct validation constants","duration":0.4171250000000555,"failureMessages":[],"meta":{}},{"ancestorTitles":["Quest Models","Constants"],"fullName":"Quest Models Constants should have exactly 12 quest categories","status":"passed","title":"should have exactly 12 quest categories","duration":0.19849999999996726,"failureMessages":[],"meta":{}},{"ancestorTitles":["Quest Models","Constants"],"fullName":"Quest Models Constants should have all expected category IDs","status":"passed","title":"should have all expected category IDs","duration":0.2126660000000129,"failureMessages":[],"meta":{}},{"ancestorTitles":["Quest Models","Constants"],"fullName":"Quest Models Constants should have matching category names and IDs for simple categories","status":"passed","title":"should have matching category names and IDs for simple categories","duration":0.0762920000000804,"failureMessages":[],"meta":{}},{"ancestorTitles":["Quest Models","QuestStatusSchema"],"fullName":"Quest Models QuestStatusSchema should validate all valid status values","status":"passed","title":"should validate all valid status values","duration":0.7640839999999116,"failureMessages":[],"meta":{}},{"ancestorTitles":["Quest Models","QuestStatusSchema"],"fullName":"Quest Models QuestStatusSchema should reject invalid status values","status":"passed","title":"should reject invalid status values","duration":1.0353329999999232,"failureMessages":[],"meta":{}},{"ancestorTitles":["Quest Models","QuestDifficultySchema"],"fullName":"Quest Models QuestDifficultySchema should validate all valid difficulty values","status":"passed","title":"should validate all valid difficulty values","duration":0.5398750000000518,"failureMessages":[],"meta":{}},{"ancestorTitles":["Quest Models","QuestDifficultySchema"],"fullName":"Quest Models QuestDifficultySchema should reject invalid difficulty values","status":"passed","title":"should reject invalid difficulty values","duration":0.6028340000000298,"failureMessages":[],"meta":{}},{"ancestorTitles":["Quest Models","QuestKindSchema"],"fullName":"Quest Models QuestKindSchema should validate all valid kind values","status":"passed","title":"should validate all valid kind values","duration":0.15837499999997817,"failureMessages":[],"meta":{}},{"ancestorTitles":["Quest Models","QuestKindSchema"],"fullName":"Quest Models QuestKindSchema should reject invalid kind values","status":"passed","title":"should reject invalid kind values","duration":0.17175000000008822,"failureMessages":[],"meta":{}},{"ancestorTitles":["Quest Models","QuestTitleSchema"],"fullName":"Quest Models QuestTitleSchema should validate valid titles","status":"passed","title":"should validate valid titles","duration":0.4175000000000182,"failureMessages":[],"meta":{}},{"ancestorTitles":["Quest Models","QuestTitleSchema"],"fullName":"Quest Models QuestTitleSchema should reject titles that are too short","status":"passed","title":"should reject titles that are too short","duration":0.18574999999998454,"failureMessages":[],"meta":{}},{"ancestorTitles":["Quest Models","QuestTitleSchema"],"fullName":"Quest Models QuestTitleSchema should reject titles that are too long","status":"passed","title":"should reject titles that are too long","duration":0.07349999999996726,"failureMessages":[],"meta":{}},{"ancestorTitles":["Quest Models","QuestTitleSchema"],"fullName":"Quest Models QuestTitleSchema should trim whitespace from titles","status":"passed","title":"should trim whitespace from titles","duration":0.05004199999996217,"failureMessages":[],"meta":{}},{"ancestorTitles":["Quest Models","QuestDescriptionSchema"],"fullName":"Quest Models QuestDescriptionSchema should validate valid descriptions","status":"passed","title":"should validate valid descriptions","duration":0.09699999999997999,"failureMessages":[],"meta":{}},{"ancestorTitles":["Quest Models","QuestDescriptionSchema"],"fullName":"Quest Models QuestDescriptionSchema should allow undefined descriptions","status":"passed","title":"should allow undefined descriptions","duration":0.07204200000001038,"failureMessages":[],"meta":{}},{"ancestorTitles":["Quest Models","QuestDescriptionSchema"],"fullName":"Quest Models QuestDescriptionSchema should reject descriptions that are too long","status":"passed","title":"should reject descriptions that are too long","duration":0.05966699999999037,"failureMessages":[],"meta":{}},{"ancestorTitles":["Quest Models","QuestDescriptionSchema"],"fullName":"Quest Models QuestDescriptionSchema should trim whitespace and convert empty strings to undefined","status":"passed","title":"should trim whitespace and convert empty strings to undefined","duration":0.04158299999994597,"failureMessages":[],"meta":{}},{"ancestorTitles":["Quest Models","QuestCategorySchema"],"fullName":"Quest Models QuestCategorySchema should validate all valid category IDs","status":"passed","title":"should validate all valid category IDs","duration":0.2490419999999176,"failureMessages":[],"meta":{}},{"ancestorTitles":["Quest Models","QuestCategorySchema"],"fullName":"Quest Models QuestCategorySchema should reject invalid category IDs","status":"passed","title":"should reject invalid category IDs","duration":0.11000000000001364,"failureMessages":[],"meta":{}},{"ancestorTitles":["Quest Models","QuestTagsSchema"],"fullName":"Quest Models QuestTagsSchema should validate valid tag arrays","status":"passed","title":"should validate valid tag arrays","duration":0.18795799999998053,"failureMessages":[],"meta":{}},{"ancestorTitles":["Quest Models","QuestTagsSchema"],"fullName":"Quest Models QuestTagsSchema should reject tag arrays that are too large","status":"passed","title":"should reject tag arrays that are too large","duration":0.07287499999995362,"failureMessages":[],"meta":{}},{"ancestorTitles":["Quest Models","QuestTagsSchema"],"fullName":"Quest Models QuestTagsSchema should reject tags that are too long","status":"passed","title":"should reject tags that are too long","duration":0.07849999999996271,"failureMessages":[],"meta":{}},{"ancestorTitles":["Quest Models","QuestTagsSchema"],"fullName":"Quest Models QuestTagsSchema should default to empty array when no tags provided","status":"passed","title":"should default to empty array when no tags provided","duration":0.22662499999989905,"failureMessages":[],"meta":{}},{"ancestorTitles":["Quest Models","QuestTagsSchema"],"fullName":"Quest Models QuestTagsSchema should trim whitespace from tags","status":"passed","title":"should trim whitespace from tags","duration":0.06283300000006875,"failureMessages":[],"meta":{}},{"ancestorTitles":["Quest Models","QuestTagsSchema"],"fullName":"Quest Models QuestTagsSchema should reject arrays containing empty tags after trimming","status":"passed","title":"should reject arrays containing empty tags after trimming","duration":0.057084000000031665,"failureMessages":[],"meta":{}},{"ancestorTitles":["Quest Models","QuestRewardXpSchema"],"fullName":"Quest Models QuestRewardXpSchema should validate valid XP values","status":"passed","title":"should validate valid XP values","duration":0.17200000000002547,"failureMessages":[],"meta":{}},{"ancestorTitles":["Quest Models","QuestRewardXpSchema"],"fullName":"Quest Models QuestRewardXpSchema should reject negative XP values","status":"passed","title":"should reject negative XP values","duration":0.0548750000000382,"failureMessages":[],"meta":{}},{"ancestorTitles":["Quest Models","QuestRewardXpSchema"],"fullName":"Quest Models QuestRewardXpSchema should reject XP values that are too high","status":"passed","title":"should reject XP values that are too high","duration":0.0500409999999647,"failureMessages":[],"meta":{}},{"ancestorTitles":["Quest Models","QuestRewardXpSchema"],"fullName":"Quest Models QuestRewardXpSchema should reject non-integer XP values","status":"passed","title":"should reject non-integer XP values","duration":0.054459000000065316,"failureMessages":[],"meta":{}},{"ancestorTitles":["Quest Models","QuestRewardXpSchema"],"fullName":"Quest Models QuestRewardXpSchema should allow undefined reward XP","status":"passed","title":"should allow undefined reward XP","duration":0.03300000000001546,"failureMessages":[],"meta":{}},{"ancestorTitles":["Quest Models","QuestDeadlineSchema"],"fullName":"Quest Models QuestDeadlineSchema should validate future deadlines","status":"passed","title":"should validate future deadlines","duration":0.06104200000004312,"failureMessages":[],"meta":{}},{"ancestorTitles":["Quest Models","QuestDeadlineSchema"],"fullName":"Quest Models QuestDeadlineSchema should allow undefined deadlines","status":"passed","title":"should allow undefined deadlines","duration":0.042291999999974905,"failureMessages":[],"meta":{}},{"ancestorTitles":["Quest Models","QuestDeadlineSchema"],"fullName":"Quest Models QuestDeadlineSchema should reject past deadlines","status":"passed","title":"should reject past deadlines","duration":0.05375000000003638,"failureMessages":[],"meta":{}},{"ancestorTitles":["Quest Models","QuestDeadlineSchema"],"fullName":"Quest Models QuestDeadlineSchema should reject deadlines within 1 hour","status":"passed","title":"should reject deadlines within 1 hour","duration":0.058374999999955435,"failureMessages":[],"meta":{}},{"ancestorTitles":["Quest Models","QuestDeadlineSchema"],"fullName":"Quest Models QuestDeadlineSchema should reject non-integer timestamps","status":"passed","title":"should reject non-integer timestamps","duration":0.05941599999994196,"failureMessages":[],"meta":{}},{"ancestorTitles":["Quest Models","QuestCreateInputSchema"],"fullName":"Quest Models QuestCreateInputSchema should validate complete valid input","status":"passed","title":"should validate complete valid input","duration":0.2788750000000846,"failureMessages":[],"meta":{}},{"ancestorTitles":["Quest Models","QuestCreateInputSchema"],"fullName":"Quest Models QuestCreateInputSchema should validate with default values","status":"passed","title":"should validate with default values","duration":0.09441600000002381,"failureMessages":[],"meta":{}},{"ancestorTitles":["Quest Models","QuestCreateInputSchema"],"fullName":"Quest Models QuestCreateInputSchema should require all quantitative fields for quantitative quests","status":"passed","title":"should require all quantitative fields for quantitative quests","duration":0.0935420000000704,"failureMessages":[],"meta":{}},{"ancestorTitles":["Quest Models","QuestCreateInputSchema"],"fullName":"Quest Models QuestCreateInputSchema should allow linked quests without linked items initially","status":"passed","title":"should allow linked quests without linked items initially","duration":0.07699999999999818,"failureMessages":[],"meta":{}},{"ancestorTitles":["Quest Models","QuestCreateInputSchema"],"fullName":"Quest Models QuestCreateInputSchema should validate UUID format for linked IDs","status":"passed","title":"should validate UUID format for linked IDs","duration":0.12125000000003183,"failureMessages":[],"meta":{}},{"ancestorTitles":["Quest Models","QuestCreateInputSchema"],"fullName":"Quest Models QuestCreateInputSchema should apply defaults for optional fields","status":"passed","title":"should apply defaults for optional fields","duration":0.08741699999995944,"failureMessages":[],"meta":{}},{"ancestorTitles":["Quest Models","QuestUpdateInputSchema"],"fullName":"Quest Models QuestUpdateInputSchema should allow partial updates","status":"passed","title":"should allow partial updates","duration":0.0808750000001055,"failureMessages":[],"meta":{}},{"ancestorTitles":["Quest Models","QuestUpdateInputSchema"],"fullName":"Quest Models QuestUpdateInputSchema should validate title when provided","status":"passed","title":"should validate title when provided","duration":0.07737499999996089,"failureMessages":[],"meta":{}},{"ancestorTitles":["Quest Models","QuestCancelInputSchema"],"fullName":"Quest Models QuestCancelInputSchema should allow empty reason","status":"passed","title":"should allow empty reason","duration":0.06154100000003382,"failureMessages":[],"meta":{}},{"ancestorTitles":["Quest Models","QuestCancelInputSchema"],"fullName":"Quest Models QuestCancelInputSchema should allow valid reason","status":"passed","title":"should allow valid reason","duration":0.05262500000003456,"failureMessages":[],"meta":{}},{"ancestorTitles":["Quest Models","QuestCancelInputSchema"],"fullName":"Quest Models QuestCancelInputSchema should reject reason that is too long","status":"passed","title":"should reject reason that is too long","duration":0.061208000000078755,"failureMessages":[],"meta":{}},{"ancestorTitles":["Quest Models","QuestCancelInputSchema"],"fullName":"Quest Models QuestCancelInputSchema should trim reason whitespace","status":"passed","title":"should trim reason whitespace","duration":0.03624999999999545,"failureMessages":[],"meta":{}},{"ancestorTitles":["Quest Models","Category Helper Functions"],"fullName":"Quest Models Category Helper Functions should find category by valid ID","status":"passed","title":"should find category by valid ID","duration":0.05812500000001819,"failureMessages":[],"meta":{}},{"ancestorTitles":["Quest Models","Category Helper Functions"],"fullName":"Quest Models Category Helper Functions should return undefined for invalid category ID","status":"passed","title":"should return undefined for invalid category ID","duration":0.03141600000003564,"failureMessages":[],"meta":{}},{"ancestorTitles":["Quest Models","Category Helper Functions"],"fullName":"Quest Models Category Helper Functions should return correct category names","status":"passed","title":"should return correct category names","duration":0.08966699999996308,"failureMessages":[],"meta":{}},{"ancestorTitles":["Quest Models","Status Helper Functions"],"fullName":"Quest Models Status Helper Functions should return correct i18n keys for all quest statuses","status":"passed","title":"should return correct i18n keys for all quest statuses","duration":0.06499999999994088,"failureMessages":[],"meta":{}},{"ancestorTitles":["Quest Models","Status Helper Functions"],"fullName":"Quest Models Status Helper Functions should return CSS classes for all statuses","status":"passed","title":"should return CSS classes for all statuses","duration":0.05954200000007859,"failureMessages":[],"meta":{}},{"ancestorTitles":["Quest Models","Status Helper Functions"],"fullName":"Quest Models Status Helper Functions should return fallback for unknown status","status":"passed","title":"should return fallback for unknown status","duration":0.02691699999991215,"failureMessages":[],"meta":{}},{"ancestorTitles":["Quest Models","Difficulty Helper Functions"],"fullName":"Quest Models Difficulty Helper Functions should return correct i18n keys for all quest difficulties","status":"passed","title":"should return correct i18n keys for all quest difficulties","duration":0.053249999999934516,"failureMessages":[],"meta":{}},{"ancestorTitles":["Quest Models","Difficulty Helper Functions"],"fullName":"Quest Models Difficulty Helper Functions should return CSS classes for all difficulties","status":"passed","title":"should return CSS classes for all difficulties","duration":0.045250000000010004,"failureMessages":[],"meta":{}},{"ancestorTitles":["Quest Models","Validation Helper Functions"],"fullName":"Quest Models Validation Helper Functions should validate correct titles","status":"passed","title":"should validate correct titles","duration":0.062167000000044936,"failureMessages":[],"meta":{}},{"ancestorTitles":["Quest Models","Validation Helper Functions"],"fullName":"Quest Models Validation Helper Functions should reject invalid titles","status":"passed","title":"should reject invalid titles","duration":0.07566600000006929,"failureMessages":[],"meta":{}},{"ancestorTitles":["Quest Models","Validation Helper Functions"],"fullName":"Quest Models Validation Helper Functions should validate correct categories","status":"passed","title":"should validate correct categories","duration":0.04820799999993142,"failureMessages":[],"meta":{}},{"ancestorTitles":["Quest Models","Validation Helper Functions"],"fullName":"Quest Models Validation Helper Functions should reject invalid categories","status":"passed","title":"should reject invalid categories","duration":0.05224999999995816,"failureMessages":[],"meta":{}},{"ancestorTitles":["Quest Models","Formatting Helper Functions"],"fullName":"Quest Models Formatting Helper Functions should format deadlines correctly","status":"passed","title":"should format deadlines correctly","duration":13.195083000000068,"failureMessages":[],"meta":{}},{"ancestorTitles":["Quest Models","Formatting Helper Functions"],"fullName":"Quest Models Formatting Helper Functions should handle missing deadlines","status":"passed","title":"should handle missing deadlines","duration":0.10766599999999471,"failureMessages":[],"meta":{}},{"ancestorTitles":["Quest Models","Formatting Helper Functions"],"fullName":"Quest Models Formatting Helper Functions should handle invalid deadline timestamps","status":"passed","title":"should handle invalid deadline timestamps","duration":0.07166699999993398,"failureMessages":[],"meta":{}},{"ancestorTitles":["Quest Models","Formatting Helper Functions"],"fullName":"Quest Models Formatting Helper Functions should format reward XP correctly","status":"passed","title":"should format reward XP correctly","duration":0.11620800000002873,"failureMessages":[],"meta":{}},{"ancestorTitles":["Quest Models","Formatting Helper Functions"],"fullName":"Quest Models Formatting Helper Functions should format progress correctly","status":"passed","title":"should format progress correctly","duration":0.11400000000003274,"failureMessages":[],"meta":{}},{"ancestorTitles":["Quest Models","Progress Calculation Functions"],"fullName":"Quest Models Progress Calculation Functions should return 0 for non-linked quest in linked calculation","status":"passed","title":"should return 0 for non-linked quest in linked calculation","duration":0.10262500000010277,"failureMessages":[],"meta":{}},{"ancestorTitles":["Quest Models","Progress Calculation Functions"],"fullName":"Quest Models Progress Calculation Functions should return 0 for quest with no linked items","status":"passed","title":"should return 0 for quest with no linked items","duration":0.07624999999995907,"failureMessages":[],"meta":{}},{"ancestorTitles":["Quest Models","Progress Calculation Functions"],"fullName":"Quest Models Progress Calculation Functions should return 0 for non-quantitative quest in quantitative calculation","status":"passed","title":"should return 0 for non-quantitative quest in quantitative calculation","duration":0.08150000000000546,"failureMessages":[],"meta":{}},{"ancestorTitles":["Quest Models","Progress Calculation Functions"],"fullName":"Quest Models Progress Calculation Functions should return 0 for quantitative quest without target count","status":"passed","title":"should return 0 for quantitative quest without target count","duration":0.0665839999999207,"failureMessages":[],"meta":{}},{"ancestorTitles":["Quest Models","Progress Calculation Functions"],"fullName":"Quest Models Progress Calculation Functions should route to correct calculation function","status":"passed","title":"should route to correct calculation function","duration":2.4391669999999976,"failureMessages":[],"meta":{}},{"ancestorTitles":["Quest Models","Progress Calculation Functions"],"fullName":"Quest Models Progress Calculation Functions should return 0 for unknown quest kind","status":"passed","title":"should return 0 for unknown quest kind","duration":0.13025000000004638,"failureMessages":[],"meta":{}},{"ancestorTitles":["Quest Models","validateQuestForm"],"fullName":"Quest Models validateQuestForm should validate correct form data","status":"passed","title":"should validate correct form data","duration":0.2847080000000233,"failureMessages":[],"meta":{}},{"ancestorTitles":["Quest Models","validateQuestForm"],"fullName":"Quest Models validateQuestForm should detect title validation errors","status":"passed","title":"should detect title validation errors","duration":0.2007499999999709,"failureMessages":[],"meta":{}},{"ancestorTitles":["Quest Models","validateQuestForm"],"fullName":"Quest Models validateQuestForm should detect category validation errors","status":"passed","title":"should detect category validation errors","duration":0.16508399999997891,"failureMessages":[],"meta":{}},{"ancestorTitles":["Quest Models","validateQuestForm"],"fullName":"Quest Models validateQuestForm should initialize touched as empty object","status":"passed","title":"should initialize touched as empty object","duration":0.1080419999999549,"failureMessages":[],"meta":{}},{"ancestorTitles":["Quest Models","Schema Integration"],"fullName":"Quest Models Schema Integration should allow valid quest creation with all fields","status":"passed","title":"should allow valid quest creation with all fields","duration":0.43537500000002183,"failureMessages":[],"meta":{}},{"ancestorTitles":["Quest Models","Schema Integration"],"fullName":"Quest Models Schema Integration should handle complex validation scenarios","status":"passed","title":"should handle complex validation scenarios","duration":0.38083400000004985,"failureMessages":[],"meta":{}},{"ancestorTitles":["Quest Models","Type Inference"],"fullName":"Quest Models Type Inference should correctly infer types from schemas","status":"passed","title":"should correctly infer types from schemas","duration":0.11920799999995779,"failureMessages":[],"meta":{}},{"ancestorT
[...]
alidationUtils predefined validation functions should validate category correctly","status":"passed","title":"should validate category correctly","duration":0.0865840000000162,"failureMessages":[],"meta":{}},{"ancestorTitles":["validationUtils","predefined validation functions"],"fullName":"validationUtils predefined validation functions should validate NLP answer correctly","status":"passed","title":"should validate NLP answer correctly","duration":0.08675000000005184,"failureMessages":[],"meta":{}},{"ancestorTitles":["validationUtils","cache functionality"],"fullName":"validationUtils cache functionality should cache validation results","status":"passed","title":"should cache validation results","duration":0.06329200000004676,"failureMessages":[],"meta":{}},{"ancestorTitles":["validationUtils","cache functionality"],"fullName":"validationUtils cache functionality should clear field validation cache","status":"passed","title":"should clear field validation cache","duration":0.08229200000005221,"failureMessages":[],"meta":{}},{"ancestorTitles":["validationUtils","cache functionality"],"fullName":"validationUtils cache functionality should clear all validation cache","status":"passed","title":"should clear all validation cache","duration":0.08991700000001401,"failureMessages":[],"meta":{}},{"ancestorTitles":["validationUtils","utility functions"],"fullName":"validationUtils utility functions should get field priority correctly","status":"passed","title":"should get field priority correctly","duration":0.08420799999998962,"failureMessages":[],"meta":{}},{"ancestorTitles":["validationUtils","utility functions"],"fullName":"validationUtils utility functions should check if field is required","status":"passed","title":"should check if field is required","duration":0.4367500000000746,"failureMessages":[],"meta":{}},{"ancestorTitles":["validationUtils","utility functions"],"fullName":"validationUtils utility functions should format validation error with context","status":"passed","title":"should format validation error with context","duration":0.3408329999999751,"failureMessages":[],"meta":{}},{"ancestorTitles":["validationUtils","utility functions"],"fullName":"validationUtils utility functions should get validation stats","status":"passed","title":"should get validation stats","duration":0.33066699999994853,"failureMessages":[],"meta":{}},{"ancestorTitles":["validationUtils","getFieldValidationError"],"fullName":"validationUtils getFieldValidationError should return cached error for invalid field","status":"passed","title":"should return cached error for invalid field","duration":1.2354159999999865,"failureMessages":[],"meta":{}},{"ancestorTitles":["validationUtils","getFieldValidationError"],"fullName":"validationUtils getFieldValidationError should return undefined for valid field","status":"passed","title":"should return undefined for valid field","duration":0.6951670000000831,"failureMessages":[],"meta":{}},{"ancestorTitles":["validationUtils","getFieldValidationError"],"fullName":"validationUtils getFieldValidationError should return undefined for uncached field","status":"passed","title":"should return undefined for uncached field","duration":0.1991249999999809,"failureMessages":[],"meta":{}}],"startTime":1768694784388,"endTime":1768694784396.1992,"status":"passed","message":"","name":"/Volumes/macdisk2/Projetos/GoalsGuild/questbound-forge/apps/frontend/src/lib/validation/__tests__/validationUtils.test.ts"},{"assertionResults":[{"ancestorTitles":["Guild API Client","createGuild"],"fullName":"Guild API Client createGuild should create a guild successfully","status":"passed","title":"should create a guild successfully","duration":1004.3869579999999,"failureMessages":[],"meta":{}},{"ancestorTitles":["Guild API Client","createGuild"],"fullName":"Guild API Client createGuild should handle creation errors","status":"passed","title":"should handle creation errors","duration":1001.3325839999998,"failureMessages":[],"meta":{}},{"ancestorTitles":["Guild API Client","getMyGuilds"],"fullName":"Guild API Client getMyGuilds should return user guilds","status":"passed","title":"should return user guilds","duration":502.2512919999999,"failureMessages":[],"meta":{}},{"ancestorTitles":["Guild API Client","getMyGuilds"],"fullName":"Guild API Client getMyGuilds should return guilds with correct structure","status":"passed","title":"should return guilds with correct structure","duration":501.62633300000016,"failureMessages":[],"meta":{}},{"ancestorTitles":["Guild API Client","getGuild"],"fullName":"Guild API Client getGuild should return guild details","status":"passed","title":"should return guild details","duration":301.6740420000001,"failureMessages":[],"meta":{}},{"ancestorTitles":["Guild API Client","joinGuild"],"fullName":"Guild API Client joinGuild should join a guild successfully","status":"passed","title":"should join a guild successfully","duration":802.4421670000002,"failureMessages":[],"meta":{}},{"ancestorTitles":["Guild API Client","leaveGuild"],"fullName":"Guild API Client leaveGuild should leave a guild successfully","status":"passed","title":"should leave a guild successfully","duration":602.6310830000002,"failureMessages":[],"meta":{}},{"ancestorTitles":["Guild API Client","updateGuild"],"fullName":"Guild API Client updateGuild should update guild successfully","status":"passed","title":"should update guild successfully","duration":802.1033750000006,"failureMessages":[],"meta":{}},{"ancestorTitles":["Guild API Client","deleteGuild"],"fullName":"Guild API Client deleteGuild should delete guild successfully","status":"passed","title":"should delete guild successfully","duration":501.38483300000007,"failureMessages":[],"meta":{}},{"ancestorTitles":["Guild API Client","getGuildMembers"],"fullName":"Guild API Client getGuildMembers should return guild members","status":"passed","title":"should return guild members","duration":418.63074999999935,"failureMessages":[],"meta":{}},{"ancestorTitles":["Guild API Client","removeGuildMember"],"fullName":"Guild API Client removeGuildMember should remove guild member successfully","status":"passed","title":"should remove guild member successfully","duration":510.62225000000035,"failureMessages":[],"meta":{}},{"ancestorTitles":["Guild API Client","addGoalToGuild"],"fullName":"Guild API Client addGoalToGuild should add goal to guild successfully","status":"passed","title":"should add goal to guild successfully","duration":602.146917,"failureMessages":[],"meta":{}},{"ancestorTitles":["Guild API Client","removeGoalFromGuild"],"fullName":"Guild API Client removeGoalFromGuild should remove goal from guild successfully","status":"passed","title":"should remove goal from guild successfully","duration":501.67783299999974,"failureMessages":[],"meta":{}},{"ancestorTitles":["Guild API Client","addQuestToGuild"],"fullName":"Guild API Client addQuestToGuild should add quest to guild successfully","status":"passed","title":"should add quest to guild successfully","duration":601.5139579999995,"failureMessages":[],"meta":{}},{"ancestorTitles":["Guild API Client","removeQuestFromGuild"],"fullName":"Guild API Client removeQuestFromGuild should remove quest from guild successfully","status":"passed","title":"should remove quest from guild successfully","duration":501.815333999999,"failureMessages":[],"meta":{}},{"ancestorTitles":["Guild API Client","discoverGuilds"],"fullName":"Guild API Client discoverGuilds should discover guilds successfully","status":"passed","title":"should discover guilds successfully","duration":401.035249999999,"failureMessages":[],"meta":{}},{"ancestorTitles":["Guild API Client","discoverGuilds"],"fullName":"Guild API Client discoverGuilds should filter guilds by search query","status":"passed","title":"should filter guilds by search query","duration":400.82508400000006,"failureMessages":[],"meta":{}},{"ancestorTitles":["Guild API Client","discoverGuilds"],"fullName":"Guild API Client discoverGuilds should filter guilds by tags","status":"passed","title":"should filter guilds by tags","duration":401.3095830000002,"failureMessages":[],"meta":{}},{"ancestorTitles":["Guild API Client","GuildAPIError"],"fullName":"Guild API Client GuildAPIError should create error with message and status","status":"passed","title":"should create error with message and status","duration":0.40804100000059407,"failureMessages":[],"meta":{}},{"ancestorTitles":["Guild API Client","API Integration"],"fullName":"Guild API Client API Integration should use mock API in development","status":"passed","title":"should use mock API in development","duration":0.5783749999991414,"failureMessages":[],"meta":{}},{"ancestorTitles":["Guild API Client","API Integration"],"fullName":"Guild API Client API Integration should handle async operations with proper timing","status":"passed","title":"should handle async operations with proper timing","duration":509.1178329999984,"failureMessages":[],"meta":{}}],"startTime":1768694766186,"endTime":1768694777056.118,"status":"passed","message":"","name":"/Volumes/macdisk2/Projetos/GoalsGuild/questbound-forge/apps/frontend/src/lib/api/__tests__/guild.test.ts"},{"assertionResults":[{"ancestorTitles":["Subscription API Client","getCurrentSubscription"],"fullName":"Subscription API Client getCurrentSubscription should fetch current subscription successfully","status":"passed","title":"should fetch current subscription successfully","duration":2.9679589999999507,"failureMessages":[],"meta":{}},{"ancestorTitles":["Subscription API Client","getCurrentSubscription"],"fullName":"Subscription API Client getCurrentSubscription should handle API errors","status":"passed","title":"should handle API errors","duration":0.8292920000000095,"failureMessages":[],"meta":{}},{"ancestorTitles":["Subscription API Client","getCurrentSubscription"],"fullName":"Subscription API Client getCurrentSubscription should handle network errors","status":"passed","title":"should handle network errors","duration":0.18720900000005258,"failureMessages":[],"meta":{}},{"ancestorTitles":["Subscription API Client","createCheckoutSession"],"fullName":"Subscription API Client createCheckoutSession should create checkout session successfully","status":"passed","title":"should create checkout session successfully","duration":0.27379099999996015,"failureMessages":[],"meta":{}},{"ancestorTitles":["Subscription API Client","createCheckoutSession"],"fullName":"Subscription API Client createCheckoutSession should handle checkout creation errors","status":"passed","title":"should handle checkout creation errors","duration":0.13879199999996672,"failureMessages":[],"meta":{}},{"ancestorTitles":["Subscription API Client","cancelSubscription"],"fullName":"Subscription API Client cancelSubscription should cancel subscription successfully","status":"passed","title":"should cancel subscription successfully","duration":0.24091699999996763,"failureMessages":[],"meta":{}},{"ancestorTitles":["Subscription API Client","cancelSubscription"],"fullName":"Subscription API Client cancelSubscription should handle cancellation errors","status":"passed","title":"should handle cancellation errors","duration":0.1213750000000573,"failureMessages":[],"meta":{}},{"ancestorTitles":["Subscription API Client","getBillingPortalUrl"],"fullName":"Subscription API Client getBillingPortalUrl should get billing portal URL successfully","status":"passed","title":"should get billing portal URL successfully","duration":0.20945800000004056,"failureMessages":[],"meta":{}},{"ancestorTitles":["Subscription API Client","getBillingPortalUrl"],"fullName":"Subscription API Client getBillingPortalUrl should handle portal URL errors","status":"passed","title":"should handle portal URL errors","duration":0.11504200000001674,"failureMessages":[],"meta":{}},{"ancestorTitles":["Subscription API Client","getCreditBalance"],"fullName":"Subscription API Client getCreditBalance should get credit balance successfully","status":"passed","title":"should get credit balance successfully","duration":0.17783399999996163,"failureMessages":[],"meta":{}},{"ancestorTitles":["Subscription API Client","getCreditBalance"],"fullName":"Subscription API Client getCreditBalance should handle balance fetch errors","status":"passed","title":"should handle balance fetch errors","duration":0.10824999999999818,"failureMessages":[],"meta":{}},{"ancestorTitles":["Subscription API Client","topUpCredits"],"fullName":"Subscription API Client topUpCredits should top up credits successfully","status":"passed","title":"should top up credits successfully","duration":0.15116599999998925,"failureMessages":[],"meta":{}},{"ancestorTitles":["Subscription API Client","topUpCredits"],"fullName":"Subscription API Client topUpCredits should handle top-up errors","status":"passed","title":"should handle top-up errors","duration":0.09212500000001,"failureMessages":[],"meta":{}},{"ancestorTitles":["Subscription API Client","topUpCredits"],"fullName":"Subscription API Client topUpCredits should handle minimum amount validation","status":"passed","title":"should handle minimum amount validation","duration":0.08516600000007202,"failureMessages":[],"meta":{}},{"ancestorTitles":["Subscription API Client","Error Handling"],"fullName":"Subscription API Client Error Handling should handle missing token gracefully","status":"passed","title":"should handle missing token gracefully","duration":0.18308300000001054,"failureMessages":[],"meta":{}},{"ancestorTitles":["Subscription API Client","Error Handling"],"fullName":"Subscription API Client Error Handling should handle JSON parse errors","status":"passed","title":"should handle JSON parse errors","duration":0.10954200000003311,"failureMessages":[],"meta":{}}],"startTime":1768694783771,"endTime":1768694783777.183,"status":"passed","message":"","name":"/Volumes/macdisk2/Projetos/GoalsGuild/questbound-forge/apps/frontend/src/lib/api/__tests__/subscription.test.ts"},{"assertionResults":[{"ancestorTitles":["CheckoutSuccess"],"fullName":"CheckoutSuccess should display loading state","status":"passed","title":"should display loading state","duration":28.063125000000127,"failureMessages":[],"meta":{}},{"ancestorTitles":["CheckoutSuccess"],"fullName":"CheckoutSuccess should display success message for active subscription","status":"passed","title":"should display success message for active subscription","duration":12.373624999999947,"failureMessages":[],"meta":{}},{"ancestorTitles":["CheckoutSuccess"],"fullName":"CheckoutSuccess should display error message for inactive subscription","status":"passed","title":"should display error message for inactive subscription","duration":11.206625000000031,"failureMessages":[],"meta":{}},{"ancestorTitles":["CheckoutSuccess"],"fullName":"CheckoutSuccess should display session ID","status":"passed","title":"should display session ID","duration":5.505333999999948,"failureMessages":[],"meta":{}},{"ancestorTitles":["CheckoutSuccess"],"fullName":"CheckoutSuccess should display navigation buttons on success","status":"passed","title":"should display navigation buttons on success","duration":6.463124999999991,"failureMessages":[],"meta":{}},{"ancestorTitles":["CheckoutSuccess"],"fullName":"CheckoutSuccess should handle fetch errors","status":"passed","title":"should handle fetch errors","duration":7.272375000000011,"failureMessages":[],"meta":{}}],"startTime":1768694781329,"endTime":1768694781400.2725,"status":"passed","message":"","name":"/Volumes/macdisk2/Projetos/GoalsGuild/questbound-forge/apps/frontend/src/pages/subscription/__tests__/CheckoutSuccess.test.tsx"},{"assertionResults":[{"ancestorTitles":["SubscriptionManagement"],"fullName":"SubscriptionManagement should display loading state","status":"passed","title":"should display loading state","duration":144.09233300000005,"failureMessages":[],"meta":{}},{"ancestorTitles":["SubscriptionManagement"],"fullName":"SubscriptionManagement should display active subscription","status":"passed","title":"should display active subscription","duration":34.279625000000124,"failureMessages":[],"meta":{}},{"ancestorTitles":["SubscriptionManagement"],"fullName":"SubscriptionManagement should display no subscription message","status":"passed","title":"should display no subscription message","duration":13.801167000000078,"failureMessages":[],"meta":{}},{"ancestorTitles":["SubscriptionManagement"],"fullName":"SubscriptionManagement should cancel subscription when confirmed","status":"passed","title":"should cancel subscription when confirmed","duration":179.37237499999992,"failureMessages":[],"meta":{}},{"ancestorTitles":["SubscriptionManagement"],"fullName":"SubscriptionManagement should handle cancellation errors","status":"passed","title":"should handle cancellation errors","duration":94.79004200000008,"failureMessages":[],"meta":{}},{"ancestorTitles":["SubscriptionManagement"],"fullName":"SubscriptionManagement should display cancel at period end warning","status":"passed","title":"should display cancel at period end warning","duration":11.667917000000216,"failureMessages":[],"meta":{}},{"ancestorTitles":["SubscriptionManagement"],"fullName":"SubscriptionManagement should display error message when fetch fails","status":"passed","title":"should display error message when fetch fails","duration":8.047958999999992,"failureMessages":[],"meta":{}},{"ancestorTitles":["SubscriptionManagement"],"fullName":"SubscriptionManagement should show next billing date","status":"passed","title":"should show next billing date","duration":8.14645900000005,"failureMessages":[],"meta":{}}],"startTime":1768694778558,"endTime":1768694779052.1465,"status":"passed","message":"","name":"/Volumes/macdisk2/Projetos/GoalsGuild/questbound-forge/apps/frontend/src/pages/subscription/__tests__/SubscriptionManagement.test.tsx"},{"assertionResults":[{"ancestorTitles":["SubscriptionPlans"],"fullName":"SubscriptionPlans should display loading state","status":"passed","title":"should display loading state","duration":292.745625,"failureMessages":[],"meta":{}},{"ancestorTitles":["SubscriptionPlans"],"fullName":"SubscriptionPlans should display subscription plans","status":"passed","title":"should display subscription plans","duration":42.2850840000001,"failureMessages":[],"meta":{}},{"ancestorTitles":["SubscriptionPlans"],"fullName":"SubscriptionPlans should display current plan information","status":"passed","title":"should display current plan information","duration":31.817749999999933,"failureMessages":[],"meta":{}},{"ancestorTitles":["SubscriptionPlans"],"fullName":"SubscriptionPlans should create checkout session when plan is selected","status":"passed","title":"should create checkout session when plan is selected","duration":36.161125000000084,"failureMessages":[],"meta":{}},{"ancestorTitles":["SubscriptionPlans"],"fullName":"SubscriptionPlans should handle checkout errors","status":"passed","title":"should handle checkout errors","duration":22.079416000000037,"failureMessages":[],"meta":{}},{"ancestorTitles":["SubscriptionPlans"],"fullName":"SubscriptionPlans should display error message when subscription fetch fails","status":"passed","title":"should display error message when subscription fetch fails","duration":15.886083000000099,"failureMessages":[],"meta":{}},{"ancestorTitles":["SubscriptionPlans"],"fullName":"SubscriptionPlans should show cancel at period end warning","status":"passed","title":"should show cancel at period end warning","duration":16.45829200000003,"failureMessages":[],"meta":{}},{"ancestorTitles":["SubscriptionPlans"],"fullName":"SubscriptionPlans should disable current plan button","status":"passed","title":"should disable current plan button","duration":13.817499999999882,"failureMessages":[],"meta":{}}],"startTime":1768694776206,"endTime":1768694776676.8174,"status":"passed","message":"","name":"/Volumes/macdisk2/Projetos/GoalsGuild/questbound-forge/apps/frontend/src/pages/subscription/__tests__/SubscriptionPlans.test.tsx"}]}