<?xml version="1.0" encoding="UTF-8"?>
<coverage generated="1757422872921" clover="3.2.0">
  <project timestamp="1757422872921" name="All files">
    <metrics statements="107" coveredstatements="98" conditionals="148" coveredconditionals="94" methods="21" coveredmethods="18" elements="276" coveredelements="210" complexity="0" loc="107" ncloc="107" packages="3" files="9" classes="9"/>
    <package name="lambdas.appsync_create_user">
      <metrics statements="27" coveredstatements="26" conditionals="42" coveredconditionals="30" methods="2" coveredmethods="2"/>
      <file name="index.mjs" path="D:\Projetos\GoalsGuild\questbound-forge\backend\infra\terraform\lambdas\appsync_create_user\index.mjs">
        <metrics statements="27" coveredstatements="26" conditionals="42" coveredconditionals="30" methods="2" coveredmethods="2"/>
        <line num="7" count="3" type="cond" truecount="1" falsecount="1"/>
        <line num="8" count="3" type="cond" truecount="2" falsecount="0"/>
        <line num="9" count="2" type="cond" truecount="1" falsecount="1"/>
        <line num="10" count="2" type="cond" truecount="1" falsecount="1"/>
        <line num="11" count="2" type="cond" truecount="1" falsecount="1"/>
        <line num="12" count="2" type="cond" truecount="1" falsecount="1"/>
        <line num="16" count="6" type="stmt"/>
        <line num="18" count="6" type="cond" truecount="2" falsecount="1"/>
        <line num="19" count="6" type="cond" truecount="2" falsecount="0"/>
        <line num="20" count="6" type="cond" truecount="2" falsecount="0"/>
        <line num="21" count="6" type="cond" truecount="2" falsecount="0"/>
        <line num="23" count="6" type="cond" truecount="1" falsecount="1"/>
        <line num="24" count="6" type="cond" truecount="2" falsecount="0"/>
        <line num="25" count="5" type="cond" truecount="2" falsecount="0"/>
        <line num="26" count="4" type="cond" truecount="2" falsecount="0"/>
        <line num="29" count="3" type="stmt"/>
        <line num="31" count="2" type="stmt"/>
        <line num="38" count="2" type="stmt"/>
        <line num="40" count="2" type="stmt"/>
        <line num="41" count="2" type="stmt"/>
        <line num="47" count="0" type="stmt"/>
        <line num="50" count="2" type="stmt"/>
        <line num="52" count="2" type="cond" truecount="1" falsecount="1"/>
        <line num="53" count="2" type="cond" truecount="2" falsecount="0"/>
        <line num="54" count="1" type="cond" truecount="2" falsecount="2"/>
        <line num="55" count="1" type="cond" truecount="1" falsecount="1"/>
        <line num="59" count="1" type="cond" truecount="2" falsecount="1"/>
      </file>
    </package>
    <package name="resolvers">
      <metrics statements="68" coveredstatements="67" conditionals="105" coveredconditionals="64" methods="12" coveredmethods="12"/>
      <file name="addTask.js" path="D:\Projetos\GoalsGuild\questbound-forge\backend\infra\terraform\resolvers\addTask.js">
        <metrics statements="15" coveredstatements="15" conditionals="30" coveredconditionals="17" methods="2" coveredmethods="2"/>
        <line num="6" count="1" type="cond" truecount="1" falsecount="1"/>
        <line num="7" count="1" type="stmt"/>
        <line num="8" count="1" type="cond" truecount="1" falsecount="1"/>
        <line num="10" count="1" type="cond" truecount="3" falsecount="1"/>
        <line num="11" count="1" type="stmt"/>
        <line num="12" count="1" type="stmt"/>
        <line num="13" count="1" type="cond" truecount="1" falsecount="1"/>
        <line num="14" count="1" type="cond" truecount="1" falsecount="1"/>
        <line num="16" count="1" type="stmt"/>
        <line num="17" count="1" type="stmt"/>
        <line num="19" count="1" type="stmt"/>
        <line num="35" count="1" type="stmt"/>
        <line num="39" count="1" type="cond" truecount="1" falsecount="1"/>
        <line num="40" count="1" type="cond" truecount="3" falsecount="1"/>
        <line num="41" count="1" type="stmt"/>
      </file>
      <file name="createGoal.js" path="D:\Projetos\GoalsGuild\questbound-forge\backend\infra\terraform\resolvers\createGoal.js">
        <metrics statements="13" coveredstatements="13" conditionals="22" coveredconditionals="13" methods="2" coveredmethods="2"/>
        <line num="6" count="1" type="cond" truecount="1" falsecount="1"/>
        <line num="7" count="1" type="stmt"/>
        <line num="8" count="1" type="cond" truecount="1" falsecount="1"/>
        <line num="10" count="1" type="cond" truecount="3" falsecount="1"/>
        <line num="11" count="1" type="stmt"/>
        <line num="12" count="1" type="cond" truecount="1" falsecount="1"/>
        <line num="14" count="1" type="stmt"/>
        <line num="15" count="1" type="stmt"/>
        <line num="16" count="1" type="stmt"/>
        <line num="32" count="1" type="stmt"/>
        <line num="36" count="1" type="cond" truecount="1" falsecount="1"/>
        <line num="37" count="1" type="cond" truecount="3" falsecount="1"/>
        <line num="38" count="1" type="stmt"/>
      </file>
      <file name="isEmailAvailable.js" path="D:\Projetos\GoalsGuild\questbound-forge\backend\infra\terraform\resolvers\isEmailAvailable.js">
        <metrics statements="13" coveredstatements="12" conditionals="17" coveredconditionals="12" methods="2" coveredmethods="2"/>
        <line num="5" count="1" type="cond" truecount="3" falsecount="1"/>
        <line num="6" count="1" type="stmt"/>
        <line num="7" count="1" type="cond" truecount="1" falsecount="1"/>
        <line num="8" count="1" type="stmt"/>
        <line num="9" count="1" type="stmt"/>
        <line num="10" count="1" type="cond" truecount="4" falsecount="1"/>
        <line num="11" count="0" type="stmt"/>
        <line num="13" count="1" type="stmt"/>
        <line num="15" count="1" type="stmt"/>
        <line num="16" count="1" type="stmt"/>
        <line num="31" count="2" type="cond" truecount="1" falsecount="1"/>
        <line num="32" count="2" type="cond" truecount="3" falsecount="1"/>
        <line num="34" count="2" type="stmt"/>
      </file>
      <file name="isNicknameAvailable.js" path="D:\Projetos\GoalsGuild\questbound-forge\backend\infra\terraform\resolvers\isNicknameAvailable.js">
        <metrics statements="8" coveredstatements="8" conditionals="12" coveredconditionals="8" methods="2" coveredmethods="2"/>
        <line num="5" count="1" type="cond" truecount="3" falsecount="1"/>
        <line num="6" count="1" type="stmt"/>
        <line num="7" count="1" type="cond" truecount="1" falsecount="1"/>
        <line num="9" count="1" type="stmt"/>
        <line num="10" count="1" type="stmt"/>
        <line num="25" count="2" type="cond" truecount="1" falsecount="1"/>
        <line num="26" count="2" type="cond" truecount="3" falsecount="1"/>
        <line num="28" count="2" type="stmt"/>
      </file>
      <file name="onMessage.subscribe.js" path="D:\Projetos\GoalsGuild\questbound-forge\backend\infra\terraform\resolvers\onMessage.subscribe.js">
        <metrics statements="4" coveredstatements="4" conditionals="8" coveredconditionals="5" methods="2" coveredmethods="2"/>
        <line num="5" count="1" type="cond" truecount="1" falsecount="1"/>
        <line num="6" count="1" type="cond" truecount="1" falsecount="1"/>
        <line num="9" count="1" type="cond" truecount="3" falsecount="1"/>
        <line num="13" count="1" type="stmt"/>
      </file>
      <file name="sendMessage.js" path="D:\Projetos\GoalsGuild\questbound-forge\backend\infra\terraform\resolvers\sendMessage.js">
        <metrics statements="15" coveredstatements="15" conditionals="16" coveredconditionals="9" methods="2" coveredmethods="2"/>
        <line num="6" count="1" type="cond" truecount="1" falsecount="1"/>
        <line num="7" count="1" type="stmt"/>
        <line num="8" count="1" type="cond" truecount="1" falsecount="1"/>
        <line num="10" count="1" type="cond" truecount="1" falsecount="1"/>
        <line num="11" count="1" type="stmt"/>
        <line num="12" count="1" type="stmt"/>
        <line num="13" count="1" type="cond" truecount="1" falsecount="1"/>
        <line num="14" count="1" type="cond" truecount="1" falsecount="1"/>
        <line num="16" count="1" type="stmt"/>
        <line num="17" count="1" type="stmt"/>
        <line num="19" count="1" type="stmt"/>
        <line num="30" count="1" type="stmt"/>
        <line num="34" count="1" type="cond" truecount="1" falsecount="1"/>
        <line num="35" count="1" type="cond" truecount="3" falsecount="1"/>
        <line num="36" count="1" type="stmt"/>
      </file>
    </package>
    <package name="test.mocks">
      <metrics statements="12" coveredstatements="5" conditionals="1" coveredconditionals="0" methods="7" coveredmethods="4"/>
      <file name="appsync-utils-dynamodb.js" path="D:\Projetos\GoalsGuild\questbound-forge\backend\infra\terraform\test\mocks\appsync-utils-dynamodb.js">
        <metrics statements="1" coveredstatements="1" conditionals="0" coveredconditionals="0" methods="1" coveredmethods="1"/>
        <line num="2" count="3" type="stmt"/>
      </file>
      <file name="appsync-utils.js" path="D:\Projetos\GoalsGuild\questbound-forge\backend\infra\terraform\test\mocks\appsync-utils.js">
        <metrics statements="11" coveredstatements="4" conditionals="1" coveredconditionals="0" methods="6" coveredmethods="3"/>
        <line num="1" count="6" type="stmt"/>
        <line num="3" count="0" type="stmt"/>
        <line num="4" count="0" type="stmt"/>
        <line num="5" count="0" type="stmt"/>
        <line num="8" count="0" type="stmt"/>
        <line num="9" count="0" type="stmt"/>
        <line num="10" count="0" type="stmt"/>
        <line num="13" count="3" type="stmt"/>
        <line num="14" count="0" type="stmt"/>
        <line num="16" count="3" type="stmt"/>
        <line num="18" count="2" type="stmt"/>
      </file>
    </package>
  </project>
</coverage>
