{"D:\\Projetos\\GoalsGuild\\questbound-forge\\backend\\infra\\terraform\\lambdas\\appsync_create_user\\index.mjs": {"path":"D:\\Projetos\\GoalsGuild\\questbound-forge\\backend\\infra\\terraform\\lambdas\\appsync_create_user\\index.mjs","statementMap":{"0":{"start":{"line":7,"column":12},"end":{"line":7,"column":29}},"1":{"start":{"line":8,"column":2},"end":{"line":8,"column":84}},"2":{"start":{"line":8,"column":20},"end":{"line":8,"column":84}},"3":{"start":{"line":9,"column":2},"end":{"line":9,"column":96}},"4":{"start":{"line":9,"column":24},"end":{"line":9,"column":96}},"5":{"start":{"line":10,"column":2},"end":{"line":10,"column":96}},"6":{"start":{"line":10,"column":24},"end":{"line":10,"column":96}},"7":{"start":{"line":11,"column":2},"end":{"line":11,"column":85}},"8":{"start":{"line":11,"column":24},"end":{"line":11,"column":85}},"9":{"start":{"line":12,"column":2},"end":{"line":12,"column":121}},"10":{"start":{"line":12,"column":48},"end":{"line":12,"column":121}},"11":{"start":{"line":16,"column":18},"end":{"line":16,"column":51}},"12":{"start":{"line":18,"column":16},"end":{"line":18,"column":44}},"13":{"start":{"line":19,"column":16},"end":{"line":19,"column":42}},"14":{"start":{"line":20,"column":19},"end":{"line":20,"column":39}},"15":{"start":{"line":21,"column":19},"end":{"line":21,"column":48}},"16":{"start":{"line":23,"column":2},"end":{"line":23,"column":72}},"17":{"start":{"line":23,"column":16},"end":{"line":23,"column":72}},"18":{"start":{"line":24,"column":2},"end":{"line":24,"column":48}},"19":{"start":{"line":24,"column":14},"end":{"line":24,"column":48}},"20":{"start":{"line":25,"column":2},"end":{"line":25,"column":54}},"21":{"start":{"line":25,"column":17},"end":{"line":25,"column":54}},"22":{"start":{"line":26,"column":2},"end":{"line":26,"column":54}},"23":{"start":{"line":26,"column":17},"end":{"line":26,"column":54}},"24":{"start":{"line":29,"column":2},"end":{"line":29,"column":37}},"25":{"start":{"line":31,"column":18},"end":{"line":36,"column":3}},"26":{"start":{"line":38,"column":14},"end":{"line":38,"column":58}},"27":{"start":{"line":40,"column":2},"end":{"line":48,"column":3}},"28":{"start":{"line":41,"column":4},"end":{"line":45,"column":7}},"29":{"start":{"line":47,"column":4},"end":{"line":47,"column":50}},"30":{"start":{"line":50,"column":15},"end":{"line":50,"column":31}},"31":{"start":{"line":52,"column":2},"end":{"line":52,"column":82}},"32":{"start":{"line":52,"column":8},"end":{"line":52,"column":44}},"33":{"start":{"line":52,"column":55},"end":{"line":52,"column":80}},"34":{"start":{"line":53,"column":2},"end":{"line":56,"column":3}},"35":{"start":{"line":54,"column":20},"end":{"line":54,"column":78}},"36":{"start":{"line":55,"column":4},"end":{"line":55,"column":85}},"37":{"start":{"line":59,"column":2},"end":{"line":59,"column":63}}},"fnMap":{"0":{"name":"validatePasswordStrength","decl":{"start":{"line":6,"column":9},"end":{"line":6,"column":33}},"loc":{"start":{"line":6,"column":39},"end":{"line":13,"column":1}},"line":6},"1":{"name":"handler","decl":{"start":{"line":15,"column":22},"end":{"line":15,"column":29}},"loc":{"start":{"line":15,"column":37},"end":{"line":60,"column":1}},"line":15}},"branchMap":{"0":{"loc":{"start":{"line":7,"column":19},"end":{"line":7,"column":28}},"type":"binary-expr","locations":[{"start":{"line":7,"column":19},"end":{"line":7,"column":22}},{"start":{"line":7,"column":26},"end":{"line":7,"column":28}}],"line":7},"1":{"loc":{"start":{"line":8,"column":2},"end":{"line":8,"column":84}},"type":"if","locations":[{"start":{"line":8,"column":2},"end":{"line":8,"column":84}},{"start":{},"end":{}}],"line":8},"2":{"loc":{"start":{"line":9,"column":2},"end":{"line":9,"column":96}},"type":"if","locations":[{"start":{"line":9,"column":2},"end":{"line":9,"column":96}},{"start":{},"end":{}}],"line":9},"3":{"loc":{"start":{"line":10,"column":2},"end":{"line":10,"column":96}},"type":"if","locations":[{"start":{"line":10,"column":2},"end":{"line":10,"column":96}},{"start":{},"end":{}}],"line":10},"4":{"loc":{"start":{"line":11,"column":2},"end":{"line":11,"column":85}},"type":"if","locations":[{"start":{"line":11,"column":2},"end":{"line":11,"column":85}},{"start":{},"end":{}}],"line":11},"5":{"loc":{"start":{"line":12,"column":2},"end":{"line":12,"column":121}},"type":"if","locations":[{"start":{"line":12,"column":2},"end":{"line":12,"column":121}},{"start":{},"end":{}}],"line":12},"6":{"loc":{"start":{"line":18,"column":16},"end":{"line":18,"column":44}},"type":"binary-expr","locations":[{"start":{"line":18,"column":17},"end":{"line":18,"column":22}},{"start":{"line":18,"column":26},"end":{"line":18,"column":37}},{"start":{"line":18,"column":42},"end":{"line":18,"column":44}}],"line":18},"7":{"loc":{"start":{"line":19,"column":17},"end":{"line":19,"column":34}},"type":"binary-expr","locations":[{"start":{"line":19,"column":17},"end":{"line":19,"column":28}},{"start":{"line":19,"column":32},"end":{"line":19,"column":34}}],"line":19},"8":{"loc":{"start":{"line":20,"column":19},"end":{"line":20,"column":39}},"type":"binary-expr","locations":[{"start":{"line":20,"column":19},"end":{"line":20,"column":33}},{"start":{"line":20,"column":37},"end":{"line":20,"column":39}}],"line":20},"9":{"loc":{"start":{"line":21,"column":20},"end":{"line":21,"column":40}},"type":"binary-expr","locations":[{"start":{"line":21,"column":20},"end":{"line":21,"column":34}},{"start":{"line":21,"column":38},"end":{"line":21,"column":40}}],"line":21},"10":{"loc":{"start":{"line":23,"column":2},"end":{"line":23,"column":72}},"type":"if","locations":[{"start":{"line":23,"column":2},"end":{"line":23,"column":72}},{"start":{},"end":{}}],"line":23},"11":{"loc":{"start":{"line":24,"column":2},"end":{"line":24,"column":48}},"type":"if","locations":[{"start":{"line":24,"column":2},"end":{"line":24,"column":48}},{"start":{},"end":{}}],"line":24},"12":{"loc":{"start":{"line":25,"column":2},"end":{"line":25,"column":54}},"type":"if","locations":[{"start":{"line":25,"column":2},"end":{"line":25,"column":54}},{"start":{},"end":{}}],"line":25},"13":{"loc":{"start":{"line":26,"column":2},"end":{"line":26,"column":54}},"type":"if","locations":[{"start":{"line":26,"column":2},"end":{"line":26,"column":54}},{"start":{},"end":{}}],"line":26},"14":{"loc":{"start":{"line":52,"column":15},"end":{"line":52,"column":43}},"type":"cond-expr","locations":[{"start":{"line":52,"column":22},"end":{"line":52,"column":38}},{"start":{"line":52,"column":41},"end":{"line":52,"column":43}}],"line":52},"15":{"loc":{"start":{"line":53,"column":2},"end":{"line":56,"column":3}},"type":"if","locations":[{"start":{"line":53,"column":2},"end":{"line":56,"column":3}},{"start":{},"end":{}}],"line":53},"16":{"loc":{"start":{"line":54,"column":20},"end":{"line":54,"column":78}},"type":"binary-expr","locations":[{"start":{"line":54,"column":21},"end":{"line":54,"column":25}},{"start":{"line":54,"column":30},"end":{"line":54,"column":41}},{"start":{"line":54,"column":45},"end":{"line":54,"column":57}},{"start":{"line":54,"column":63},"end":{"line":54,"column":78}}],"line":54},"17":{"loc":{"start":{"line":55,"column":20},"end":{"line":55,"column":83}},"type":"cond-expr","locations":[{"start":{"line":55,"column":50},"end":{"line":55,"column":57}},{"start":{"line":55,"column":60},"end":{"line":55,"column":83}}],"line":55},"18":{"loc":{"start":{"line":59,"column":30},"end":{"line":59,"column":60}},"type":"binary-expr","locations":[{"start":{"line":59,"column":31},"end":{"line":59,"column":35}},{"start":{"line":59,"column":39},"end":{"line":59,"column":51}},{"start":{"line":59,"column":56},"end":{"line":59,"column":60}}],"line":59}},"s":{"0":3,"1":3,"2":1,"3":2,"4":0,"5":2,"6":0,"7":2,"8":0,"9":2,"10":0,"11":6,"12":6,"13":6,"14":6,"15":6,"16":6,"17":0,"18":6,"19":1,"20":5,"21":1,"22":4,"23":1,"24":3,"25":2,"26":2,"27":2,"28":2,"29":0,"30":2,"31":2,"32":2,"33":0,"34":2,"35":1,"36":1,"37":1},"f":{"0":3,"1":6},"b":{"0":[3,0],"1":[1,2],"2":[0,2],"3":[0,2],"4":[0,2],"5":[0,2],"6":[6,6,0],"7":[6,1],"8":[6,1],"9":[6,1],"10":[0,6],"11":[1,5],"12":[1,4],"13":[1,3],"14":[2,0],"15":[1,1],"16":[1,1,0,0],"17":[1,0],"18":[1,1,0]},"inputSourceMap":null,"_coverageSchema":"1a1c01bbd47fc00a2c39e90264f33305004495a9","hash":"dfe8cb6a6a068409d795d915c09ccb1511ec047e"}
,"D:\\Projetos\\GoalsGuild\\questbound-forge\\backend\\infra\\terraform\\resolvers\\addTask.js": {"path":"D:\\Projetos\\GoalsGuild\\questbound-forge\\backend\\infra\\terraform\\resolvers\\addTask.js","statementMap":{"0":{"start":{"line":6,"column":19},"end":{"line":6,"column":37}},"1":{"start":{"line":7,"column":18},"end":{"line":7,"column":30}},"2":{"start":{"line":8,"column":2},"end":{"line":8,"column":36}},"3":{"start":{"line":8,"column":16},"end":{"line":8,"column":36}},"4":{"start":{"line":10,"column":16},"end":{"line":10,"column":64}},"5":{"start":{"line":11,"column":17},"end":{"line":11,"column":29}},"6":{"start":{"line":12,"column":16},"end":{"line":12,"column":27}},"7":{"start":{"line":13,"column":2},"end":{"line":13,"column":59}},"8":{"start":{"line":13,"column":15},"end":{"line":13,"column":59}},"9":{"start":{"line":14,"column":2},"end":{"line":14,"column":57}},"10":{"start":{"line":14,"column":14},"end":{"line":14,"column":57}},"11":{"start":{"line":16,"column":14},"end":{"line":16,"column":46}},"12":{"start":{"line":17,"column":17},"end":{"line":17,"column":30}},"13":{"start":{"line":19,"column":15},"end":{"line":33,"column":3}},"14":{"start":{"line":35,"column":2},"end":{"line":35,"column":29}},"15":{"start":{"line":39,"column":2},"end":{"line":39,"column":63}},"16":{"start":{"line":39,"column":17},"end":{"line":39,"column":63}},"17":{"start":{"line":40,"column":12},"end":{"line":40,"column":86}},"18":{"start":{"line":41,"column":2},"end":{"line":51,"column":4}}},"fnMap":{"0":{"name":"request","decl":{"start":{"line":5,"column":16},"end":{"line":5,"column":23}},"loc":{"start":{"line":5,"column":29},"end":{"line":36,"column":1}},"line":5},"1":{"name":"response","decl":{"start":{"line":38,"column":16},"end":{"line":38,"column":24}},"loc":{"start":{"line":38,"column":30},"end":{"line":52,"column":1}},"line":38}},"branchMap":{"0":{"loc":{"start":{"line":6,"column":19},"end":{"line":6,"column":37}},"type":"binary-expr","locations":[{"start":{"line":6,"column":19},"end":{"line":6,"column":31}},{"start":{"line":6,"column":35},"end":{"line":6,"column":37}}],"line":6},"1":{"loc":{"start":{"line":8,"column":2},"end":{"line":8,"column":36}},"type":"if","locations":[{"start":{"line":8,"column":2},"end":{"line":8,"column":36}},{"start":{},"end":{}}],"line":8},"2":{"loc":{"start":{"line":10,"column":16},"end":{"line":10,"column":64}},"type":"cond-expr","locations":[{"start":{"line":10,"column":45},"end":{"line":10,"column":59}},{"start":{"line":10,"column":62},"end":{"line":10,"column":64}}],"line":10},"3":{"loc":{"start":{"line":10,"column":16},"end":{"line":10,"column":42}},"type":"binary-expr","locations":[{"start":{"line":10,"column":16},"end":{"line":10,"column":24}},{"start":{"line":10,"column":28},"end":{"line":10,"column":42}}],"line":10},"4":{"loc":{"start":{"line":13,"column":2},"end":{"line":13,"column":59}},"type":"if","locations":[{"start":{"line":13,"column":2},"end":{"line":13,"column":59}},{"start":{},"end":{}}],"line":13},"5":{"loc":{"start":{"line":14,"column":2},"end":{"line":14,"column":57}},"type":"if","locations":[{"start":{"line":14,"column":2},"end":{"line":14,"column":57}},{"start":{},"end":{}}],"line":14},"6":{"loc":{"start":{"line":27,"column":13},"end":{"line":27,"column":32}},"type":"binary-expr","locations":[{"start":{"line":27,"column":13},"end":{"line":27,"column":26}},{"start":{"line":27,"column":30},"end":{"line":27,"column":32}}],"line":27},"7":{"loc":{"start":{"line":28,"column":11},"end":{"line":28,"column":65}},"type":"cond-expr","locations":[{"start":{"line":28,"column":47},"end":{"line":28,"column":58}},{"start":{"line":28,"column":61},"end":{"line":28,"column":65}}],"line":28},"8":{"loc":{"start":{"line":30,"column":15},"end":{"line":30,"column":68}},"type":"cond-expr","locations":[{"start":{"line":30,"column":48},"end":{"line":30,"column":63}},{"start":{"line":30,"column":66},"end":{"line":30,"column":68}}],"line":30},"9":{"loc":{"start":{"line":39,"column":2},"end":{"line":39,"column":63}},"type":"if","locations":[{"start":{"line":39,"column":2},"end":{"line":39,"column":63}},{"start":{},"end":{}}],"line":39},"10":{"loc":{"start":{"line":40,"column":12},"end":{"line":40,"column":86}},"type":"cond-expr","locations":[{"start":{"line":40,"column":52},"end":{"line":40,"column":73}},{"start":{"line":40,"column":76},"end":{"line":40,"column":86}}],"line":40},"11":{"loc":{"start":{"line":40,"column":13},"end":{"line":40,"column":48}},"type":"binary-expr","locations":[{"start":{"line":40,"column":13},"end":{"line":40,"column":23}},{"start":{"line":40,"column":27},"end":{"line":40,"column":48}}],"line":40},"12":{"loc":{"start":{"line":45,"column":13},"end":{"line":45,"column":28}},"type":"binary-expr","locations":[{"start":{"line":45,"column":13},"end":{"line":45,"column":22}},{"start":{"line":45,"column":26},"end":{"line":45,"column":28}}],"line":45},"13":{"loc":{"start":{"line":46,"column":11},"end":{"line":46,"column":57}},"type":"cond-expr","locations":[{"start":{"line":46,"column":43},"end":{"line":46,"column":50}},{"start":{"line":46,"column":53},"end":{"line":46,"column":57}}],"line":46},"14":{"loc":{"start":{"line":48,"column":15},"end":{"line":48,"column":32}},"type":"binary-expr","locations":[{"start":{"line":48,"column":15},"end":{"line":48,"column":26}},{"start":{"line":48,"column":30},"end":{"line":48,"column":32}}],"line":48}},"s":{"0":1,"1":1,"2":1,"3":0,"4":1,"5":1,"6":1,"7":1,"8":0,"9":1,"10":0,"11":1,"12":1,"13":1,"14":1,"15":1,"16":0,"17":1,"18":1},"f":{"0":1,"1":1},"b":{"0":[1,0],"1":[0,1],"2":[1,0],"3":[1,1],"4":[0,1],"5":[0,1],"6":[1,0],"7":[1,0],"8":[1,0],"9":[0,1],"10":[1,0],"11":[1,1],"12":[1,0],"13":[1,0],"14":[1,0]},"_coverageSchema":"1a1c01bbd47fc00a2c39e90264f33305004495a9","hash":"351e8f9d86c5ef95d7b4a99f8c48d5e3ef04d34b"}
,"D:\\Projetos\\GoalsGuild\\questbound-forge\\backend\\infra\\terraform\\resolvers\\createGoal.js": {"path":"D:\\Projetos\\GoalsGuild\\questbound-forge\\backend\\infra\\terraform\\resolvers\\createGoal.js","statementMap":{"0":{"start":{"line":6,"column":19},"end":{"line":6,"column":37}},"1":{"start":{"line":7,"column":17},"end":{"line":7,"column":29}},"2":{"start":{"line":8,"column":2},"end":{"line":8,"column":35}},"3":{"start":{"line":8,"column":15},"end":{"line":8,"column":35}},"4":{"start":{"line":10,"column":16},"end":{"line":10,"column":64}},"5":{"start":{"line":11,"column":16},"end":{"line":11,"column":27}},"6":{"start":{"line":12,"column":2},"end":{"line":12,"column":57}},"7":{"start":{"line":12,"column":14},"end":{"line":12,"column":57}},"8":{"start":{"line":14,"column":14},"end":{"line":14,"column":46}},"9":{"start":{"line":15,"column":17},"end":{"line":15,"column":30}},"10":{"start":{"line":16,"column":15},"end":{"line":30,"column":3}},"11":{"start":{"line":32,"column":2},"end":{"line":32,"column":29}},"12":{"start":{"line":36,"column":2},"end":{"line":36,"column":63}},"13":{"start":{"line":36,"column":17},"end":{"line":36,"column":63}},"14":{"start":{"line":37,"column":12},"end":{"line":37,"column":86}},"15":{"start":{"line":38,"column":2},"end":{"line":47,"column":4}}},"fnMap":{"0":{"name":"request","decl":{"start":{"line":5,"column":16},"end":{"line":5,"column":23}},"loc":{"start":{"line":5,"column":29},"end":{"line":33,"column":1}},"line":5},"1":{"name":"response","decl":{"start":{"line":35,"column":16},"end":{"line":35,"column":24}},"loc":{"start":{"line":35,"column":30},"end":{"line":48,"column":1}},"line":35}},"branchMap":{"0":{"loc":{"start":{"line":6,"column":19},"end":{"line":6,"column":37}},"type":"binary-expr","locations":[{"start":{"line":6,"column":19},"end":{"line":6,"column":31}},{"start":{"line":6,"column":35},"end":{"line":6,"column":37}}],"line":6},"1":{"loc":{"start":{"line":8,"column":2},"end":{"line":8,"column":35}},"type":"if","locations":[{"start":{"line":8,"column":2},"end":{"line":8,"column":35}},{"start":{},"end":{}}],"line":8},"2":{"loc":{"start":{"line":10,"column":16},"end":{"line":10,"column":64}},"type":"cond-expr","locations":[{"start":{"line":10,"column":45},"end":{"line":10,"column":59}},{"start":{"line":10,"column":62},"end":{"line":10,"column":64}}],"line":10},"3":{"loc":{"start":{"line":10,"column":16},"end":{"line":10,"column":42}},"type":"binary-expr","locations":[{"start":{"line":10,"column":16},"end":{"line":10,"column":24}},{"start":{"line":10,"column":28},"end":{"line":10,"column":42}}],"line":10},"4":{"loc":{"start":{"line":12,"column":2},"end":{"line":12,"column":57}},"type":"if","locations":[{"start":{"line":12,"column":2},"end":{"line":12,"column":57}},{"start":{},"end":{}}],"line":12},"5":{"loc":{"start":{"line":23,"column":17},"end":{"line":23,"column":40}},"type":"binary-expr","locations":[{"start":{"line":23,"column":17},"end":{"line":23,"column":34}},{"start":{"line":23,"column":38},"end":{"line":23,"column":40}}],"line":23},"6":{"loc":{"start":{"line":24,"column":10},"end":{"line":24,"column":53}},"type":"cond-expr","locations":[{"start":{"line":24,"column":38},"end":{"line":24,"column":48}},{"start":{"line":24,"column":51},"end":{"line":24,"column":53}}],"line":24},"7":{"loc":{"start":{"line":36,"column":2},"end":{"line":36,"column":63}},"type":"if","locations":[{"start":{"line":36,"column":2},"end":{"line":36,"column":63}},{"start":{},"end":{}}],"line":36},"8":{"loc":{"start":{"line":37,"column":12},"end":{"line":37,"column":86}},"type":"cond-expr","locations":[{"start":{"line":37,"column":52},"end":{"line":37,"column":73}},{"start":{"line":37,"column":76},"end":{"line":37,"column":86}}],"line":37},"9":{"loc":{"start":{"line":37,"column":13},"end":{"line":37,"column":48}},"type":"binary-expr","locations":[{"start":{"line":37,"column":13},"end":{"line":37,"column":23}},{"start":{"line":37,"column":27},"end":{"line":37,"column":48}}],"line":37},"10":{"loc":{"start":{"line":43,"column":10},"end":{"line":43,"column":22}},"type":"binary-expr","locations":[{"start":{"line":43,"column":10},"end":{"line":43,"column":16}},{"start":{"line":43,"column":20},"end":{"line":43,"column":22}}],"line":43}},"s":{"0":1,"1":1,"2":1,"3":0,"4":1,"5":1,"6":1,"7":0,"8":1,"9":1,"10":1,"11":1,"12":1,"13":0,"14":1,"15":1},"f":{"0":1,"1":1},"b":{"0":[1,0],"1":[0,1],"2":[1,0],"3":[1,1],"4":[0,1],"5":[1,0],"6":[1,0],"7":[0,1],"8":[1,0],"9":[1,1],"10":[1,0]},"_coverageSchema":"1a1c01bbd47fc00a2c39e90264f33305004495a9","hash":"ea79688bc93f82259988f03f87e8686c21df277a"}
,"D:\\Projetos\\GoalsGuild\\questbound-forge\\backend\\infra\\terraform\\resolvers\\isEmailAvailable.js": {"path":"D:\\Projetos\\GoalsGuild\\questbound-forge\\backend\\infra\\terraform\\resolvers\\isEmailAvailable.js","statementMap":{"0":{"start":{"line":5,"column":14},"end":{"line":5,"column":62}},"1":{"start":{"line":6,"column":20},"end":{"line":6,"column":37}},"2":{"start":{"line":7,"column":2},"end":{"line":7,"column":61}},"3":{"start":{"line":7,"column":18},"end":{"line":7,"column":61}},"4":{"start":{"line":8,"column":16},"end":{"line":8,"column":38}},"5":{"start":{"line":9,"column":17},"end":{"line":9,"column":43}},"6":{"start":{"line":10,"column":2},"end":{"line":12,"column":3}},"7":{"start":{"line":11,"column":4},"end":{"line":11,"column":46}},"8":{"start":{"line":13,"column":16},"end":{"line":13,"column":39}},"9":{"start":{"line":15,"column":19},"end":{"line":15,"column":35}},"10":{"start":{"line":16,"column":2},"end":{"line":27,"column":4}},"11":{"start":{"line":31,"column":2},"end":{"line":31,"column":63}},"12":{"start":{"line":31,"column":17},"end":{"line":31,"column":63}},"13":{"start":{"line":32,"column":16},"end":{"line":32,"column":72}},"14":{"start":{"line":34,"column":2},"end":{"line":34,"column":28}}},"fnMap":{"0":{"name":"request","decl":{"start":{"line":4,"column":16},"end":{"line":4,"column":23}},"loc":{"start":{"line":4,"column":29},"end":{"line":28,"column":1}},"line":4},"1":{"name":"response","decl":{"start":{"line":30,"column":16},"end":{"line":30,"column":24}},"loc":{"start":{"line":30,"column":30},"end":{"line":35,"column":1}},"line":30}},"branchMap":{"0":{"loc":{"start":{"line":5,"column":14},"end":{"line":5,"column":62}},"type":"cond-expr","locations":[{"start":{"line":5,"column":43},"end":{"line":5,"column":57}},{"start":{"line":5,"column":60},"end":{"line":5,"column":62}}],"line":5},"1":{"loc":{"start":{"line":5,"column":14},"end":{"line":5,"column":40}},"type":"binary-expr","locations":[{"start":{"line":5,"column":14},"end":{"line":5,"column":22}},{"start":{"line":5,"column":26},"end":{"line":5,"column":40}}],"line":5},"2":{"loc":{"start":{"line":7,"column":2},"end":{"line":7,"column":61}},"type":"if","locations":[{"start":{"line":7,"column":2},"end":{"line":7,"column":61}},{"start":{},"end":{}}],"line":7},"3":{"loc":{"start":{"line":10,"column":2},"end":{"line":12,"column":3}},"type":"if","locations":[{"start":{"line":10,"column":2},"end":{"line":12,"column":3}},{"start":{},"end":{}}],"line":10},"4":{"loc":{"start":{"line":10,"column":8},"end":{"line":10,"column":72}},"type":"binary-expr","locations":[{"start":{"line":10,"column":8},"end":{"line":10,"column":17}},{"start":{"line":10,"column":21},"end":{"line":10,"column":39}},{"start":{"line":10,"column":43},"end":{"line":10,"column":72}}],"line":10},"5":{"loc":{"start":{"line":31,"column":2},"end":{"line":31,"column":63}},"type":"if","locations":[{"start":{"line":31,"column":2},"end":{"line":31,"column":63}},{"start":{},"end":{}}],"line":31},"6":{"loc":{"start":{"line":32,"column":16},"end":{"line":32,"column":72}},"type":"cond-expr","locations":[{"start":{"line":32,"column":51},"end":{"line":32,"column":67}},{"start":{"line":32,"column":70},"end":{"line":32,"column":72}}],"line":32},"7":{"loc":{"start":{"line":32,"column":17},"end":{"line":32,"column":47}},"type":"binary-expr","locations":[{"start":{"line":32,"column":17},"end":{"line":32,"column":27}},{"start":{"line":32,"column":31},"end":{"line":32,"column":47}}],"line":32}},"s":{"0":1,"1":1,"2":1,"3":0,"4":1,"5":1,"6":1,"7":0,"8":1,"9":1,"10":1,"11":2,"12":0,"13":2,"14":2},"f":{"0":1,"1":2},"b":{"0":[1,0],"1":[1,1],"2":[0,1],"3":[0,1],"4":[1,1,1],"5":[0,2],"6":[2,0],"7":[2,2]},"_coverageSchema":"1a1c01bbd47fc00a2c39e90264f33305004495a9","hash":"603aa78ec34084d955353c4f7844c03274efc915"}
,"D:\\Projetos\\GoalsGuild\\questbound-forge\\backend\\infra\\terraform\\resolvers\\isNicknameAvailable.js": {"path":"D:\\Projetos\\GoalsGuild\\questbound-forge\\backend\\infra\\terraform\\resolvers\\isNicknameAvailable.js","statementMap":{"0":{"start":{"line":5,"column":14},"end":{"line":5,"column":68}},"1":{"start":{"line":6,"column":23},"end":{"line":6,"column":40}},"2":{"start":{"line":7,"column":2},"end":{"line":7,"column":67}},"3":{"start":{"line":7,"column":21},"end":{"line":7,"column":67}},"4":{"start":{"line":9,"column":18},"end":{"line":9,"column":40}},"5":{"start":{"line":10,"column":2},"end":{"line":21,"column":4}},"6":{"start":{"line":25,"column":2},"end":{"line":25,"column":63}},"7":{"start":{"line":25,"column":17},"end":{"line":25,"column":63}},"8":{"start":{"line":26,"column":16},"end":{"line":26,"column":72}},"9":{"start":{"line":28,"column":2},"end":{"line":28,"column":28}}},"fnMap":{"0":{"name":"request","decl":{"start":{"line":4,"column":16},"end":{"line":4,"column":23}},"loc":{"start":{"line":4,"column":29},"end":{"line":22,"column":1}},"line":4},"1":{"name":"response","decl":{"start":{"line":24,"column":16},"end":{"line":24,"column":24}},"loc":{"start":{"line":24,"column":30},"end":{"line":29,"column":1}},"line":24}},"branchMap":{"0":{"loc":{"start":{"line":5,"column":14},"end":{"line":5,"column":68}},"type":"cond-expr","locations":[{"start":{"line":5,"column":46},"end":{"line":5,"column":63}},{"start":{"line":5,"column":66},"end":{"line":5,"column":68}}],"line":5},"1":{"loc":{"start":{"line":5,"column":14},"end":{"line":5,"column":43}},"type":"binary-expr","locations":[{"start":{"line":5,"column":14},"end":{"line":5,"column":22}},{"start":{"line":5,"column":26},"end":{"line":5,"column":43}}],"line":5},"2":{"loc":{"start":{"line":7,"column":2},"end":{"line":7,"column":67}},"type":"if","locations":[{"start":{"line":7,"column":2},"end":{"line":7,"column":67}},{"start":{},"end":{}}],"line":7},"3":{"loc":{"start":{"line":25,"column":2},"end":{"line":25,"column":63}},"type":"if","locations":[{"start":{"line":25,"column":2},"end":{"line":25,"column":63}},{"start":{},"end":{}}],"line":25},"4":{"loc":{"start":{"line":26,"column":16},"end":{"line":26,"column":72}},"type":"cond-expr","locations":[{"start":{"line":26,"column":51},"end":{"line":26,"column":67}},{"start":{"line":26,"column":70},"end":{"line":26,"column":72}}],"line":26},"5":{"loc":{"start":{"line":26,"column":17},"end":{"line":26,"column":47}},"type":"binary-expr","locations":[{"start":{"line":26,"column":17},"end":{"line":26,"column":27}},{"start":{"line":26,"column":31},"end":{"line":26,"column":47}}],"line":26}},"s":{"0":1,"1":1,"2":1,"3":0,"4":1,"5":1,"6":2,"7":0,"8":2,"9":2},"f":{"0":1,"1":2},"b":{"0":[1,0],"1":[1,1],"2":[0,1],"3":[0,2],"4":[2,0],"5":[2,2]},"_coverageSchema":"1a1c01bbd47fc00a2c39e90264f33305004495a9","hash":"89c5723eff74e84d7359bcc1df4b48ef78061d4a"}
,"D:\\Projetos\\GoalsGuild\\questbound-forge\\backend\\infra\\terraform\\resolvers\\onMessage.subscribe.js": {"path":"D:\\Projetos\\GoalsGuild\\questbound-forge\\backend\\infra\\terraform\\resolvers\\onMessage.subscribe.js","statementMap":{"0":{"start":{"line":5,"column":19},"end":{"line":5,"column":37}},"1":{"start":{"line":6,"column":2},"end":{"line":6,"column":41}},"2":{"start":{"line":6,"column":21},"end":{"line":6,"column":41}},"3":{"start":{"line":9,"column":2},"end":{"line":9,"column":75}},"4":{"start":{"line":13,"column":2},"end":{"line":13,"column":20}}},"fnMap":{"0":{"name":"request","decl":{"start":{"line":4,"column":16},"end":{"line":4,"column":23}},"loc":{"start":{"line":4,"column":29},"end":{"line":10,"column":1}},"line":4},"1":{"name":"response","decl":{"start":{"line":12,"column":16},"end":{"line":12,"column":24}},"loc":{"start":{"line":12,"column":30},"end":{"line":14,"column":1}},"line":12}},"branchMap":{"0":{"loc":{"start":{"line":5,"column":19},"end":{"line":5,"column":37}},"type":"binary-expr","locations":[{"start":{"line":5,"column":19},"end":{"line":5,"column":31}},{"start":{"line":5,"column":35},"end":{"line":5,"column":37}}],"line":5},"1":{"loc":{"start":{"line":6,"column":2},"end":{"line":6,"column":41}},"type":"if","locations":[{"start":{"line":6,"column":2},"end":{"line":6,"column":41}},{"start":{},"end":{}}],"line":6},"2":{"loc":{"start":{"line":9,"column":20},"end":{"line":9,"column":72}},"type":"cond-expr","locations":[{"start":{"line":9,"column":50},"end":{"line":9,"column":65}},{"start":{"line":9,"column":68},"end":{"line":9,"column":72}}],"line":9},"3":{"loc":{"start":{"line":9,"column":20},"end":{"line":9,"column":47}},"type":"binary-expr","locations":[{"start":{"line":9,"column":20},"end":{"line":9,"column":28}},{"start":{"line":9,"column":32},"end":{"line":9,"column":47}}],"line":9}},"s":{"0":1,"1":1,"2":0,"3":1,"4":1},"f":{"0":1,"1":1},"b":{"0":[1,0],"1":[0,1],"2":[1,0],"3":[1,1]},"_coverageSchema":"1a1c01bbd47fc00a2c39e90264f33305004495a9","hash":"5e4df1cda5465ae71341afaad566ecd2f3426c8d"}
,"D:\\Projetos\\GoalsGuild\\questbound-forge\\backend\\infra\\terraform\\resolvers\\sendMessage.js": {"path":"D:\\Projetos\\GoalsGuild\\questbound-forge\\backend\\infra\\terraform\\resolvers\\sendMessage.js","statementMap":{"0":{"start":{"line":6,"column":19},"end":{"line":6,"column":37}},"1":{"start":{"line":7,"column":19},"end":{"line":7,"column":31}},"2":{"start":{"line":8,"column":2},"end":{"line":8,"column":37}},"3":{"start":{"line":8,"column":17},"end":{"line":8,"column":37}},"4":{"start":{"line":10,"column":15},"end":{"line":10,"column":29}},"5":{"start":{"line":11,"column":17},"end":{"line":11,"column":28}},"6":{"start":{"line":12,"column":15},"end":{"line":12,"column":24}},"7":{"start":{"line":13,"column":2},"end":{"line":13,"column":59}},"8":{"start":{"line":13,"column":15},"end":{"line":13,"column":59}},"9":{"start":{"line":14,"column":2},"end":{"line":14,"column":55}},"10":{"start":{"line":14,"column":13},"end":{"line":14,"column":55}},"11":{"start":{"line":16,"column":13},"end":{"line":16,"column":45}},"12":{"start":{"line":17,"column":13},"end":{"line":17,"column":26}},"13":{"start":{"line":19,"column":15},"end":{"line":28,"column":3}},"14":{"start":{"line":30,"column":2},"end":{"line":30,"column":29}},"15":{"start":{"line":34,"column":2},"end":{"line":34,"column":63}},"16":{"start":{"line":34,"column":17},"end":{"line":34,"column":63}},"17":{"start":{"line":35,"column":12},"end":{"line":35,"column":86}},"18":{"start":{"line":36,"column":2},"end":{"line":42,"column":4}}},"fnMap":{"0":{"name":"request","decl":{"start":{"line":5,"column":16},"end":{"line":5,"column":23}},"loc":{"start":{"line":5,"column":29},"end":{"line":31,"column":1}},"line":5},"1":{"name":"response","decl":{"start":{"line":33,"column":16},"end":{"line":33,"column":24}},"loc":{"start":{"line":33,"column":30},"end":{"line":43,"column":1}},"line":33}},"branchMap":{"0":{"loc":{"start":{"line":6,"column":19},"end":{"line":6,"column":37}},"type":"binary-expr","locations":[{"start":{"line":6,"column":19},"end":{"line":6,"column":31}},{"start":{"line":6,"column":35},"end":{"line":6,"column":37}}],"line":6},"1":{"loc":{"start":{"line":8,"column":2},"end":{"line":8,"column":37}},"type":"if","locations":[{"start":{"line":8,"column":2},"end":{"line":8,"column":37}},{"start":{},"end":{}}],"line":8},"2":{"loc":{"start":{"line":10,"column":15},"end":{"line":10,"column":29}},"type":"binary-expr","locations":[{"start":{"line":10,"column":15},"end":{"line":10,"column":23}},{"start":{"line":10,"column":27},"end":{"line":10,"column":29}}],"line":10},"3":{"loc":{"start":{"line":13,"column":2},"end":{"line":13,"column":59}},"type":"if","locations":[{"start":{"line":13,"column":2},"end":{"line":13,"column":59}},{"start":{},"end":{}}],"line":13},"4":{"loc":{"start":{"line":14,"column":2},"end":{"line":14,"column":55}},"type":"if","locations":[{"start":{"line":14,"column":2},"end":{"line":14,"column":55}},{"start":{},"end":{}}],"line":14},"5":{"loc":{"start":{"line":34,"column":2},"end":{"line":34,"column":63}},"type":"if","locations":[{"start":{"line":34,"column":2},"end":{"line":34,"column":63}},{"start":{},"end":{}}],"line":34},"6":{"loc":{"start":{"line":35,"column":12},"end":{"line":35,"column":86}},"type":"cond-expr","locations":[{"start":{"line":35,"column":52},"end":{"line":35,"column":73}},{"start":{"line":35,"column":76},"end":{"line":35,"column":86}}],"line":35},"7":{"loc":{"start":{"line":35,"column":13},"end":{"line":35,"column":48}},"type":"binary-expr","locations":[{"start":{"line":35,"column":13},"end":{"line":35,"column":23}},{"start":{"line":35,"column":27},"end":{"line":35,"column":48}}],"line":35}},"s":{"0":1,"1":1,"2":1,"3":0,"4":1,"5":1,"6":1,"7":1,"8":0,"9":1,"10":0,"11":1,"12":1,"13":1,"14":1,"15":1,"16":0,"17":1,"18":1},"f":{"0":1,"1":1},"b":{"0":[1,0],"1":[0,1],"2":[1,0],"3":[0,1],"4":[0,1],"5":[0,1],"6":[1,0],"7":[1,1]},"_coverageSchema":"1a1c01bbd47fc00a2c39e90264f33305004495a9","hash":"0bc2359d959b6b56ef2e3b3887f8e2832773074a"}
,"D:\\Projetos\\GoalsGuild\\questbound-forge\\backend\\infra\\terraform\\test\\mocks\\appsync-utils-dynamodb.js": {"path":"D:\\Projetos\\GoalsGuild\\questbound-forge\\backend\\infra\\terraform\\test\\mocks\\appsync-utils-dynamodb.js","statementMap":{"0":{"start":{"line":2,"column":2},"end":{"line":2,"column":40}}},"fnMap":{"0":{"name":"put","decl":{"start":{"line":1,"column":16},"end":{"line":1,"column":19}},"loc":{"start":{"line":1,"column":30},"end":{"line":3,"column":1}},"line":1}},"branchMap":{},"s":{"0":3},"f":{"0":3},"b":{},"_coverageSchema":"1a1c01bbd47fc00a2c39e90264f33305004495a9","hash":"fdf8876d9531a223629ff45803dc6113bfdb3962"}
,"D:\\Projetos\\GoalsGuild\\questbound-forge\\backend\\infra\\terraform\\test\\mocks\\appsync-utils.js": {"path":"D:\\Projetos\\GoalsGuild\\questbound-forge\\backend\\infra\\terraform\\test\\mocks\\appsync-utils.js","statementMap":{"0":{"start":{"line":1,"column":20},"end":{"line":20,"column":1}},"1":{"start":{"line":3,"column":14},"end":{"line":3,"column":32}},"2":{"start":{"line":4,"column":4},"end":{"line":4,"column":18}},"3":{"start":{"line":5,"column":4},"end":{"line":5,"column":12}},"4":{"start":{"line":8,"column":14},"end":{"line":8,"column":39}},"5":{"start":{"line":9,"column":4},"end":{"line":9,"column":28}},"6":{"start":{"line":10,"column":4},"end":{"line":10,"column":12}},"7":{"start":{"line":13,"column":32},"end":{"line":13,"column":45}},"8":{"start":{"line":14,"column":22},"end":{"line":14,"column":44}},"9":{"start":{"line":16,"column":16},"end":{"line":16,"column":25}},"10":{"start":{"line":18,"column":26},"end":{"line":18,"column":29}}},"fnMap":{"0":{"name":"(anonymous_0)","decl":{"start":{"line":2,"column":9},"end":{"line":2,"column":10}},"loc":{"start":{"line":2,"column":38},"end":{"line":6,"column":3}},"line":2},"1":{"name":"(anonymous_1)","decl":{"start":{"line":7,"column":16},"end":{"line":7,"column":17}},"loc":{"start":{"line":7,"column":22},"end":{"line":11,"column":3}},"line":7},"2":{"name":"(anonymous_2)","decl":{"start":{"line":13,"column":26},"end":{"line":13,"column":27}},"loc":{"start":{"line":13,"column":32},"end":{"line":13,"column":45}},"line":13},"3":{"name":"(anonymous_3)","decl":{"start":{"line":14,"column":16},"end":{"line":14,"column":17}},"loc":{"start":{"line":14,"column":22},"end":{"line":14,"column":44}},"line":14},"4":{"name":"(anonymous_4)","decl":{"start":{"line":16,"column":10},"end":{"line":16,"column":11}},"loc":{"start":{"line":16,"column":16},"end":{"line":16,"column":25}},"line":16},"5":{"name":"(anonymous_5)","decl":{"start":{"line":18,"column":17},"end":{"line":18,"column":18}},"loc":{"start":{"line":18,"column":26},"end":{"line":18,"column":29}},"line":18}},"branchMap":{"0":{"loc":{"start":{"line":2,"column":19},"end":{"line":2,"column":33}},"type":"default-arg","locations":[{"start":{"line":2,"column":26},"end":{"line":2,"column":33}}],"line":2}},"s":{"0":6,"1":0,"2":0,"3":0,"4":0,"5":0,"6":0,"7":3,"8":0,"9":3,"10":2},"f":{"0":0,"1":0,"2":3,"3":0,"4":3,"5":2},"b":{"0":[0]},"_coverageSchema":"1a1c01bbd47fc00a2c39e90264f33305004495a9","hash":"a212f709d67572a3c9f3d8bf3df3f1fa24140940"}
}
