TN:
SF:lambdas\appsync_create_user\index.mjs
FN:6,validatePasswordStrength
FN:15,handler
FNF:2
FNH:2
FNDA:3,validatePasswordStrength
FNDA:6,handler
DA:7,3
DA:8,3
DA:9,2
DA:10,2
DA:11,2
DA:12,2
DA:16,6
DA:18,6
DA:19,6
DA:20,6
DA:21,6
DA:23,6
DA:24,6
DA:25,5
DA:26,4
DA:29,3
DA:31,2
DA:38,2
DA:40,2
DA:41,2
DA:47,0
DA:50,2
DA:52,2
DA:53,2
DA:54,1
DA:55,1
DA:59,1
LF:27
LH:26
BRDA:7,0,0,3
BRDA:7,0,1,0
BRDA:8,1,0,1
BRDA:8,1,1,2
BRDA:9,2,0,0
BRDA:9,2,1,2
BRDA:10,3,0,0
BRDA:10,3,1,2
BRDA:11,4,0,0
BRDA:11,4,1,2
BRDA:12,5,0,0
BRDA:12,5,1,2
BRDA:18,6,0,6
BRDA:18,6,1,6
BRDA:18,6,2,0
BRDA:19,7,0,6
BRDA:19,7,1,1
BRDA:20,8,0,6
BRDA:20,8,1,1
BRDA:21,9,0,6
BRDA:21,9,1,1
BRDA:23,10,0,0
BRDA:23,10,1,6
BRDA:24,11,0,1
BRDA:24,11,1,5
BRDA:25,12,0,1
BRDA:25,12,1,4
BRDA:26,13,0,1
BRDA:26,13,1,3
BRDA:52,14,0,2
BRDA:52,14,1,0
BRDA:53,15,0,1
BRDA:53,15,1,1
BRDA:54,16,0,1
BRDA:54,16,1,1
BRDA:54,16,2,0
BRDA:54,16,3,0
BRDA:55,17,0,1
BRDA:55,17,1,0
BRDA:59,18,0,1
BRDA:59,18,1,1
BRDA:59,18,2,0
BRF:42
BRH:30
end_of_record
TN:
SF:resolvers\addTask.js
FN:5,request
FN:38,response
FNF:2
FNH:2
FNDA:1,request
FNDA:1,response
DA:6,1
DA:7,1
DA:8,1
DA:10,1
DA:11,1
DA:12,1
DA:13,1
DA:14,1
DA:16,1
DA:17,1
DA:19,1
DA:35,1
DA:39,1
DA:40,1
DA:41,1
LF:15
LH:15
BRDA:6,0,0,1
BRDA:6,0,1,0
BRDA:8,1,0,0
BRDA:8,1,1,1
BRDA:10,2,0,1
BRDA:10,2,1,0
BRDA:10,3,0,1
BRDA:10,3,1,1
BRDA:13,4,0,0
BRDA:13,4,1,1
BRDA:14,5,0,0
BRDA:14,5,1,1
BRDA:27,6,0,1
BRDA:27,6,1,0
BRDA:28,7,0,1
BRDA:28,7,1,0
BRDA:30,8,0,1
BRDA:30,8,1,0
BRDA:39,9,0,0
BRDA:39,9,1,1
BRDA:40,10,0,1
BRDA:40,10,1,0
BRDA:40,11,0,1
BRDA:40,11,1,1
BRDA:45,12,0,1
BRDA:45,12,1,0
BRDA:46,13,0,1
BRDA:46,13,1,0
BRDA:48,14,0,1
BRDA:48,14,1,0
BRF:30
BRH:17
end_of_record
TN:
SF:resolvers\createGoal.js
FN:5,request
FN:35,response
FNF:2
FNH:2
FNDA:1,request
FNDA:1,response
DA:6,1
DA:7,1
DA:8,1
DA:10,1
DA:11,1
DA:12,1
DA:14,1
DA:15,1
DA:16,1
DA:32,1
DA:36,1
DA:37,1
DA:38,1
LF:13
LH:13
BRDA:6,0,0,1
BRDA:6,0,1,0
BRDA:8,1,0,0
BRDA:8,1,1,1
BRDA:10,2,0,1
BRDA:10,2,1,0
BRDA:10,3,0,1
BRDA:10,3,1,1
BRDA:12,4,0,0
BRDA:12,4,1,1
BRDA:23,5,0,1
BRDA:23,5,1,0
BRDA:24,6,0,1
BRDA:24,6,1,0
BRDA:36,7,0,0
BRDA:36,7,1,1
BRDA:37,8,0,1
BRDA:37,8,1,0
BRDA:37,9,0,1
BRDA:37,9,1,1
BRDA:43,10,0,1
BRDA:43,10,1,0
BRF:22
BRH:13
end_of_record
TN:
SF:resolvers\isEmailAvailable.js
FN:4,request
FN:30,response
FNF:2
FNH:2
FNDA:1,request
FNDA:2,response
DA:5,1
DA:6,1
DA:7,1
DA:8,1
DA:9,1
DA:10,1
DA:11,0
DA:13,1
DA:15,1
DA:16,1
DA:31,2
DA:32,2
DA:34,2
LF:13
LH:12
BRDA:5,0,0,1
BRDA:5,0,1,0
BRDA:5,1,0,1
BRDA:5,1,1,1
BRDA:7,2,0,0
BRDA:7,2,1,1
BRDA:10,3,0,0
BRDA:10,3,1,1
BRDA:10,4,0,1
BRDA:10,4,1,1
BRDA:10,4,2,1
BRDA:31,5,0,0
BRDA:31,5,1,2
BRDA:32,6,0,2
BRDA:32,6,1,0
BRDA:32,7,0,2
BRDA:32,7,1,2
BRF:17
BRH:12
end_of_record
TN:
SF:resolvers\isNicknameAvailable.js
FN:4,request
FN:24,response
FNF:2
FNH:2
FNDA:1,request
FNDA:2,response
DA:5,1
DA:6,1
DA:7,1
DA:9,1
DA:10,1
DA:25,2
DA:26,2
DA:28,2
LF:8
LH:8
BRDA:5,0,0,1
BRDA:5,0,1,0
BRDA:5,1,0,1
BRDA:5,1,1,1
BRDA:7,2,0,0
BRDA:7,2,1,1
BRDA:25,3,0,0
BRDA:25,3,1,2
BRDA:26,4,0,2
BRDA:26,4,1,0
BRDA:26,5,0,2
BRDA:26,5,1,2
BRF:12
BRH:8
end_of_record
TN:
SF:resolvers\onMessage.subscribe.js
FN:4,request
FN:12,response
FNF:2
FNH:2
FNDA:1,request
FNDA:1,response
DA:5,1
DA:6,1
DA:9,1
DA:13,1
LF:4
LH:4
BRDA:5,0,0,1
BRDA:5,0,1,0
BRDA:6,1,0,0
BRDA:6,1,1,1
BRDA:9,2,0,1
BRDA:9,2,1,0
BRDA:9,3,0,1
BRDA:9,3,1,1
BRF:8
BRH:5
end_of_record
TN:
SF:resolvers\sendMessage.js
FN:5,request
FN:33,response
FNF:2
FNH:2
FNDA:1,request
FNDA:1,response
DA:6,1
DA:7,1
DA:8,1
DA:10,1
DA:11,1
DA:12,1
DA:13,1
DA:14,1
DA:16,1
DA:17,1
DA:19,1
DA:30,1
DA:34,1
DA:35,1
DA:36,1
LF:15
LH:15
BRDA:6,0,0,1
BRDA:6,0,1,0
BRDA:8,1,0,0
BRDA:8,1,1,1
BRDA:10,2,0,1
BRDA:10,2,1,0
BRDA:13,3,0,0
BRDA:13,3,1,1
BRDA:14,4,0,0
BRDA:14,4,1,1
BRDA:34,5,0,0
BRDA:34,5,1,1
BRDA:35,6,0,1
BRDA:35,6,1,0
BRDA:35,7,0,1
BRDA:35,7,1,1
BRF:16
BRH:9
end_of_record
TN:
SF:test\mocks\appsync-utils-dynamodb.js
FN:1,put
FNF:1
FNH:1
FNDA:3,put
DA:2,3
LF:1
LH:1
BRF:0
BRH:0
end_of_record
TN:
SF:test\mocks\appsync-utils.js
FN:2,(anonymous_0)
FN:7,(anonymous_1)
FN:13,(anonymous_2)
FN:14,(anonymous_3)
FN:16,(anonymous_4)
FN:18,(anonymous_5)
FNF:6
FNH:3
FNDA:0,(anonymous_0)
FNDA:0,(anonymous_1)
FNDA:3,(anonymous_2)
FNDA:0,(anonymous_3)
FNDA:3,(anonymous_4)
FNDA:2,(anonymous_5)
DA:1,6
DA:3,0
DA:4,0
DA:5,0
DA:8,0
DA:9,0
DA:10,0
DA:13,3
DA:14,0
DA:16,3
DA:18,2
LF:11
LH:4
BRDA:2,0,0,0
BRF:1
BRH:0
end_of_record
